<?xml version="1.0" encoding="UTF-8"?>
<testsuites>
  <testsuite name="rdata" timestamp="2023-03-17T21:48:22Z" hostname="632ad1e52731" tests="97" skipped="0" failures="0" errors="1" time="40.044">
    <testcase time="0.693" classname="rdata" name="r_data_functions_work"/>
    <testcase time="0.371" classname="rdata" name="r_data_functions_work"/>
    <testcase time="0.497" classname="rdata" name="r_data_functions_work"/>
    <testcase time="0.242" classname="rdata" name="r_data_functions_work"/>
    <testcase time="0.12" classname="rdata" name="r_data_functions_work">
      <error type="error" message="&lt;dplyr:::mutate_error/rlang_error/error/condition&gt; ('test-rdata.R:6')">&lt;dplyr:::mutate_error/rlang_error/error/condition&gt;
Error in `dplyr::mutate(., ASTDTM = as.POSIXct((sample(.data$trtsdt_int:.data$trtedt_int, 
    size = 1) * 86400), origin = "1970-01-01"))`: ℹ In argument: `ASTDTM = as.POSIXct(...)`.
Caused by error in `.data$trtsdt_int:.data$trtedt_int`:
! argument of length 0
Backtrace:
  1. testthat::expect_silent(raddv(adsl))
       at test-rdata.R:6:2
 24. base::sample(.data$trtsdt_int:.data$trtedt_int, size = 1)</error>
    </testcase>
    <testcase time="0.04" classname="rdata" name="r_data_with_cached_TRUE"/>
    <testcase time="0.0150000000000001" classname="rdata" name="r_data_with_cached_TRUE"/>
    <testcase time="0.00999999999999979" classname="rdata" name="r_data_with_cached_TRUE"/>
    <testcase time="0.012" classname="rdata" name="r_data_with_cached_TRUE"/>
    <testcase time="0.00200000000000022" classname="rdata" name="r_data_with_cached_TRUE"/>
    <testcase time="0.0419999999999998" classname="rdata" name="r_data_with_cached_TRUE"/>
    <testcase time="0.0249999999999999" classname="rdata" name="r_data_with_cached_TRUE"/>
    <testcase time="0.0369999999999999" classname="rdata" name="r_data_with_cached_TRUE"/>
    <testcase time="0.0410000000000004" classname="rdata" name="r_data_with_cached_TRUE"/>
    <testcase time="0.00699999999999967" classname="rdata" name="r_data_with_cached_TRUE"/>
    <testcase time="0.00300000000000011" classname="rdata" name="r_data_with_cached_TRUE"/>
    <testcase time="0.00200000000000022" classname="rdata" name="r_data_with_cached_TRUE"/>
    <testcase time="0.219" classname="rdata" name="r_data_with_cached_TRUE"/>
    <testcase time="0.032" classname="rdata" name="r_data_with_cached_TRUE"/>
    <testcase time="0.00999999999999979" classname="rdata" name="r_data_with_cached_TRUE"/>
    <testcase time="0.00800000000000001" classname="rdata" name="r_data_with_cached_TRUE"/>
    <testcase time="0.0100000000000002" classname="rdata" name="r_data_with_cached_TRUE"/>
    <testcase time="0.00800000000000001" classname="rdata" name="r_data_with_cached_TRUE"/>
    <testcase time="0.0449999999999999" classname="rdata" name="r_data_with_cached_TRUE"/>
    <testcase time="0.661" classname="rdata" name="seed_works"/>
    <testcase time="0.637" classname="rdata" name="metadata_matches_radsl"/>
    <testcase time="0.75" classname="rdata" name="metadata_matches_radab"/>
    <testcase time="0.032" classname="rdata" name="metadata_matches_radab"/>
    <testcase time="0.077" classname="rdata" name="metadata_matches_radab"/>
    <testcase time="0.0300000000000002" classname="rdata" name="metadata_matches_radab"/>
    <testcase time="0.0430000000000001" classname="rdata" name="metadata_matches_radab"/>
    <testcase time="0.056" classname="rdata" name="metadata_matches_radab"/>
    <testcase time="0.0279999999999996" classname="rdata" name="metadata_matches_radab"/>
    <testcase time="0.0280000000000005" classname="rdata" name="metadata_matches_radab"/>
    <testcase time="0.032" classname="rdata" name="metadata_matches_radab"/>
    <testcase time="0.0279999999999996" classname="rdata" name="metadata_matches_radab"/>
    <testcase time="0.0330000000000004" classname="rdata" name="metadata_matches_radab"/>
    <testcase time="0.0279999999999996" classname="rdata" name="metadata_matches_radab"/>
    <testcase time="0.0280000000000005" classname="rdata" name="metadata_matches_radab"/>
    <testcase time="0.0319999999999991" classname="rdata" name="metadata_matches_radab"/>
    <testcase time="0.119000000000001" classname="rdata" name="metadata_matches_radab"/>
    <testcase time="0.032" classname="rdata" name="metadata_matches_radab"/>
    <testcase time="0.0279999999999996" classname="rdata" name="metadata_matches_radab"/>
    <testcase time="0.0330000000000004" classname="rdata" name="metadata_matches_radab"/>
    <testcase time="0.0279999999999996" classname="rdata" name="metadata_matches_radab"/>
    <testcase time="0.0289999999999999" classname="rdata" name="metadata_matches_radab"/>
    <testcase time="0.0310000000000006" classname="rdata" name="metadata_matches_radab"/>
    <testcase time="0.0280000000000005" classname="rdata" name="metadata_matches_radab"/>
    <testcase time="0.0309999999999997" classname="rdata" name="metadata_matches_radab"/>
    <testcase time="0.0280000000000005" classname="rdata" name="metadata_matches_radab"/>
    <testcase time="0.22" classname="rdata" name="metadata_matches_radab"/>
    <testcase time="1.04" classname="rdata" name="metadata_matches_radae"/>
    <testcase time="1.108" classname="rdata" name="metadata_matches_radaette"/>
    <testcase time="0.881" classname="rdata" name="metadata_matches_radcm"/>
    <testcase time="0.767999999999999" classname="rdata" name="metadata_matches_raddv"/>
    <testcase time="3.157" classname="rdata" name="metadata_matches_radeg"/>
    <testcase time="4.424" classname="rdata" name="metadata_matches_radex"/>
    <testcase time="0.870999999999999" classname="rdata" name="metadata_matches_radhy"/>
    <testcase time="2.109" classname="rdata" name="metadata_matches_radlb"/>
    <testcase time="0.878" classname="rdata" name="metadata_matches_radmh"/>
    <testcase time="0.762" classname="rdata" name="metadata_matches_radpc"/>
    <testcase time="0.699000000000002" classname="rdata" name="metadata_matches_radpp"/>
    <testcase time="1.021" classname="rdata" name="metadata_matches_radqlqc"/>
    <testcase time="0.032" classname="rdata" name="metadata_matches_radqlqc"/>
    <testcase time="0.103000000000002" classname="rdata" name="metadata_matches_radqlqc"/>
    <testcase time="0.277000000000001" classname="rdata" name="metadata_matches_radqlqc"/>
    <testcase time="0.0279999999999987" classname="rdata" name="metadata_matches_radqlqc"/>
    <testcase time="0.0280000000000022" classname="rdata" name="metadata_matches_radqlqc"/>
    <testcase time="0.0319999999999965" classname="rdata" name="metadata_matches_radqlqc"/>
    <testcase time="0.027000000000001" classname="rdata" name="metadata_matches_radqlqc"/>
    <testcase time="0.0280000000000022" classname="rdata" name="metadata_matches_radqlqc"/>
    <testcase time="0.032" classname="rdata" name="metadata_matches_radqlqc"/>
    <testcase time="0.0279999999999987" classname="rdata" name="metadata_matches_radqlqc"/>
    <testcase time="0.027000000000001" classname="rdata" name="metadata_matches_radqlqc"/>
    <testcase time="0.0279999999999987" classname="rdata" name="metadata_matches_radqlqc"/>
    <testcase time="0.032" classname="rdata" name="metadata_matches_radqlqc"/>
    <testcase time="0.0489999999999995" classname="rdata" name="metadata_matches_radqlqc"/>
    <testcase time="0.0280000000000022" classname="rdata" name="metadata_matches_radqlqc"/>
    <testcase time="1.794" classname="rdata" name="metadata_matches_radqlqc"/>
    <testcase time="0.083000000000002" classname="rdata" name="metadata_matches_radqlqc"/>
    <testcase time="0.0289999999999999" classname="rdata" name="metadata_matches_radqlqc"/>
    <testcase time="0.0339999999999989" classname="rdata" name="metadata_matches_radqlqc"/>
    <testcase time="0.0280000000000022" classname="rdata" name="metadata_matches_radqlqc"/>
    <testcase time="0.0279999999999987" classname="rdata" name="metadata_matches_radqlqc"/>
    <testcase time="0.0289999999999999" classname="rdata" name="metadata_matches_radqlqc"/>
    <testcase time="0.041999999999998" classname="rdata" name="metadata_matches_radqlqc"/>
    <testcase time="0.0280000000000022" classname="rdata" name="metadata_matches_radqlqc"/>
    <testcase time="0.277999999999999" classname="rdata" name="metadata_matches_radqlqc"/>
    <testcase time="1.217" classname="rdata" name="metadata_matches_radqs"/>
    <testcase time="0.977" classname="rdata" name="metadata_matches_radrs"/>
    <testcase time="1.021" classname="rdata" name="metadata_matches_radsub"/>
    <testcase time="1.342" classname="rdata" name="metadata_matches_radtr"/>
    <testcase time="1.124" classname="rdata" name="metadata_matches_radtte"/>
    <testcase time="1.47000000000001" classname="rdata" name="metadata_matches_radvs"/>
    <testcase time="1.251" classname="rdata" name="radsl_works_with_large_N"/>
    <testcase time="0.00900000000000034" classname="rdata" name="radsl_has_no_LSTALVDT_greater_than_DTHDT"/>
    <testcase time="5.142" classname="rdata" name="radcm_works_with_who_coding_TRUE"/>
  </testsuite>
  <testsuite name="utils" timestamp="2023-03-17T21:49:02Z" hostname="632ad1e52731" tests="21" skipped="0" failures="0" errors="0" time="0.847">
    <testcase time="0.0289999999999964" classname="utils" name="get_cached_data_returns_correct_error_message"/>
    <testcase time="0.007000000000005" classname="utils" name="sample_fct_works_as_expected"/>
    <testcase time="0.00300000000000011" classname="utils" name="relvar_init_works_as_expected"/>
    <testcase time="0.00600000000000023" classname="utils" name="relvar_init_returns_correct_error_message"/>
    <testcase time="0.00300000000000011" classname="utils" name="rel_var_works_as_expected"/>
    <testcase time="0.00199999999999534" classname="utils" name="rel_var_works_as_expected"/>
    <testcase time="0.00300000000000011" classname="utils" name="visit_schedule_works_with_WEEK_visit_format"/>
    <testcase time="0.00300000000000011" classname="utils" name="visit_schedule_works_with_CycLe_visit_format"/>
    <testcase time="0.699000000000005" classname="utils" name="retain_works_as_expected"/>
    <testcase time="0.00299999999999301" classname="utils" name="var_relabel_works_as_expected"/>
    <testcase time="0.00600000000000023" classname="utils" name="var_relabel_returns_correct_error_message"/>
    <testcase time="0.00200000000000244" classname="utils" name="replace_na_works_as_expected"/>
    <testcase time="0.000999999999997669" classname="utils" name="replace_na_works_as_expected"/>
    <testcase time="0.0680000000000049" classname="utils" name="mutate_na_works_as_expected"/>
    <testcase time="0.000999999999997669" classname="utils" name="mutate_na_works_as_expected"/>
    <testcase time="0.00200000000000244" classname="utils" name="mutate_na_works_as_expected"/>
    <testcase time="0.000999999999997669" classname="utils" name="mutate_na_works_as_expected"/>
    <testcase time="0.00200000000000244" classname="utils" name="rtpois_works_as_expected"/>
    <testcase time="0.00300000000000011" classname="utils" name="rtexp_works_as_expected"/>
    <testcase time="0.000999999999997669" classname="utils" name="rtexp_works_as_expected"/>
    <testcase time="0.00200000000000244" classname="utils" name="rtexp_works_as_expected"/>
  </testsuite>
</testsuites>
