<?xml version="1.0" encoding="UTF-8"?>
<testsuites>
  <testsuite name="metadata" timestamp="2023-09-04T15:23:26Z" hostname="ba716a5cfc36" tests="20" skipped="0" failures="0" errors="0" time="11.498">
    <testcase time="0.428" classname="metadata" name="metadata_matches_radsl"/>
    <testcase time="0.429" classname="metadata" name="metadata_matches_radab"/>
    <testcase time="0.491" classname="metadata" name="metadata_matches_radae"/>
    <testcase time="0.5" classname="metadata" name="metadata_matches_radaette"/>
    <testcase time="0.381" classname="metadata" name="metadata_matches_radcm"/>
    <testcase time="0.29" classname="metadata" name="metadata_matches_raddv"/>
    <testcase time="0.885" classname="metadata" name="metadata_matches_radeg"/>
    <testcase time="0.846" classname="metadata" name="metadata_matches_radex"/>
    <testcase time="0.352" classname="metadata" name="metadata_matches_radhy"/>
    <testcase time="0.83" classname="metadata" name="metadata_matches_radlb"/>
    <testcase time="0.396" classname="metadata" name="metadata_matches_radmh"/>
    <testcase time="0.266" classname="metadata" name="metadata_matches_radpc"/>
    <testcase time="0.244" classname="metadata" name="metadata_matches_radpp"/>
    <testcase time="2.132" classname="metadata" name="metadata_matches_radqlqc"/>
    <testcase time="0.609999999999999" classname="metadata" name="metadata_matches_radqs"/>
    <testcase time="0.452" classname="metadata" name="metadata_matches_radrs"/>
    <testcase time="0.285" classname="metadata" name="metadata_matches_radsub"/>
    <testcase time="0.583" classname="metadata" name="metadata_matches_radtr"/>
    <testcase time="0.41" classname="metadata" name="metadata_matches_radtte"/>
    <testcase time="0.687999999999999" classname="metadata" name="metadata_matches_radvs"/>
  </testsuite>
  <testsuite name="rdata" timestamp="2023-09-04T15:23:38Z" hostname="ba716a5cfc36" tests="44" skipped="0" failures="0" errors="0" time="13.816">
    <testcase time="0.148000000000001" classname="rdata" name="r_data_functions_work"/>
    <testcase time="0.271000000000001" classname="rdata" name="r_data_functions_work"/>
    <testcase time="0.279" classname="rdata" name="r_data_functions_work"/>
    <testcase time="0.17" classname="rdata" name="r_data_functions_work"/>
    <testcase time="0.0809999999999995" classname="rdata" name="r_data_functions_work"/>
    <testcase time="0.683999999999999" classname="rdata" name="r_data_functions_work"/>
    <testcase time="0.638" classname="rdata" name="r_data_functions_work"/>
    <testcase time="0.145000000000001" classname="rdata" name="r_data_functions_work"/>
    <testcase time="0.638999999999999" classname="rdata" name="r_data_functions_work"/>
    <testcase time="0.189" classname="rdata" name="r_data_functions_work"/>
    <testcase time="0.0489999999999995" classname="rdata" name="r_data_functions_work"/>
    <testcase time="0.117000000000001" classname="rdata" name="r_data_functions_work"/>
    <testcase time="0.0299999999999994" classname="rdata" name="r_data_functions_work"/>
    <testcase time="1.992" classname="rdata" name="r_data_functions_work"/>
    <testcase time="0.422999999999998" classname="rdata" name="r_data_functions_work"/>
    <testcase time="0.208000000000002" classname="rdata" name="r_data_functions_work"/>
    <testcase time="0.294999999999998" classname="rdata" name="r_data_functions_work"/>
    <testcase time="0.0660000000000025" classname="rdata" name="r_data_functions_work"/>
    <testcase time="0.317" classname="rdata" name="r_data_functions_work"/>
    <testcase time="0.282999999999998" classname="rdata" name="r_data_functions_work"/>
    <testcase time="0.568000000000001" classname="rdata" name="r_data_functions_work"/>
    <testcase time="0.0120000000000005" classname="rdata" name="r_data_with_cached_TRUE"/>
    <testcase time="0.0069999999999979" classname="rdata" name="r_data_with_cached_TRUE"/>
    <testcase time="0.0100000000000016" classname="rdata" name="r_data_with_cached_TRUE"/>
    <testcase time="0.00999999999999801" classname="rdata" name="r_data_with_cached_TRUE"/>
    <testcase time="0.00300000000000011" classname="rdata" name="r_data_with_cached_TRUE"/>
    <testcase time="0.0350000000000001" classname="rdata" name="r_data_with_cached_TRUE"/>
    <testcase time="0.0190000000000019" classname="rdata" name="r_data_with_cached_TRUE"/>
    <testcase time="0.0380000000000003" classname="rdata" name="r_data_with_cached_TRUE"/>
    <testcase time="0.0269999999999975" classname="rdata" name="r_data_with_cached_TRUE"/>
    <testcase time="0.00600000000000023" classname="rdata" name="r_data_with_cached_TRUE"/>
    <testcase time="0.0180000000000007" classname="rdata" name="r_data_with_cached_TRUE"/>
    <testcase time="0.00199999999999889" classname="rdata" name="r_data_with_cached_TRUE"/>
    <testcase time="0.137" classname="rdata" name="r_data_with_cached_TRUE"/>
    <testcase time="0.0289999999999999" classname="rdata" name="r_data_with_cached_TRUE"/>
    <testcase time="0.00900000000000034" classname="rdata" name="r_data_with_cached_TRUE"/>
    <testcase time="0.00799999999999912" classname="rdata" name="r_data_with_cached_TRUE"/>
    <testcase time="0.0109999999999992" classname="rdata" name="r_data_with_cached_TRUE"/>
    <testcase time="0.00800000000000267" classname="rdata" name="r_data_with_cached_TRUE"/>
    <testcase time="0.0429999999999993" classname="rdata" name="r_data_with_cached_TRUE"/>
    <testcase time="0.207999999999998" classname="rdata" name="seed_works"/>
    <testcase time="1.516" classname="rdata" name="radsl_works_with_large_N"/>
    <testcase time="0.0109999999999992" classname="rdata" name="radsl_has_no_LSTALVDT_greater_than_DTHDT"/>
    <testcase time="4.057" classname="rdata" name="radcm_works_with_who_coding_TRUE"/>
  </testsuite>
  <testsuite name="row_values" timestamp="2023-09-04T15:23:52Z" hostname="ba716a5cfc36" tests="21" skipped="21" failures="0" errors="0" time="10.995">
    <testcase time="0.492000000000001" classname="row_values" name="radsl_produces_expected_values">
      <skipped message="Reason: On CRAN ('test-row_values.R:9:3')"/>
    </testcase>
    <testcase time="0.469000000000001" classname="row_values" name="radae_produces_expected_values">
      <skipped message="Reason: On CRAN ('test-row_values.R:19:3')"/>
    </testcase>
    <testcase time="0.434999999999999" classname="row_values" name="radaette_produces_expected_values">
      <skipped message="Reason: On CRAN ('test-row_values.R:29:3')"/>
    </testcase>
    <testcase time="0.336000000000002" classname="row_values" name="radcm_produces_expected_values">
      <skipped message="Reason: On CRAN ('test-row_values.R:39:3')"/>
    </testcase>
    <testcase time="0.218999999999998" classname="row_values" name="raddv_produces_expected_values">
      <skipped message="Reason: On CRAN ('test-row_values.R:49:3')"/>
    </testcase>
    <testcase time="0.891000000000002" classname="row_values" name="radeg_produces_expected_values">
      <skipped message="Reason: On CRAN ('test-row_values.R:59:3')"/>
    </testcase>
    <testcase time="0.826999999999998" classname="row_values" name="radex_produces_expected_values">
      <skipped message="Reason: On CRAN ('test-row_values.R:69:3')"/>
    </testcase>
    <testcase time="0.331" classname="row_values" name="radhy_produces_expected_values">
      <skipped message="Reason: On CRAN ('test-row_values.R:79:3')"/>
    </testcase>
    <testcase time="0.851000000000003" classname="row_values" name="radlb_produces_expected_values">
      <skipped message="Reason: On CRAN ('test-row_values.R:89:3')"/>
    </testcase>
    <testcase time="0.402999999999999" classname="row_values" name="radmh_produces_expected_values">
      <skipped message="Reason: On CRAN ('test-row_values.R:99:3')"/>
    </testcase>
    <testcase time="0.167000000000002" classname="row_values" name="radpc_produces_expected_values">
      <skipped message="Reason: On CRAN ('test-row_values.R:107:3')"/>
    </testcase>
    <testcase time="0.169999999999998" classname="row_values" name="radab_produces_expected_values">
      <skipped message="Reason: On CRAN ('test-row_values.R:117:3')"/>
    </testcase>
    <testcase time="0.0590000000000011" classname="row_values" name="radpp_produces_expected_values">
      <skipped message="Reason: On CRAN ('test-row_values.R:127:3')"/>
    </testcase>
    <testcase time="2.233" classname="row_values" name="radqlqc_produces_expected_values">
      <skipped message="Reason: On CRAN ('test-row_values.R:137:3')"/>
    </testcase>
    <testcase time="0.600000000000001" classname="row_values" name="radqs_produces_expected_values">
      <skipped message="Reason: On CRAN ('test-row_values.R:147:3')"/>
    </testcase>
    <testcase time="0.351999999999997" classname="row_values" name="radrs_produces_expected_values">
      <skipped message="Reason: On CRAN ('test-row_values.R:157:3')"/>
    </testcase>
    <testcase time="0.432000000000002" classname="row_values" name="radsaftte_produces_expected_values">
      <skipped message="Reason: On CRAN ('test-row_values.R:167:3')"/>
    </testcase>
    <testcase time="0.202999999999996" classname="row_values" name="radsub_produces_expected_values">
      <skipped message="Reason: On CRAN ('test-row_values.R:177:3')"/>
    </testcase>
    <testcase time="0.309000000000005" classname="row_values" name="radtr_produces_expected_values">
      <skipped message="Reason: On CRAN ('test-row_values.R:187:3')"/>
    </testcase>
    <testcase time="0.417000000000002" classname="row_values" name="radtte_produces_expected_values">
      <skipped message="Reason: On CRAN ('test-row_values.R:197:3')"/>
    </testcase>
    <testcase time="0.798999999999999" classname="row_values" name="radvs_produces_expected_values">
      <skipped message="Reason: On CRAN ('test-row_values.R:207:3')"/>
    </testcase>
  </testsuite>
  <testsuite name="utils" timestamp="2023-09-04T15:24:03Z" hostname="ba716a5cfc36" tests="21" skipped="0" failures="0" errors="0" time="0.339">
    <testcase time="0.0439999999999969" classname="utils" name="get_cached_data_returns_correct_error_message"/>
    <testcase time="0.0129999999999981" classname="utils" name="sample_fct_works_as_expected"/>
    <testcase time="0.00900000000000034" classname="utils" name="relvar_init_works_as_expected"/>
    <testcase time="0.0100000000000051" classname="utils" name="relvar_init_returns_correct_error_message"/>
    <testcase time="0.00899999999999324" classname="utils" name="rel_var_works_as_expected"/>
    <testcase time="0.00500000000000256" classname="utils" name="rel_var_works_as_expected"/>
    <testcase time="0.00900000000000034" classname="utils" name="visit_schedule_works_with_WEEK_visit_format"/>
    <testcase time="0.00900000000000034" classname="utils" name="visit_schedule_works_with_CycLe_visit_format"/>
    <testcase time="0.142000000000003" classname="utils" name="retain_works_as_expected"/>
    <testcase time="0.00900000000000034" classname="utils" name="var_relabel_works_as_expected"/>
    <testcase time="0.00999999999999801" classname="utils" name="var_relabel_returns_correct_error_message"/>
    <testcase time="0.00900000000000034" classname="utils" name="replace_na_works_as_expected"/>
    <testcase time="0.00300000000000011" classname="utils" name="replace_na_works_as_expected"/>
    <testcase time="0.0210000000000008" classname="utils" name="mutate_na_works_as_expected"/>
    <testcase time="0.00300000000000011" classname="utils" name="mutate_na_works_as_expected"/>
    <testcase time="0.00399999999999778" classname="utils" name="mutate_na_works_as_expected"/>
    <testcase time="0.00300000000000011" classname="utils" name="mutate_na_works_as_expected"/>
    <testcase time="0.00900000000000034" classname="utils" name="rtpois_works_as_expected"/>
    <testcase time="0.00999999999999801" classname="utils" name="rtexp_works_as_expected"/>
    <testcase time="0.00399999999999778" classname="utils" name="rtexp_works_as_expected"/>
    <testcase time="0.00400000000000489" classname="utils" name="rtexp_works_as_expected"/>
  </testsuite>
</testsuites>
