<?xml version="1.0" encoding="UTF-8"?>
<testsuites>
  <testsuite name="metadata" timestamp="2023-05-12T01:07:19Z" hostname="261a00aac5da" tests="21" skipped="0" failures="0" errors="1" time="10.607">
    <testcase time="0.388" classname="metadata" name="metadata_matches_radsl"/>
    <testcase time="0.397" classname="metadata" name="metadata_matches_radab"/>
    <testcase time="0.0069999999999999" classname="metadata" name="metadata_matches_radab">
      <error type="error" message="Error in `vapply(df, function(x) attributes(x)[[&quot;label&quot;]], character(1))`: values must be length 1, ('test-metadata.R:28:3')">Error in `vapply(df, function(x) attributes(x)[["label"]], character(1))`: values must be length 1,
 but FUN(X[[22]]) result is length 0
Backtrace:
 1. base::vapply(df, function(x) attributes(x)[["label"]], character(1))
      at test-metadata.R:28:2</error>
    </testcase>
    <testcase time="0.494" classname="metadata" name="metadata_matches_radae"/>
    <testcase time="0.452" classname="metadata" name="metadata_matches_radaette"/>
    <testcase time="0.345" classname="metadata" name="metadata_matches_radcm"/>
    <testcase time="0.265" classname="metadata" name="metadata_matches_raddv"/>
    <testcase time="0.832" classname="metadata" name="metadata_matches_radeg"/>
    <testcase time="0.807" classname="metadata" name="metadata_matches_radex"/>
    <testcase time="0.327999999999999" classname="metadata" name="metadata_matches_radhy"/>
    <testcase time="0.772" classname="metadata" name="metadata_matches_radlb"/>
    <testcase time="0.361" classname="metadata" name="metadata_matches_radmh"/>
    <testcase time="0.238" classname="metadata" name="metadata_matches_radpc"/>
    <testcase time="0.224" classname="metadata" name="metadata_matches_radpp"/>
    <testcase time="2.001" classname="metadata" name="metadata_matches_radqlqc"/>
    <testcase time="0.586" classname="metadata" name="metadata_matches_radqs"/>
    <testcase time="0.470000000000001" classname="metadata" name="metadata_matches_radrs"/>
    <testcase time="0.194999999999999" classname="metadata" name="metadata_matches_radsub"/>
    <testcase time="0.398000000000001" classname="metadata" name="metadata_matches_radtr"/>
    <testcase time="0.388" classname="metadata" name="metadata_matches_radtte"/>
    <testcase time="0.658999999999999" classname="metadata" name="metadata_matches_radvs"/>
  </testsuite>
  <testsuite name="rdata" timestamp="2023-05-12T01:07:29Z" hostname="261a00aac5da" tests="44" skipped="0" failures="1" errors="0" time="13.257">
    <testcase time="0.146000000000001" classname="rdata" name="r_data_functions_work"/>
    <testcase time="0.263" classname="rdata" name="r_data_functions_work"/>
    <testcase time="0.265000000000001" classname="rdata" name="r_data_functions_work"/>
    <testcase time="0.155999999999999" classname="rdata" name="r_data_functions_work"/>
    <testcase time="0.0780000000000012" classname="rdata" name="r_data_functions_work"/>
    <testcase time="0.648" classname="rdata" name="r_data_functions_work"/>
    <testcase time="0.616999999999999" classname="rdata" name="r_data_functions_work"/>
    <testcase time="0.140000000000001" classname="rdata" name="r_data_functions_work"/>
    <testcase time="0.602" classname="rdata" name="r_data_functions_work"/>
    <testcase time="0.18" classname="rdata" name="r_data_functions_work"/>
    <testcase time="0.0419999999999998" classname="rdata" name="r_data_functions_work"/>
    <testcase time="0.123000000000001" classname="rdata" name="r_data_functions_work">
      <failure type="failure" message="`radab(adsl, adpc, seed = 1)` produced warnings. ('test-rdata.R:13:3')">`radab(adsl, adpc, seed = 1)` produced warnings.</failure>
    </testcase>
    <testcase time="0.0449999999999999" classname="rdata" name="r_data_functions_work"/>
    <testcase time="1.918" classname="rdata" name="r_data_functions_work"/>
    <testcase time="0.409000000000002" classname="rdata" name="r_data_functions_work"/>
    <testcase time="0.192" classname="rdata" name="r_data_functions_work"/>
    <testcase time="0.274999999999999" classname="rdata" name="r_data_functions_work"/>
    <testcase time="0.0640000000000001" classname="rdata" name="r_data_functions_work"/>
    <testcase time="0.276" classname="rdata" name="r_data_functions_work"/>
    <testcase time="0.265000000000001" classname="rdata" name="r_data_functions_work"/>
    <testcase time="0.547000000000001" classname="rdata" name="r_data_functions_work"/>
    <testcase time="0.0169999999999995" classname="rdata" name="r_data_with_cached_TRUE"/>
    <testcase time="0.00700000000000145" classname="rdata" name="r_data_with_cached_TRUE"/>
    <testcase time="0.00900000000000034" classname="rdata" name="r_data_with_cached_TRUE"/>
    <testcase time="0.0109999999999992" classname="rdata" name="r_data_with_cached_TRUE"/>
    <testcase time="0.00199999999999889" classname="rdata" name="r_data_with_cached_TRUE"/>
    <testcase time="0.0370000000000026" classname="rdata" name="r_data_with_cached_TRUE"/>
    <testcase time="0.0189999999999984" classname="rdata" name="r_data_with_cached_TRUE"/>
    <testcase time="0.0380000000000003" classname="rdata" name="r_data_with_cached_TRUE"/>
    <testcase time="0.027000000000001" classname="rdata" name="r_data_with_cached_TRUE"/>
    <testcase time="0.00600000000000023" classname="rdata" name="r_data_with_cached_TRUE"/>
    <testcase time="0.00199999999999889" classname="rdata" name="r_data_with_cached_TRUE"/>
    <testcase time="0.00199999999999889" classname="rdata" name="r_data_with_cached_TRUE"/>
    <testcase time="0.138999999999999" classname="rdata" name="r_data_with_cached_TRUE"/>
    <testcase time="0.0300000000000011" classname="rdata" name="r_data_with_cached_TRUE"/>
    <testcase time="0.00900000000000034" classname="rdata" name="r_data_with_cached_TRUE"/>
    <testcase time="0.0069999999999979" classname="rdata" name="r_data_with_cached_TRUE"/>
    <testcase time="0.0120000000000005" classname="rdata" name="r_data_with_cached_TRUE"/>
    <testcase time="0.00700000000000145" classname="rdata" name="r_data_with_cached_TRUE"/>
    <testcase time="0.041999999999998" classname="rdata" name="r_data_with_cached_TRUE"/>
    <testcase time="0.187000000000001" classname="rdata" name="seed_works"/>
    <testcase time="1.468" classname="rdata" name="radsl_works_with_large_N"/>
    <testcase time="0.00900000000000034" classname="rdata" name="radsl_has_no_LSTALVDT_greater_than_DTHDT"/>
    <testcase time="3.919" classname="rdata" name="radcm_works_with_who_coding_TRUE"/>
  </testsuite>
  <testsuite name="row_values" timestamp="2023-05-12T01:07:43Z" hostname="261a00aac5da" tests="22" skipped="21" failures="0" errors="0" time="10.529">
    <testcase time="0.494" classname="row_values" name="radsl_produces_expected_values">
      <skipped message="Reason: On CRAN ('test-row_values.R:9:3')"/>
    </testcase>
    <testcase time="0.437000000000001" classname="row_values" name="radae_produces_expected_values">
      <skipped message="Reason: On CRAN ('test-row_values.R:19:3')"/>
    </testcase>
    <testcase time="0.416999999999998" classname="row_values" name="radaette_produces_expected_values">
      <skipped message="Reason: On CRAN ('test-row_values.R:29:3')"/>
    </testcase>
    <testcase time="0.315999999999999" classname="row_values" name="radcm_produces_expected_values">
      <skipped message="Reason: On CRAN ('test-row_values.R:39:3')"/>
    </testcase>
    <testcase time="0.203000000000003" classname="row_values" name="raddv_produces_expected_values">
      <skipped message="Reason: On CRAN ('test-row_values.R:49:3')"/>
    </testcase>
    <testcase time="0.858999999999998" classname="row_values" name="radeg_produces_expected_values">
      <skipped message="Reason: On CRAN ('test-row_values.R:59:3')"/>
    </testcase>
    <testcase time="0.803000000000001" classname="row_values" name="radex_produces_expected_values">
      <skipped message="Reason: On CRAN ('test-row_values.R:69:3')"/>
    </testcase>
    <testcase time="0.315000000000001" classname="row_values" name="radhy_produces_expected_values">
      <skipped message="Reason: On CRAN ('test-row_values.R:79:3')"/>
    </testcase>
    <testcase time="0.832999999999998" classname="row_values" name="radlb_produces_expected_values">
      <skipped message="Reason: On CRAN ('test-row_values.R:89:3')"/>
    </testcase>
    <testcase time="0.329999999999998" classname="row_values" name="radmh_produces_expected_values">
      <skipped message="Reason: On CRAN ('test-row_values.R:99:3')"/>
    </testcase>
    <testcase time="0.167000000000002" classname="row_values" name="radpc_produces_expected_values">
      <skipped message="Reason: On CRAN ('test-row_values.R:107:3')"/>
    </testcase>
    <testcase time="0.122" classname="row_values" name="radab_produces_expected_values"/>
    <testcase time="0.0650000000000013" classname="row_values" name="radab_produces_expected_values">
      <skipped message="Reason: On CRAN ('test-row_values.R:117:3')"/>
    </testcase>
    <testcase time="0.0519999999999996" classname="row_values" name="radpp_produces_expected_values">
      <skipped message="Reason: On CRAN ('test-row_values.R:127:3')"/>
    </testcase>
    <testcase time="2.159" classname="row_values" name="radqlqc_produces_expected_values">
      <skipped message="Reason: On CRAN ('test-row_values.R:137:3')"/>
    </testcase>
    <testcase time="0.564" classname="row_values" name="radqs_produces_expected_values">
      <skipped message="Reason: On CRAN ('test-row_values.R:147:3')"/>
    </testcase>
    <testcase time="0.316000000000003" classname="row_values" name="radrs_produces_expected_values">
      <skipped message="Reason: On CRAN ('test-row_values.R:157:3')"/>
    </testcase>
    <testcase time="0.407000000000004" classname="row_values" name="radsaftte_produces_expected_values">
      <skipped message="Reason: On CRAN ('test-row_values.R:167:3')"/>
    </testcase>
    <testcase time="0.203999999999994" classname="row_values" name="radsub_produces_expected_values">
      <skipped message="Reason: On CRAN ('test-row_values.R:177:3')"/>
    </testcase>
    <testcase time="0.304000000000002" classname="row_values" name="radtr_produces_expected_values">
      <skipped message="Reason: On CRAN ('test-row_values.R:187:3')"/>
    </testcase>
    <testcase time="0.399999999999999" classname="row_values" name="radtte_produces_expected_values">
      <skipped message="Reason: On CRAN ('test-row_values.R:197:3')"/>
    </testcase>
    <testcase time="0.762" classname="row_values" name="radvs_produces_expected_values">
      <skipped message="Reason: On CRAN ('test-row_values.R:207:3')"/>
    </testcase>
  </testsuite>
  <testsuite name="utils" timestamp="2023-05-12T01:07:53Z" hostname="261a00aac5da" tests="21" skipped="0" failures="0" errors="0" time="0.297">
    <testcase time="0.0429999999999993" classname="utils" name="get_cached_data_returns_correct_error_message"/>
    <testcase time="0.0120000000000005" classname="utils" name="sample_fct_works_as_expected"/>
    <testcase time="0.00600000000000023" classname="utils" name="relvar_init_works_as_expected"/>
    <testcase time="0.00800000000000267" classname="utils" name="relvar_init_returns_correct_error_message"/>
    <testcase time="0.0069999999999979" classname="utils" name="rel_var_works_as_expected"/>
    <testcase time="0.00400000000000489" classname="utils" name="rel_var_works_as_expected"/>
    <testcase time="0.0069999999999979" classname="utils" name="visit_schedule_works_with_WEEK_visit_format"/>
    <testcase time="0.0069999999999979" classname="utils" name="visit_schedule_works_with_CycLe_visit_format"/>
    <testcase time="0.137999999999998" classname="utils" name="retain_works_as_expected"/>
    <testcase time="0.00600000000000023" classname="utils" name="var_relabel_works_as_expected"/>
    <testcase time="0.00800000000000267" classname="utils" name="var_relabel_returns_correct_error_message"/>
    <testcase time="0.00600000000000023" classname="utils" name="replace_na_works_as_expected"/>
    <testcase time="0.00399999999999778" classname="utils" name="replace_na_works_as_expected"/>
    <testcase time="0.0100000000000051" classname="utils" name="mutate_na_works_as_expected"/>
    <testcase time="0.00300000000000011" classname="utils" name="mutate_na_works_as_expected"/>
    <testcase time="0.00399999999999778" classname="utils" name="mutate_na_works_as_expected"/>
    <testcase time="0.00300000000000011" classname="utils" name="mutate_na_works_as_expected"/>
    <testcase time="0.00600000000000023" classname="utils" name="rtpois_works_as_expected"/>
    <testcase time="0.0069999999999979" classname="utils" name="rtexp_works_as_expected"/>
    <testcase time="0.00399999999999778" classname="utils" name="rtexp_works_as_expected"/>
    <testcase time="0.00400000000000489" classname="utils" name="rtexp_works_as_expected"/>
  </testsuite>
</testsuites>
