<?xml version="1.0" encoding="UTF-8"?>
<testsuites>
  <testsuite name="rdata" timestamp="2023-03-15T22:32:07Z" hostname="c5d7c08b1d54" tests="113" skipped="0" failures="0" errors="0" time="53.177">
    <testcase time="0.699" classname="rdata" name="r_data_functions_work"/>
    <testcase time="0.338" classname="rdata" name="r_data_functions_work"/>
    <testcase time="0.481" classname="rdata" name="r_data_functions_work"/>
    <testcase time="0.233" classname="rdata" name="r_data_functions_work"/>
    <testcase time="0.116" classname="rdata" name="r_data_functions_work"/>
    <testcase time="2.367" classname="rdata" name="r_data_functions_work"/>
    <testcase time="3.505" classname="rdata" name="r_data_functions_work"/>
    <testcase time="0.225" classname="rdata" name="r_data_functions_work"/>
    <testcase time="1.352" classname="rdata" name="r_data_functions_work"/>
    <testcase time="0.215" classname="rdata" name="r_data_functions_work"/>
    <testcase time="0.148000000000001" classname="rdata" name="r_data_functions_work"/>
    <testcase time="0.0689999999999991" classname="rdata" name="r_data_functions_work"/>
    <testcase time="0.0289999999999999" classname="rdata" name="r_data_functions_work"/>
    <testcase time="0.0790000000000006" classname="rdata" name="r_data_functions_work"/>
    <testcase time="0.032" classname="rdata" name="r_data_functions_work"/>
    <testcase time="0.0399999999999991" classname="rdata" name="r_data_functions_work"/>
    <testcase time="0.0579999999999998" classname="rdata" name="r_data_functions_work"/>
    <testcase time="0.0300000000000011" classname="rdata" name="r_data_functions_work"/>
    <testcase time="0.0329999999999995" classname="rdata" name="r_data_functions_work"/>
    <testcase time="0.0289999999999999" classname="rdata" name="r_data_functions_work"/>
    <testcase time="0.0289999999999999" classname="rdata" name="r_data_functions_work"/>
    <testcase time="0.0329999999999995" classname="rdata" name="r_data_functions_work"/>
    <testcase time="0.0300000000000011" classname="rdata" name="r_data_functions_work"/>
    <testcase time="0.0329999999999995" classname="rdata" name="r_data_functions_work"/>
    <testcase time="0.0289999999999999" classname="rdata" name="r_data_functions_work"/>
    <testcase time="0.124000000000001" classname="rdata" name="r_data_functions_work"/>
    <testcase time="0.0289999999999999" classname="rdata" name="r_data_functions_work"/>
    <testcase time="0.0289999999999999" classname="rdata" name="r_data_functions_work"/>
    <testcase time="0.0329999999999995" classname="rdata" name="r_data_functions_work"/>
    <testcase time="0.0280000000000005" classname="rdata" name="r_data_functions_work"/>
    <testcase time="0.0289999999999999" classname="rdata" name="r_data_functions_work"/>
    <testcase time="0.032" classname="rdata" name="r_data_functions_work"/>
    <testcase time="0.0289999999999999" classname="rdata" name="r_data_functions_work"/>
    <testcase time="0.0329999999999995" classname="rdata" name="r_data_functions_work"/>
    <testcase time="0.0289999999999999" classname="rdata" name="r_data_functions_work"/>
    <testcase time="0.215" classname="rdata" name="r_data_functions_work"/>
    <testcase time="0.0609999999999999" classname="rdata" name="r_data_functions_work"/>
    <testcase time="0.396000000000001" classname="rdata" name="r_data_functions_work"/>
    <testcase time="0.0329999999999995" classname="rdata" name="r_data_functions_work"/>
    <testcase time="0.107000000000001" classname="rdata" name="r_data_functions_work"/>
    <testcase time="0.289" classname="rdata" name="r_data_functions_work"/>
    <testcase time="0.0289999999999999" classname="rdata" name="r_data_functions_work"/>
    <testcase time="0.0340000000000007" classname="rdata" name="r_data_functions_work"/>
    <testcase time="0.0279999999999987" classname="rdata" name="r_data_functions_work"/>
    <testcase time="0.0330000000000013" classname="rdata" name="r_data_functions_work"/>
    <testcase time="0.0289999999999999" classname="rdata" name="r_data_functions_work"/>
    <testcase time="0.0289999999999999" classname="rdata" name="r_data_functions_work"/>
    <testcase time="0.0329999999999995" classname="rdata" name="r_data_functions_work"/>
    <testcase time="0.0289999999999999" classname="rdata" name="r_data_functions_work"/>
    <testcase time="0.0330000000000013" classname="rdata" name="r_data_functions_work"/>
    <testcase time="0.0289999999999999" classname="rdata" name="r_data_functions_work"/>
    <testcase time="0.0569999999999986" classname="rdata" name="r_data_functions_work"/>
    <testcase time="0.0289999999999999" classname="rdata" name="r_data_functions_work"/>
    <testcase time="1.72" classname="rdata" name="r_data_functions_work"/>
    <testcase time="0.0850000000000009" classname="rdata" name="r_data_functions_work"/>
    <testcase time="0.0299999999999994" classname="rdata" name="r_data_functions_work"/>
    <testcase time="0.0340000000000007" classname="rdata" name="r_data_functions_work"/>
    <testcase time="0.0299999999999994" classname="rdata" name="r_data_functions_work"/>
    <testcase time="0.0289999999999999" classname="rdata" name="r_data_functions_work"/>
    <testcase time="0.0329999999999995" classname="rdata" name="r_data_functions_work"/>
    <testcase time="0.0389999999999997" classname="rdata" name="r_data_functions_work"/>
    <testcase time="0.0350000000000001" classname="rdata" name="r_data_functions_work"/>
    <testcase time="0.276000000000002" classname="rdata" name="r_data_functions_work"/>
    <testcase time="0.548" classname="rdata" name="r_data_functions_work"/>
    <testcase time="0.343999999999998" classname="rdata" name="r_data_functions_work"/>
    <testcase time="0.567" classname="rdata" name="r_data_functions_work"/>
    <testcase time="0.363000000000003" classname="rdata" name="r_data_functions_work"/>
    <testcase time="0.684999999999999" classname="rdata" name="r_data_functions_work"/>
    <testcase time="0.474" classname="rdata" name="r_data_functions_work"/>
    <testcase time="0.685000000000002" classname="rdata" name="r_data_functions_work"/>
    <testcase time="0.0189999999999984" classname="rdata" name="r_data_with_cached_TRUE"/>
    <testcase time="0.00800000000000267" classname="rdata" name="r_data_with_cached_TRUE"/>
    <testcase time="0.00999999999999801" classname="rdata" name="r_data_with_cached_TRUE"/>
    <testcase time="0.0109999999999992" classname="rdata" name="r_data_with_cached_TRUE"/>
    <testcase time="0.00400000000000134" classname="rdata" name="r_data_with_cached_TRUE"/>
    <testcase time="0.0389999999999979" classname="rdata" name="r_data_with_cached_TRUE"/>
    <testcase time="0.0190000000000019" classname="rdata" name="r_data_with_cached_TRUE"/>
    <testcase time="0.0399999999999991" classname="rdata" name="r_data_with_cached_TRUE"/>
    <testcase time="0.0309999999999988" classname="rdata" name="r_data_with_cached_TRUE"/>
    <testcase time="0.00799999999999912" classname="rdata" name="r_data_with_cached_TRUE"/>
    <testcase time="0.00300000000000011" classname="rdata" name="r_data_with_cached_TRUE"/>
    <testcase time="0.00200000000000244" classname="rdata" name="r_data_with_cached_TRUE"/>
    <testcase time="0.140000000000001" classname="rdata" name="r_data_with_cached_TRUE"/>
    <testcase time="0.0329999999999977" classname="rdata" name="r_data_with_cached_TRUE"/>
    <testcase time="0.0139999999999993" classname="rdata" name="r_data_with_cached_TRUE"/>
    <testcase time="0.00700000000000145" classname="rdata" name="r_data_with_cached_TRUE"/>
    <testcase time="0.0100000000000016" classname="rdata" name="r_data_with_cached_TRUE"/>
    <testcase time="0.0069999999999979" classname="rdata" name="r_data_with_cached_TRUE"/>
    <testcase time="0.0420000000000016" classname="rdata" name="r_data_with_cached_TRUE"/>
    <testcase time="0.666999999999998" classname="rdata" name="seed_works"/>
    <testcase time="0.629000000000001" classname="rdata" name="metadata_matches_radsl"/>
    <testcase time="1.316" classname="rdata" name="metadata_matches_radab"/>
    <testcase time="0.813000000000002" classname="rdata" name="metadata_matches_radae"/>
    <testcase time="1.165" classname="rdata" name="metadata_matches_radaette"/>
    <testcase time="0.835999999999999" classname="rdata" name="metadata_matches_radcm"/>
    <testcase time="0.720000000000002" classname="rdata" name="metadata_matches_raddv"/>
    <testcase time="2.927" classname="rdata" name="metadata_matches_radeg"/>
    <testcase time="4.022" classname="rdata" name="metadata_matches_radex"/>
    <testcase time="0.826999999999998" classname="rdata" name="metadata_matches_radhy"/>
    <testcase time="1.96100000000001" classname="rdata" name="metadata_matches_radlb"/>
    <testcase time="0.840999999999994" classname="rdata" name="metadata_matches_radmh"/>
    <testcase time="0.738" classname="rdata" name="metadata_matches_radpc"/>
    <testcase time="0.603000000000002" classname="rdata" name="metadata_matches_radpp"/>
    <testcase time="3.621" classname="rdata" name="metadata_matches_radqlqc"/>
    <testcase time="1.127" classname="rdata" name="metadata_matches_radqs"/>
    <testcase time="0.897999999999996" classname="rdata" name="metadata_matches_radrs"/>
    <testcase time="0.981000000000002" classname="rdata" name="metadata_matches_radsub"/>
    <testcase time="1.294" classname="rdata" name="metadata_matches_radtr"/>
    <testcase time="1.046" classname="rdata" name="metadata_matches_radtte"/>
    <testcase time="1.249" classname="rdata" name="metadata_matches_radvs"/>
    <testcase time="1.176" classname="rdata" name="radsl_works_with_large_N"/>
    <testcase time="0.00900000000000034" classname="rdata" name="radsl_has_no_LSTALVDT_greater_than_DTHDT"/>
    <testcase time="5.167" classname="rdata" name="radcm_works_with_who_coding_TRUE"/>
  </testsuite>
  <testsuite name="utils" timestamp="2023-03-15T22:33:00Z" hostname="c5d7c08b1d54" tests="21" skipped="0" failures="0" errors="0" time="0.72">
    <testcase time="0.019999999999996" classname="utils" name="get_cached_data_returns_correct_error_message"/>
    <testcase time="0.007000000000005" classname="utils" name="sample_fct_works_as_expected"/>
    <testcase time="0.00199999999999534" classname="utils" name="relvar_init_works_as_expected"/>
    <testcase time="0.00600000000000023" classname="utils" name="relvar_init_returns_correct_error_message"/>
    <testcase time="0.00300000000000011" classname="utils" name="rel_var_works_as_expected"/>
    <testcase time="0.00200000000000244" classname="utils" name="rel_var_works_as_expected"/>
    <testcase time="0.00300000000000011" classname="utils" name="visit_schedule_works_with_WEEK_visit_format"/>
    <testcase time="0.00200000000000244" classname="utils" name="visit_schedule_works_with_CycLe_visit_format"/>
    <testcase time="0.588999999999999" classname="utils" name="retain_works_as_expected"/>
    <testcase time="0.00200000000000244" classname="utils" name="var_relabel_works_as_expected"/>
    <testcase time="0.00599999999999312" classname="utils" name="var_relabel_returns_correct_error_message"/>
    <testcase time="0.00200000000000244" classname="utils" name="replace_na_works_as_expected"/>
    <testcase time="0.00200000000000244" classname="utils" name="replace_na_works_as_expected"/>
    <testcase time="0.0629999999999953" classname="utils" name="mutate_na_works_as_expected"/>
    <testcase time="0.00100000000000477" classname="utils" name="mutate_na_works_as_expected"/>
    <testcase time="0.000999999999997669" classname="utils" name="mutate_na_works_as_expected"/>
    <testcase time="0.000999999999997669" classname="utils" name="mutate_na_works_as_expected"/>
    <testcase time="0.00200000000000244" classname="utils" name="rtpois_works_as_expected"/>
    <testcase time="0.00399999999999778" classname="utils" name="rtexp_works_as_expected"/>
    <testcase time="0.00100000000000477" classname="utils" name="rtexp_works_as_expected"/>
    <testcase time="0.000999999999997669" classname="utils" name="rtexp_works_as_expected"/>
  </testsuite>
</testsuites>
