<?xml version="1.0" encoding="UTF-8"?>
<testsuites>
  <testsuite name="rdata" timestamp="2023-03-21T19:52:40Z" hostname="645ddbacdf63" tests="64" skipped="0" failures="0" errors="0" time="46.243">
    <testcase time="0.605" classname="rdata" name="r_data_functions_work"/>
    <testcase time="0.582" classname="rdata" name="r_data_functions_work"/>
    <testcase time="1.107" classname="rdata" name="r_data_functions_work"/>
    <testcase time="0.235" classname="rdata" name="r_data_functions_work"/>
    <testcase time="0.106" classname="rdata" name="r_data_functions_work"/>
    <testcase time="1.882" classname="rdata" name="r_data_functions_work"/>
    <testcase time="2.546" classname="rdata" name="r_data_functions_work"/>
    <testcase time="0.222" classname="rdata" name="r_data_functions_work"/>
    <testcase time="1.265" classname="rdata" name="r_data_functions_work"/>
    <testcase time="0.247" classname="rdata" name="r_data_functions_work"/>
    <testcase time="0.125" classname="rdata" name="r_data_functions_work"/>
    <testcase time="0.190000000000001" classname="rdata" name="r_data_functions_work"/>
    <testcase time="0.0519999999999996" classname="rdata" name="r_data_functions_work"/>
    <testcase time="2.367" classname="rdata" name="r_data_functions_work"/>
    <testcase time="0.679" classname="rdata" name="r_data_functions_work"/>
    <testcase time="0.314" classname="rdata" name="r_data_functions_work"/>
    <testcase time="1.128" classname="rdata" name="r_data_functions_work"/>
    <testcase time="0.256" classname="rdata" name="r_data_functions_work"/>
    <testcase time="0.56" classname="rdata" name="r_data_functions_work"/>
    <testcase time="0.462" classname="rdata" name="r_data_functions_work"/>
    <testcase time="0.973000000000001" classname="rdata" name="r_data_functions_work"/>
    <testcase time="0.0169999999999995" classname="rdata" name="r_data_with_cached_TRUE"/>
    <testcase time="0.00700000000000145" classname="rdata" name="r_data_with_cached_TRUE"/>
    <testcase time="0.00899999999999679" classname="rdata" name="r_data_with_cached_TRUE"/>
    <testcase time="0.0110000000000028" classname="rdata" name="r_data_with_cached_TRUE"/>
    <testcase time="0.00199999999999889" classname="rdata" name="r_data_with_cached_TRUE"/>
    <testcase time="0.0380000000000003" classname="rdata" name="r_data_with_cached_TRUE"/>
    <testcase time="0.0189999999999984" classname="rdata" name="r_data_with_cached_TRUE"/>
    <testcase time="0.0380000000000003" classname="rdata" name="r_data_with_cached_TRUE"/>
    <testcase time="0.027000000000001" classname="rdata" name="r_data_with_cached_TRUE"/>
    <testcase time="0.00700000000000145" classname="rdata" name="r_data_with_cached_TRUE"/>
    <testcase time="0.00199999999999889" classname="rdata" name="r_data_with_cached_TRUE"/>
    <testcase time="0.00199999999999889" classname="rdata" name="r_data_with_cached_TRUE"/>
    <testcase time="0.141000000000002" classname="rdata" name="r_data_with_cached_TRUE"/>
    <testcase time="0.032" classname="rdata" name="r_data_with_cached_TRUE"/>
    <testcase time="0.00900000000000034" classname="rdata" name="r_data_with_cached_TRUE"/>
    <testcase time="0.00799999999999912" classname="rdata" name="r_data_with_cached_TRUE"/>
    <testcase time="0.0120000000000005" classname="rdata" name="r_data_with_cached_TRUE"/>
    <testcase time="0.0069999999999979" classname="rdata" name="r_data_with_cached_TRUE"/>
    <testcase time="0.0450000000000017" classname="rdata" name="r_data_with_cached_TRUE"/>
    <testcase time="0.664999999999999" classname="rdata" name="seed_works"/>
    <testcase time="0.401" classname="rdata" name="metadata_matches_radsl"/>
    <testcase time="0.681000000000001" classname="rdata" name="metadata_matches_radab"/>
    <testcase time="0.960000000000001" classname="rdata" name="metadata_matches_radae"/>
    <testcase time="1.508" classname="rdata" name="metadata_matches_radaette"/>
    <testcase time="0.628" classname="rdata" name="metadata_matches_radcm"/>
    <testcase time="0.512999999999998" classname="rdata" name="metadata_matches_raddv"/>
    <testcase time="2.322" classname="rdata" name="metadata_matches_radeg"/>
    <testcase time="3.032" classname="rdata" name="metadata_matches_radex"/>
    <testcase time="0.545999999999999" classname="rdata" name="metadata_matches_radhy"/>
    <testcase time="1.517" classname="rdata" name="metadata_matches_radlb"/>
    <testcase time="0.59" classname="rdata" name="metadata_matches_radmh"/>
    <testcase time="0.43" classname="rdata" name="metadata_matches_radpc"/>
    <testcase time="0.388000000000002" classname="rdata" name="metadata_matches_radpp"/>
    <testcase time="2.732" classname="rdata" name="metadata_matches_radqlqc"/>
    <testcase time="1.024" classname="rdata" name="metadata_matches_radqs"/>
    <testcase time="0.619" classname="rdata" name="metadata_matches_radrs"/>
    <testcase time="0.603999999999999" classname="rdata" name="metadata_matches_radsub"/>
    <testcase time="0.969000000000001" classname="rdata" name="metadata_matches_radtr"/>
    <testcase time="0.762" classname="rdata" name="metadata_matches_radtte"/>
    <testcase time="1.285" classname="rdata" name="metadata_matches_radvs"/>
    <testcase time="1.572" classname="rdata" name="radsl_works_with_large_N"/>
    <testcase time="0.007000000000005" classname="rdata" name="radsl_has_no_LSTALVDT_greater_than_DTHDT"/>
    <testcase time="6.152" classname="rdata" name="radcm_works_with_who_coding_TRUE"/>
  </testsuite>
  <testsuite name="utils" timestamp="2023-03-21T19:53:26Z" hostname="645ddbacdf63" tests="21" skipped="0" failures="0" errors="0" time="0.454">
    <testcase time="0.019999999999996" classname="utils" name="get_cached_data_returns_correct_error_message"/>
    <testcase time="0.0069999999999979" classname="utils" name="sample_fct_works_as_expected"/>
    <testcase time="0.00200000000000244" classname="utils" name="relvar_init_works_as_expected"/>
    <testcase time="0.00600000000000023" classname="utils" name="relvar_init_returns_correct_error_message"/>
    <testcase time="0.00300000000000011" classname="utils" name="rel_var_works_as_expected"/>
    <testcase time="0.00200000000000244" classname="utils" name="rel_var_works_as_expected"/>
    <testcase time="0.00300000000000011" classname="utils" name="visit_schedule_works_with_WEEK_visit_format"/>
    <testcase time="0.00199999999999534" classname="utils" name="visit_schedule_works_with_CycLe_visit_format"/>
    <testcase time="0.331000000000003" classname="utils" name="retain_works_as_expected"/>
    <testcase time="0.00199999999999534" classname="utils" name="var_relabel_works_as_expected"/>
    <testcase time="0.00600000000000023" classname="utils" name="var_relabel_returns_correct_error_message"/>
    <testcase time="0.00200000000000244" classname="utils" name="replace_na_works_as_expected"/>
    <testcase time="0.000999999999997669" classname="utils" name="replace_na_works_as_expected"/>
    <testcase time="0.0570000000000022" classname="utils" name="mutate_na_works_as_expected"/>
    <testcase time="0.000999999999997669" classname="utils" name="mutate_na_works_as_expected"/>
    <testcase time="0.000999999999997669" classname="utils" name="mutate_na_works_as_expected"/>
    <testcase time="0.000999999999997669" classname="utils" name="mutate_na_works_as_expected"/>
    <testcase time="0.00200000000000244" classname="utils" name="rtpois_works_as_expected"/>
    <testcase time="0.00300000000000011" classname="utils" name="rtexp_works_as_expected"/>
    <testcase time="0.000999999999997669" classname="utils" name="rtexp_works_as_expected"/>
    <testcase time="0.00100000000000477" classname="utils" name="rtexp_works_as_expected"/>
  </testsuite>
</testsuites>
