<?xml version="1.0" encoding="UTF-8"?>
<testsuites>
  <testsuite name="metadata" timestamp="2025-01-23T08:57:26Z" hostname="283f8b980fd4" tests="20" skipped="0" failures="0" errors="0" time="9.13">
    <testcase time="0.334" classname="metadata" name="metadata_matches_radsl"/>
    <testcase time="0.32" classname="metadata" name="metadata_matches_radab"/>
    <testcase time="0.396" classname="metadata" name="metadata_matches_radae"/>
    <testcase time="0.388" classname="metadata" name="metadata_matches_radaette"/>
    <testcase time="0.3" classname="metadata" name="metadata_matches_radcm"/>
    <testcase time="0.225" classname="metadata" name="metadata_matches_raddv"/>
    <testcase time="0.708" classname="metadata" name="metadata_matches_radeg"/>
    <testcase time="0.661" classname="metadata" name="metadata_matches_radex"/>
    <testcase time="0.284" classname="metadata" name="metadata_matches_radhy"/>
    <testcase time="0.665" classname="metadata" name="metadata_matches_radlb"/>
    <testcase time="0.324" classname="metadata" name="metadata_matches_radmh"/>
    <testcase time="0.21" classname="metadata" name="metadata_matches_radpc"/>
    <testcase time="0.192" classname="metadata" name="metadata_matches_radpp"/>
    <testcase time="1.781" classname="metadata" name="metadata_matches_radqlqc"/>
    <testcase time="0.489999999999999" classname="metadata" name="metadata_matches_radqs"/>
    <testcase time="0.343" classname="metadata" name="metadata_matches_radrs"/>
    <testcase time="0.217000000000001" classname="metadata" name="metadata_matches_radsub"/>
    <testcase time="0.443999999999999" classname="metadata" name="metadata_matches_radtr"/>
    <testcase time="0.305000000000001" classname="metadata" name="metadata_matches_radtte"/>
    <testcase time="0.542999999999999" classname="metadata" name="metadata_matches_radvs"/>
  </testsuite>
  <testsuite name="rdata" timestamp="2025-01-23T08:57:35Z" hostname="283f8b980fd4" tests="44" skipped="0" failures="0" errors="0" time="11.504">
    <testcase time="0.108000000000001" classname="rdata" name="r_data_functions_work"/>
    <testcase time="0.225999999999999" classname="rdata" name="r_data_functions_work"/>
    <testcase time="0.236000000000001" classname="rdata" name="r_data_functions_work"/>
    <testcase time="0.137" classname="rdata" name="r_data_functions_work"/>
    <testcase time="0.0649999999999995" classname="rdata" name="r_data_functions_work"/>
    <testcase time="0.561999999999999" classname="rdata" name="r_data_functions_work"/>
    <testcase time="0.497" classname="rdata" name="r_data_functions_work"/>
    <testcase time="0.124000000000001" classname="rdata" name="r_data_functions_work"/>
    <testcase time="0.526" classname="rdata" name="r_data_functions_work"/>
    <testcase time="0.163" classname="rdata" name="r_data_functions_work"/>
    <testcase time="0.0380000000000003" classname="rdata" name="r_data_functions_work"/>
    <testcase time="0.0760000000000005" classname="rdata" name="r_data_functions_work"/>
    <testcase time="0.0249999999999986" classname="rdata" name="r_data_functions_work"/>
    <testcase time="1.724" classname="rdata" name="r_data_functions_work"/>
    <testcase time="0.347000000000001" classname="rdata" name="r_data_functions_work"/>
    <testcase time="0.145" classname="rdata" name="r_data_functions_work"/>
    <testcase time="0.237" classname="rdata" name="r_data_functions_work"/>
    <testcase time="0.0569999999999986" classname="rdata" name="r_data_functions_work"/>
    <testcase time="0.218" classname="rdata" name="r_data_functions_work"/>
    <testcase time="0.215000000000002" classname="rdata" name="r_data_functions_work"/>
    <testcase time="0.489999999999998" classname="rdata" name="r_data_functions_work"/>
    <testcase time="0.00900000000000034" classname="rdata" name="r_data_with_cached_TRUE"/>
    <testcase time="0.00600000000000023" classname="rdata" name="r_data_with_cached_TRUE"/>
    <testcase time="0.00600000000000023" classname="rdata" name="r_data_with_cached_TRUE"/>
    <testcase time="0.00699999999999967" classname="rdata" name="r_data_with_cached_TRUE"/>
    <testcase time="0.00200000000000067" classname="rdata" name="r_data_with_cached_TRUE"/>
    <testcase time="0.0239999999999991" classname="rdata" name="r_data_with_cached_TRUE"/>
    <testcase time="0.0130000000000017" classname="rdata" name="r_data_with_cached_TRUE"/>
    <testcase time="0.0269999999999975" classname="rdata" name="r_data_with_cached_TRUE"/>
    <testcase time="0.0190000000000019" classname="rdata" name="r_data_with_cached_TRUE"/>
    <testcase time="0.00499999999999901" classname="rdata" name="r_data_with_cached_TRUE"/>
    <testcase time="0.0139999999999993" classname="rdata" name="r_data_with_cached_TRUE"/>
    <testcase time="0.00200000000000244" classname="rdata" name="r_data_with_cached_TRUE"/>
    <testcase time="0.0960000000000001" classname="rdata" name="r_data_with_cached_TRUE"/>
    <testcase time="0.0209999999999972" classname="rdata" name="r_data_with_cached_TRUE"/>
    <testcase time="0.00700000000000145" classname="rdata" name="r_data_with_cached_TRUE"/>
    <testcase time="0.00700000000000145" classname="rdata" name="r_data_with_cached_TRUE"/>
    <testcase time="0.00999999999999801" classname="rdata" name="r_data_with_cached_TRUE"/>
    <testcase time="0.00600000000000023" classname="rdata" name="r_data_with_cached_TRUE"/>
    <testcase time="0.0300000000000011" classname="rdata" name="r_data_with_cached_TRUE"/>
    <testcase time="0.154" classname="rdata" name="seed_works"/>
    <testcase time="1.274" classname="rdata" name="radsl_works_with_large_N"/>
    <testcase time="0.00799999999999912" classname="rdata" name="radsl_has_no_LSTALVDT_greater_than_DTHDT"/>
    <testcase time="3.541" classname="rdata" name="radcm_works_with_who_coding_TRUE"/>
  </testsuite>
  <testsuite name="row_values" timestamp="2025-01-23T08:57:47Z" hostname="283f8b980fd4" tests="21" skipped="21" failures="0" errors="0" time="8.694">
    <testcase time="0.457999999999998" classname="row_values" name="radsl_produces_expected_values">
      <skipped message="Reason: On CRAN ('test-row_values.R:9:3')"/>
    </testcase>
    <testcase time="0.367000000000001" classname="row_values" name="radae_produces_expected_values">
      <skipped message="Reason: On CRAN ('test-row_values.R:19:3')"/>
    </testcase>
    <testcase time="0.356999999999999" classname="row_values" name="radaette_produces_expected_values">
      <skipped message="Reason: On CRAN ('test-row_values.R:29:3')"/>
    </testcase>
    <testcase time="0.251999999999999" classname="row_values" name="radcm_produces_expected_values">
      <skipped message="Reason: On CRAN ('test-row_values.R:39:3')"/>
    </testcase>
    <testcase time="0.161000000000001" classname="row_values" name="raddv_produces_expected_values">
      <skipped message="Reason: On CRAN ('test-row_values.R:49:3')"/>
    </testcase>
    <testcase time="0.690999999999999" classname="row_values" name="radeg_produces_expected_values">
      <skipped message="Reason: On CRAN ('test-row_values.R:59:3')"/>
    </testcase>
    <testcase time="0.613" classname="row_values" name="radex_produces_expected_values">
      <skipped message="Reason: On CRAN ('test-row_values.R:69:3')"/>
    </testcase>
    <testcase time="0.253" classname="row_values" name="radhy_produces_expected_values">
      <skipped message="Reason: On CRAN ('test-row_values.R:79:3')"/>
    </testcase>
    <testcase time="0.684999999999999" classname="row_values" name="radlb_produces_expected_values">
      <skipped message="Reason: On CRAN ('test-row_values.R:89:3')"/>
    </testcase>
    <testcase time="0.257000000000001" classname="row_values" name="radmh_produces_expected_values">
      <skipped message="Reason: On CRAN ('test-row_values.R:99:3')"/>
    </testcase>
    <testcase time="0.129000000000001" classname="row_values" name="radpc_produces_expected_values">
      <skipped message="Reason: On CRAN ('test-row_values.R:107:3')"/>
    </testcase>
    <testcase time="0.129999999999999" classname="row_values" name="radab_produces_expected_values">
      <skipped message="Reason: On CRAN ('test-row_values.R:117:3')"/>
    </testcase>
    <testcase time="0.0489999999999995" classname="row_values" name="radpp_produces_expected_values">
      <skipped message="Reason: On CRAN ('test-row_values.R:127:3')"/>
    </testcase>
    <testcase time="1.859" classname="row_values" name="radqlqc_produces_expected_values">
      <skipped message="Reason: On CRAN ('test-row_values.R:137:3')"/>
    </testcase>
    <testcase time="0.559999999999999" classname="row_values" name="radqs_produces_expected_values">
      <skipped message="Reason: On CRAN ('test-row_values.R:147:3')"/>
    </testcase>
    <testcase time="0.25" classname="row_values" name="radrs_produces_expected_values">
      <skipped message="Reason: On CRAN ('test-row_values.R:157:3')"/>
    </testcase>
    <testcase time="0.335000000000001" classname="row_values" name="radsaftte_produces_expected_values">
      <skipped message="Reason: On CRAN ('test-row_values.R:167:3')"/>
    </testcase>
    <testcase time="0.154999999999998" classname="row_values" name="radsub_produces_expected_values">
      <skipped message="Reason: On CRAN ('test-row_values.R:177:3')"/>
    </testcase>
    <testcase time="0.222000000000001" classname="row_values" name="radtr_produces_expected_values">
      <skipped message="Reason: On CRAN ('test-row_values.R:187:3')"/>
    </testcase>
    <testcase time="0.303999999999998" classname="row_values" name="radtte_produces_expected_values">
      <skipped message="Reason: On CRAN ('test-row_values.R:197:3')"/>
    </testcase>
    <testcase time="0.607000000000003" classname="row_values" name="radvs_produces_expected_values">
      <skipped message="Reason: On CRAN ('test-row_values.R:207:3')"/>
    </testcase>
  </testsuite>
  <testsuite name="utils" timestamp="2025-01-23T08:57:55Z" hostname="283f8b980fd4" tests="21" skipped="0" failures="0" errors="0" time="0.24">
    <testcase time="0.032" classname="utils" name="get_cached_data_returns_correct_error_message"/>
    <testcase time="0.00600000000000023" classname="utils" name="sample_fct_works_as_expected"/>
    <testcase time="0.00600000000000023" classname="utils" name="relvar_init_works_as_expected"/>
    <testcase time="0.00799999999999912" classname="utils" name="relvar_init_returns_correct_error_message"/>
    <testcase time="0.0069999999999979" classname="utils" name="rel_var_works_as_expected"/>
    <testcase time="0.00400000000000134" classname="utils" name="rel_var_works_as_expected"/>
    <testcase time="0.00700000000000145" classname="utils" name="visit_schedule_works_with_WEEK_visit_format"/>
    <testcase time="0.00600000000000023" classname="utils" name="visit_schedule_works_with_CycLe_visit_format"/>
    <testcase time="0.097999999999999" classname="utils" name="retain_works_as_expected"/>
    <testcase time="0.00600000000000023" classname="utils" name="rcd_var_relabel_works_as_expected"/>
    <testcase time="0.00799999999999912" classname="utils" name="rcd_var_relabel_returns_correct_error_message"/>
    <testcase time="0.0130000000000017" classname="utils" name="replace_na_works_as_expected"/>
    <testcase time="0.00299999999999656" classname="utils" name="replace_na_works_as_expected"/>
    <testcase time="0.0100000000000016" classname="utils" name="mutate_na_works_as_expected"/>
    <testcase time="0.00199999999999889" classname="utils" name="mutate_na_works_as_expected"/>
    <testcase time="0.00300000000000011" classname="utils" name="mutate_na_works_as_expected"/>
    <testcase time="0.00300000000000011" classname="utils" name="mutate_na_works_as_expected"/>
    <testcase time="0.00600000000000023" classname="utils" name="rtpois_works_as_expected"/>
    <testcase time="0.00600000000000023" classname="utils" name="rtexp_works_as_expected"/>
    <testcase time="0.00300000000000011" classname="utils" name="rtexp_works_as_expected"/>
    <testcase time="0.00300000000000011" classname="utils" name="rtexp_works_as_expected"/>
  </testsuite>
</testsuites>
