<?xml version="1.0" encoding="UTF-8"?>
<testsuites>
  <testsuite name="metadata" timestamp="2023-07-13T04:08:48Z" hostname="79bb207fe44e" tests="20" skipped="0" failures="0" errors="1" time="14.298">
    <testcase time="0.595" classname="metadata" name="metadata_matches_radsl"/>
    <testcase time="0.608" classname="metadata" name="metadata_matches_radab"/>
    <testcase time="0.731" classname="metadata" name="metadata_matches_radae"/>
    <testcase time="0.716" classname="metadata" name="metadata_matches_radaette"/>
    <testcase time="0.554" classname="metadata" name="metadata_matches_radcm"/>
    <testcase time="0.413" classname="metadata" name="metadata_matches_raddv"/>
    <testcase time="1.33" classname="metadata" name="metadata_matches_radeg"/>
    <testcase time="1.265" classname="metadata" name="metadata_matches_radex"/>
    <testcase time="0.522" classname="metadata" name="metadata_matches_radhy"/>
    <testcase time="1.216" classname="metadata" name="metadata_matches_radlb"/>
    <testcase time="0.57" classname="metadata" name="metadata_matches_radmh"/>
    <testcase time="0.383999999999999" classname="metadata" name="metadata_matches_radpc"/>
    <testcase time="0.355" classname="metadata" name="metadata_matches_radpp"/>
    <testcase time="0.308" classname="metadata" name="metadata_matches_radqlqc">
      <error type="error" message="Error in `get_qs_data(adsl, n_assessments = 5L, seed = seed, na_percentage = 0.1)`: object 'eortc_qlq_c30' not found ('test-metadata.R:158:3')">Error in `get_qs_data(adsl, n_assessments = 5L, seed = seed, na_percentage = 0.1)`: object 'eortc_qlq_c30' not found
Backtrace:
    x
 1. +-random.cdisc.data::radqlqc(adsl, percent = 80, number = 2, seed = 1) at test-metadata.R:158:2
 2. | \-random.cdisc.data:::get_qs_data(...)
 3. |   +-... %&gt;% select(-publication_name)
 4. |   \-dplyr::filter(...)
 5. \-dplyr::select(., -publication_name)</error>
    </testcase>
    <testcase time="1.057" classname="metadata" name="metadata_matches_radqs"/>
    <testcase time="0.620000000000001" classname="metadata" name="metadata_matches_radrs"/>
    <testcase time="0.390000000000001" classname="metadata" name="metadata_matches_radsub"/>
    <testcase time="0.744999999999999" classname="metadata" name="metadata_matches_radtr"/>
    <testcase time="0.715" classname="metadata" name="metadata_matches_radtte"/>
    <testcase time="1.204" classname="metadata" name="metadata_matches_radvs"/>
  </testsuite>
  <testsuite name="rdata" timestamp="2023-07-13T04:09:02Z" hostname="79bb207fe44e" tests="37" skipped="0" failures="0" errors="1" time="15.047">
    <testcase time="0.315" classname="rdata" name="r_data_functions_work"/>
    <testcase time="0.408000000000001" classname="rdata" name="r_data_functions_work"/>
    <testcase time="0.517999999999997" classname="rdata" name="r_data_functions_work"/>
    <testcase time="0.240000000000002" classname="rdata" name="r_data_functions_work"/>
    <testcase time="0.113" classname="rdata" name="r_data_functions_work"/>
    <testcase time="1.015" classname="rdata" name="r_data_functions_work"/>
    <testcase time="0.959" classname="rdata" name="r_data_functions_work"/>
    <testcase time="0.244" classname="rdata" name="r_data_functions_work"/>
    <testcase time="0.959999999999997" classname="rdata" name="r_data_functions_work"/>
    <testcase time="0.288" classname="rdata" name="r_data_functions_work"/>
    <testcase time="0.0800000000000018" classname="rdata" name="r_data_functions_work"/>
    <testcase time="0.18" classname="rdata" name="r_data_functions_work"/>
    <testcase time="0.0440000000000005" classname="rdata" name="r_data_functions_work"/>
    <testcase time="0.0169999999999995" classname="rdata" name="r_data_functions_work">
      <error type="error" message="Error in `get_qs_data(adsl, n_assessments = 5L, seed = seed, na_percentage = 0.1)`: object 'eortc_qlq_c30' not found ('test-rdata.R:15:3')">Error in `get_qs_data(adsl, n_assessments = 5L, seed = seed, na_percentage = 0.1)`: object 'eortc_qlq_c30' not found
Backtrace:
     x
  1. +-testthat::expect_silent(...) at test-rdata.R:15:2
  2. | \-testthat:::quasi_capture(enquo(object), NULL, evaluate_promise)
  3. |   +-testthat (local) .capture(...)
  4. |   | +-withr::with_output_sink(...)
  5. |   | | \-base::force(code)
  6. |   | +-base::withCallingHandlers(...)
  7. |   | \-base::withVisible(code)
  8. |   \-rlang::eval_bare(quo_get_expr(.quo), quo_get_env(.quo))
  9. +-random.cdisc.data::radqlqc(adsl, percent = 80, number = 2, seed = 1)
 10. | \-random.cdisc.data:::get_qs_data(...)
 11. |   +-... %&gt;% select(-publication_name)
 12. |   \-dplyr::filter(...)
 13. \-dplyr::select(., -publication_name)</error>
    </testcase>
    <testcase time="0.155000000000001" classname="rdata" name="r_data_with_cached_TRUE"/>
    <testcase time="0.0109999999999992" classname="rdata" name="r_data_with_cached_TRUE"/>
    <testcase time="0.0139999999999993" classname="rdata" name="r_data_with_cached_TRUE"/>
    <testcase time="0.0139999999999993" classname="rdata" name="r_data_with_cached_TRUE"/>
    <testcase time="0.00400000000000134" classname="rdata" name="r_data_with_cached_TRUE"/>
    <testcase time="0.0470000000000006" classname="rdata" name="r_data_with_cached_TRUE"/>
    <testcase time="0.0229999999999997" classname="rdata" name="r_data_with_cached_TRUE"/>
    <testcase time="0.0479999999999983" classname="rdata" name="r_data_with_cached_TRUE"/>
    <testcase time="0.0330000000000013" classname="rdata" name="r_data_with_cached_TRUE"/>
    <testcase time="0.00900000000000034" classname="rdata" name="r_data_with_cached_TRUE"/>
    <testcase time="0.00300000000000011" classname="rdata" name="r_data_with_cached_TRUE"/>
    <testcase time="0.00300000000000011" classname="rdata" name="r_data_with_cached_TRUE"/>
    <testcase time="0.18" classname="rdata" name="r_data_with_cached_TRUE"/>
    <testcase time="0.0389999999999979" classname="rdata" name="r_data_with_cached_TRUE"/>
    <testcase time="0.0110000000000028" classname="rdata" name="r_data_with_cached_TRUE"/>
    <testcase time="0.00900000000000034" classname="rdata" name="r_data_with_cached_TRUE"/>
    <testcase time="0.0129999999999981" classname="rdata" name="r_data_with_cached_TRUE"/>
    <testcase time="0.00900000000000034" classname="rdata" name="r_data_with_cached_TRUE"/>
    <testcase time="0.0519999999999996" classname="rdata" name="r_data_with_cached_TRUE"/>
    <testcase time="0.280000000000001" classname="rdata" name="seed_works"/>
    <testcase time="2.085" classname="rdata" name="radsl_works_with_large_N"/>
    <testcase time="0.0179999999999971" classname="rdata" name="radsl_has_no_LSTALVDT_greater_than_DTHDT"/>
    <testcase time="6.606" classname="rdata" name="radcm_works_with_who_coding_TRUE"/>
  </testsuite>
  <testsuite name="row_values" timestamp="2023-07-13T04:09:18Z" hostname="79bb207fe44e" tests="21" skipped="20" failures="0" errors="1" time="13.883">
    <testcase time="0.736000000000001" classname="row_values" name="radsl_produces_expected_values">
      <skipped message="Reason: On CRAN ('test-row_values.R:9:3')"/>
    </testcase>
    <testcase time="0.736000000000001" classname="row_values" name="radae_produces_expected_values">
      <skipped message="Reason: On CRAN ('test-row_values.R:19:3')"/>
    </testcase>
    <testcase time="0.661000000000001" classname="row_values" name="radaette_produces_expected_values">
      <skipped message="Reason: On CRAN ('test-row_values.R:29:3')"/>
    </testcase>
    <testcase time="0.524999999999999" classname="row_values" name="radcm_produces_expected_values">
      <skipped message="Reason: On CRAN ('test-row_values.R:39:3')"/>
    </testcase>
    <testcase time="0.347000000000001" classname="row_values" name="raddv_produces_expected_values">
      <skipped message="Reason: On CRAN ('test-row_values.R:49:3')"/>
    </testcase>
    <testcase time="1.416" classname="row_values" name="radeg_produces_expected_values">
      <skipped message="Reason: On CRAN ('test-row_values.R:59:3')"/>
    </testcase>
    <testcase time="1.282" classname="row_values" name="radex_produces_expected_values">
      <skipped message="Reason: On CRAN ('test-row_values.R:69:3')"/>
    </testcase>
    <testcase time="0.543999999999997" classname="row_values" name="radhy_produces_expected_values">
      <skipped message="Reason: On CRAN ('test-row_values.R:79:3')"/>
    </testcase>
    <testcase time="1.332" classname="row_values" name="radlb_produces_expected_values">
      <skipped message="Reason: On CRAN ('test-row_values.R:89:3')"/>
    </testcase>
    <testcase time="0.530999999999999" classname="row_values" name="radmh_produces_expected_values">
      <skipped message="Reason: On CRAN ('test-row_values.R:99:3')"/>
    </testcase>
    <testcase time="0.294999999999995" classname="row_values" name="radpc_produces_expected_values">
      <skipped message="Reason: On CRAN ('test-row_values.R:107:3')"/>
    </testcase>
    <testcase time="0.279000000000003" classname="row_values" name="radab_produces_expected_values">
      <skipped message="Reason: On CRAN ('test-row_values.R:117:3')"/>
    </testcase>
    <testcase time="0.0829999999999984" classname="row_values" name="radpp_produces_expected_values">
      <skipped message="Reason: On CRAN ('test-row_values.R:127:3')"/>
    </testcase>
    <testcase time="0.0330000000000013" classname="row_values" name="radqlqc_produces_expected_values">
      <error type="error" message="Error in `get_qs_data(adsl, n_assessments = 5L, seed = seed, na_percentage = 0.1)`: object 'eortc_qlq_c30' not found ('test-row_values.R:134:3')">Error in `get_qs_data(adsl, n_assessments = 5L, seed = seed, na_percentage = 0.1)`: object 'eortc_qlq_c30' not found
Backtrace:
    x
 1. +-random.cdisc.data::radqlqc(adsl, percent = 80, number = 2, seed = 1) at test-row_values.R:134:2
 2. | \-random.cdisc.data:::get_qs_data(...)
 3. |   +-... %&gt;% select(-publication_name)
 4. |   \-dplyr::filter(...)
 5. \-dplyr::select(., -publication_name)</error>
    </testcase>
    <testcase time="1.045" classname="row_values" name="radqs_produces_expected_values">
      <skipped message="Reason: On CRAN ('test-row_values.R:147:3')"/>
    </testcase>
    <testcase time="0.555" classname="row_values" name="radrs_produces_expected_values">
      <skipped message="Reason: On CRAN ('test-row_values.R:157:3')"/>
    </testcase>
    <testcase time="0.705999999999996" classname="row_values" name="radsaftte_produces_expected_values">
      <skipped message="Reason: On CRAN ('test-row_values.R:167:3')"/>
    </testcase>
    <testcase time="0.326000000000001" classname="row_values" name="radsub_produces_expected_values">
      <skipped message="Reason: On CRAN ('test-row_values.R:177:3')"/>
    </testcase>
    <testcase time="0.5" classname="row_values" name="radtr_produces_expected_values">
      <skipped message="Reason: On CRAN ('test-row_values.R:187:3')"/>
    </testcase>
    <testcase time="0.679000000000002" classname="row_values" name="radtte_produces_expected_values">
      <skipped message="Reason: On CRAN ('test-row_values.R:197:3')"/>
    </testcase>
    <testcase time="1.272" classname="row_values" name="radvs_produces_expected_values">
      <skipped message="Reason: On CRAN ('test-row_values.R:207:3')"/>
    </testcase>
  </testsuite>
  <testsuite name="utils" timestamp="2023-07-13T04:09:31Z" hostname="79bb207fe44e" tests="21" skipped="0" failures="0" errors="0" time="0.661">
    <testcase time="0.0579999999999998" classname="utils" name="get_cached_data_returns_correct_error_message"/>
    <testcase time="0.0260000000000034" classname="utils" name="sample_fct_works_as_expected"/>
    <testcase time="0.0129999999999981" classname="utils" name="relvar_init_works_as_expected"/>
    <testcase time="0.017000000000003" classname="utils" name="relvar_init_returns_correct_error_message"/>
    <testcase time="0.0150000000000006" classname="utils" name="rel_var_works_as_expected"/>
    <testcase time="0.0069999999999979" classname="utils" name="rel_var_works_as_expected"/>
    <testcase time="0.0150000000000006" classname="utils" name="visit_schedule_works_with_WEEK_visit_format"/>
    <testcase time="0.0150000000000006" classname="utils" name="visit_schedule_works_with_CycLe_visit_format"/>
    <testcase time="0.346000000000004" classname="utils" name="retain_works_as_expected"/>
    <testcase time="0.0159999999999982" classname="utils" name="var_relabel_works_as_expected"/>
    <testcase time="0.0180000000000007" classname="utils" name="var_relabel_returns_correct_error_message"/>
    <testcase time="0.0139999999999958" classname="utils" name="replace_na_works_as_expected"/>
    <testcase time="0.00600000000000023" classname="utils" name="replace_na_works_as_expected"/>
    <testcase time="0.0219999999999985" classname="utils" name="mutate_na_works_as_expected"/>
    <testcase time="0.00600000000000023" classname="utils" name="mutate_na_works_as_expected"/>
    <testcase time="0.00600000000000023" classname="utils" name="mutate_na_works_as_expected"/>
    <testcase time="0.007000000000005" classname="utils" name="mutate_na_works_as_expected"/>
    <testcase time="0.0150000000000006" classname="utils" name="rtpois_works_as_expected"/>
    <testcase time="0.0169999999999959" classname="utils" name="rtexp_works_as_expected"/>
    <testcase time="0.007000000000005" classname="utils" name="rtexp_works_as_expected"/>
    <testcase time="0.0149999999999935" classname="utils" name="rtexp_works_as_expected"/>
  </testsuite>
</testsuites>
