<?xml version="1.0" encoding="UTF-8"?>
<testsuites>
  <testsuite name="metadata" timestamp="2024-05-13T15:54:20Z" hostname="53ac96c803ce" tests="20" skipped="0" failures="0" errors="1" time="7.788">
    <testcase time="0.322" classname="metadata" name="metadata_matches_radsl"/>
    <testcase time="0.313" classname="metadata" name="metadata_matches_radab"/>
    <testcase time="0.395" classname="metadata" name="metadata_matches_radae"/>
    <testcase time="0.385" classname="metadata" name="metadata_matches_radaette"/>
    <testcase time="0.294" classname="metadata" name="metadata_matches_radcm"/>
    <testcase time="0.227" classname="metadata" name="metadata_matches_raddv"/>
    <testcase time="0.683" classname="metadata" name="metadata_matches_radeg"/>
    <testcase time="0.638" classname="metadata" name="metadata_matches_radex"/>
    <testcase time="0.284" classname="metadata" name="metadata_matches_radhy"/>
    <testcase time="0.635999999999999" classname="metadata" name="metadata_matches_radlb"/>
    <testcase time="0.318000000000001" classname="metadata" name="metadata_matches_radmh"/>
    <testcase time="0.208" classname="metadata" name="metadata_matches_radpc"/>
    <testcase time="0.192" classname="metadata" name="metadata_matches_radpp"/>
    <testcase time="0.462" classname="metadata" name="metadata_matches_radqlqc">
      <error type="error" message="Error in `select(adsl, USUBJID, TRTSDTM, EOSDT, EOSSTT, DCSREAS, DTHDT)`: promise already under evaluation: recursive default argument reference or earlier problems? ('test-metadata.R:158:3')">Error in `select(adsl, USUBJID, TRTSDTM, EOSDT, EOSSTT, DCSREAS, DTHDT)`: promise already under evaluation: recursive default argument reference or earlier problems?
Backtrace:
    x
 1. \-random.cdisc.data::radqlqc(adsl, percent = 80, number = 2, seed = 1) at test-metadata.R:158:3
 2.   \-random.cdisc.data:::calc_scales(adqlqc1, ex028)
 3.     \-random.cdisc.data:::get_ex028()
 4.       \-dplyr::select(...)</error>
    </testcase>
    <testcase time="0.524" classname="metadata" name="metadata_matches_radqs"/>
    <testcase time="0.338" classname="metadata" name="metadata_matches_radrs"/>
    <testcase time="0.229" classname="metadata" name="metadata_matches_radsub"/>
    <testcase time="0.37" classname="metadata" name="metadata_matches_radtr"/>
    <testcase time="0.364999999999999" classname="metadata" name="metadata_matches_radtte"/>
    <testcase time="0.605" classname="metadata" name="metadata_matches_radvs"/>
  </testsuite>
  <testsuite name="rdata" timestamp="2024-05-13T15:54:27Z" hostname="53ac96c803ce" tests="37" skipped="0" failures="0" errors="1" time="8.106">
    <testcase time="0.184000000000001" classname="rdata" name="r_data_functions_work"/>
    <testcase time="0.288" classname="rdata" name="r_data_functions_work"/>
    <testcase time="0.218" classname="rdata" name="r_data_functions_work"/>
    <testcase time="0.126999999999999" classname="rdata" name="r_data_functions_work"/>
    <testcase time="0.0600000000000005" classname="rdata" name="r_data_functions_work"/>
    <testcase time="0.522" classname="rdata" name="r_data_functions_work"/>
    <testcase time="0.465999999999999" classname="rdata" name="r_data_functions_work"/>
    <testcase time="0.117000000000001" classname="rdata" name="r_data_functions_work"/>
    <testcase time="0.493" classname="rdata" name="r_data_functions_work"/>
    <testcase time="0.165999999999999" classname="rdata" name="r_data_functions_work"/>
    <testcase time="0.0570000000000004" classname="rdata" name="r_data_functions_work"/>
    <testcase time="0.0850000000000009" classname="rdata" name="r_data_functions_work"/>
    <testcase time="0.0220000000000002" classname="rdata" name="r_data_functions_work"/>
    <testcase time="0.302999999999999" classname="rdata" name="r_data_functions_work">
      <error type="error" message="Error in `select(adsl, USUBJID, TRTSDTM, EOSDT, EOSSTT, DCSREAS, DTHDT)`: promise already under evaluation: recursive default argument reference or earlier problems? ('test-rdata.R:15:3')">Error in `select(adsl, USUBJID, TRTSDTM, EOSDT, EOSSTT, DCSREAS, DTHDT)`: promise already under evaluation: recursive default argument reference or earlier problems?
Backtrace:
     x
  1. +-testthat::expect_silent(...) at test-rdata.R:15:3
  2. | \-testthat:::quasi_capture(enquo(object), NULL, evaluate_promise)
  3. |   +-testthat (local) .capture(...)
  4. |   | +-withr::with_output_sink(...)
  5. |   | | \-base::force(code)
  6. |   | +-base::withCallingHandlers(...)
  7. |   | \-base::withVisible(code)
  8. |   \-rlang::eval_bare(quo_get_expr(.quo), quo_get_env(.quo))
  9. \-random.cdisc.data::radqlqc(adsl, percent = 80, number = 2, seed = 1)
 10.   \-random.cdisc.data:::calc_scales(adqlqc1, ex028)
 11.     \-random.cdisc.data:::get_ex028()
 12.       \-dplyr::select(...)</error>
    </testcase>
    <testcase time="0.032" classname="rdata" name="r_data_with_cached_TRUE"/>
    <testcase time="0.00600000000000023" classname="rdata" name="r_data_with_cached_TRUE"/>
    <testcase time="0.00699999999999967" classname="rdata" name="r_data_with_cached_TRUE"/>
    <testcase time="0.0080000000000009" classname="rdata" name="r_data_with_cached_TRUE"/>
    <testcase time="0.00199999999999889" classname="rdata" name="r_data_with_cached_TRUE"/>
    <testcase time="0.027000000000001" classname="rdata" name="r_data_with_cached_TRUE"/>
    <testcase time="0.0139999999999993" classname="rdata" name="r_data_with_cached_TRUE"/>
    <testcase time="0.0280000000000005" classname="rdata" name="r_data_with_cached_TRUE"/>
    <testcase time="0.0190000000000001" classname="rdata" name="r_data_with_cached_TRUE"/>
    <testcase time="0.00499999999999901" classname="rdata" name="r_data_with_cached_TRUE"/>
    <testcase time="0.0129999999999999" classname="rdata" name="r_data_with_cached_TRUE"/>
    <testcase time="0.00100000000000122" classname="rdata" name="r_data_with_cached_TRUE"/>
    <testcase time="0.0999999999999996" classname="rdata" name="r_data_with_cached_TRUE"/>
    <testcase time="0.020999999999999" classname="rdata" name="r_data_with_cached_TRUE"/>
    <testcase time="0.0080000000000009" classname="rdata" name="r_data_with_cached_TRUE"/>
    <testcase time="0.00499999999999901" classname="rdata" name="r_data_with_cached_TRUE"/>
    <testcase time="0.0080000000000009" classname="rdata" name="r_data_with_cached_TRUE"/>
    <testcase time="0.00500000000000078" classname="rdata" name="r_data_with_cached_TRUE"/>
    <testcase time="0.0299999999999994" classname="rdata" name="r_data_with_cached_TRUE"/>
    <testcase time="0.145" classname="rdata" name="seed_works"/>
    <testcase time="1.144" classname="rdata" name="radsl_works_with_large_N"/>
    <testcase time="0.00699999999999967" classname="rdata" name="radsl_has_no_LSTALVDT_greater_than_DTHDT"/>
    <testcase time="3.363" classname="rdata" name="radcm_works_with_who_coding_TRUE"/>
  </testsuite>
  <testsuite name="row_values" timestamp="2024-05-13T15:54:36Z" hostname="53ac96c803ce" tests="21" skipped="20" failures="0" errors="1" time="7.196">
    <testcase time="0.390999999999998" classname="row_values" name="radsl_produces_expected_values">
      <skipped message="Reason: On CRAN ('test-row_values.R:9:3')"/>
    </testcase>
    <testcase time="0.370000000000001" classname="row_values" name="radae_produces_expected_values">
      <skipped message="Reason: On CRAN ('test-row_values.R:19:3')"/>
    </testcase>
    <testcase time="0.341000000000001" classname="row_values" name="radaette_produces_expected_values">
      <skipped message="Reason: On CRAN ('test-row_values.R:29:3')"/>
    </testcase>
    <testcase time="0.273999999999997" classname="row_values" name="radcm_produces_expected_values">
      <skipped message="Reason: On CRAN ('test-row_values.R:39:3')"/>
    </testcase>
    <testcase time="0.166" classname="row_values" name="raddv_produces_expected_values">
      <skipped message="Reason: On CRAN ('test-row_values.R:49:3')"/>
    </testcase>
    <testcase time="0.721" classname="row_values" name="radeg_produces_expected_values">
      <skipped message="Reason: On CRAN ('test-row_values.R:59:3')"/>
    </testcase>
    <testcase time="0.643000000000001" classname="row_values" name="radex_produces_expected_values">
      <skipped message="Reason: On CRAN ('test-row_values.R:69:3')"/>
    </testcase>
    <testcase time="0.262" classname="row_values" name="radhy_produces_expected_values">
      <skipped message="Reason: On CRAN ('test-row_values.R:79:3')"/>
    </testcase>
    <testcase time="0.683" classname="row_values" name="radlb_produces_expected_values">
      <skipped message="Reason: On CRAN ('test-row_values.R:89:3')"/>
    </testcase>
    <testcase time="0.268000000000001" classname="row_values" name="radmh_produces_expected_values">
      <skipped message="Reason: On CRAN ('test-row_values.R:99:3')"/>
    </testcase>
    <testcase time="0.146999999999998" classname="row_values" name="radpc_produces_expected_values">
      <skipped message="Reason: On CRAN ('test-row_values.R:107:3')"/>
    </testcase>
    <testcase time="0.138000000000002" classname="row_values" name="radab_produces_expected_values">
      <skipped message="Reason: On CRAN ('test-row_values.R:117:3')"/>
    </testcase>
    <testcase time="0.0449999999999982" classname="row_values" name="radpp_produces_expected_values">
      <skipped message="Reason: On CRAN ('test-row_values.R:127:3')"/>
    </testcase>
    <testcase time="0.322000000000003" classname="row_values" name="radqlqc_produces_expected_values">
      <error type="error" message="Error in `select(adsl, USUBJID, TRTSDTM, EOSDT, EOSSTT, DCSREAS, DTHDT)`: promise already under evaluation: recursive default argument reference or earlier problems? ('test-row_values.R:134:3')">Error in `select(adsl, USUBJID, TRTSDTM, EOSDT, EOSSTT, DCSREAS, DTHDT)`: promise already under evaluation: recursive default argument reference or earlier problems?
Backtrace:
    x
 1. \-random.cdisc.data::radqlqc(adsl, percent = 80, number = 2, seed = 1) at test-row_values.R:134:3
 2.   \-random.cdisc.data:::calc_scales(adqlqc1, ex028)
 3.     \-random.cdisc.data:::get_ex028()
 4.       \-dplyr::select(...)</error>
    </testcase>
    <testcase time="0.556999999999999" classname="row_values" name="radqs_produces_expected_values">
      <skipped message="Reason: On CRAN ('test-row_values.R:147:3')"/>
    </testcase>
    <testcase time="0.242000000000001" classname="row_values" name="radrs_produces_expected_values">
      <skipped message="Reason: On CRAN ('test-row_values.R:157:3')"/>
    </testcase>
    <testcase time="0.329999999999998" classname="row_values" name="radsaftte_produces_expected_values">
      <skipped message="Reason: On CRAN ('test-row_values.R:167:3')"/>
    </testcase>
    <testcase time="0.158000000000001" classname="row_values" name="radsub_produces_expected_values">
      <skipped message="Reason: On CRAN ('test-row_values.R:177:3')"/>
    </testcase>
    <testcase time="0.221" classname="row_values" name="radtr_produces_expected_values">
      <skipped message="Reason: On CRAN ('test-row_values.R:187:3')"/>
    </testcase>
    <testcase time="0.312000000000001" classname="row_values" name="radtte_produces_expected_values">
      <skipped message="Reason: On CRAN ('test-row_values.R:197:3')"/>
    </testcase>
    <testcase time="0.604999999999997" classname="row_values" name="radvs_produces_expected_values">
      <skipped message="Reason: On CRAN ('test-row_values.R:207:3')"/>
    </testcase>
  </testsuite>
  <testsuite name="utils" timestamp="2024-05-13T15:54:43Z" hostname="53ac96c803ce" tests="21" skipped="0" failures="0" errors="0" time="0.235">
    <testcase time="0.0300000000000011" classname="utils" name="get_cached_data_returns_correct_error_message"/>
    <testcase time="0.00499999999999901" classname="utils" name="sample_fct_works_as_expected"/>
    <testcase time="0.0120000000000005" classname="utils" name="relvar_init_works_as_expected"/>
    <testcase time="0.00799999999999912" classname="utils" name="relvar_init_returns_correct_error_message"/>
    <testcase time="0.00600000000000023" classname="utils" name="rel_var_works_as_expected"/>
    <testcase time="0.00300000000000011" classname="utils" name="rel_var_works_as_expected"/>
    <testcase time="0.00700000000000145" classname="utils" name="visit_schedule_works_with_WEEK_visit_format"/>
    <testcase time="0.00700000000000145" classname="utils" name="visit_schedule_works_with_CycLe_visit_format"/>
    <testcase time="0.0949999999999989" classname="utils" name="retain_works_as_expected"/>
    <testcase time="0.00600000000000023" classname="utils" name="rcd_var_relabel_works_as_expected"/>
    <testcase time="0.0069999999999979" classname="utils" name="rcd_var_relabel_returns_correct_error_message"/>
    <testcase time="0.0120000000000005" classname="utils" name="replace_na_works_as_expected"/>
    <testcase time="0.00300000000000011" classname="utils" name="replace_na_works_as_expected"/>
    <testcase time="0.00900000000000034" classname="utils" name="mutate_na_works_as_expected"/>
    <testcase time="0.00300000000000011" classname="utils" name="mutate_na_works_as_expected"/>
    <testcase time="0.00199999999999889" classname="utils" name="mutate_na_works_as_expected"/>
    <testcase time="0.00300000000000011" classname="utils" name="mutate_na_works_as_expected"/>
    <testcase time="0.00500000000000256" classname="utils" name="rtpois_works_as_expected"/>
    <testcase time="0.00600000000000023" classname="utils" name="rtexp_works_as_expected"/>
    <testcase time="0.00300000000000011" classname="utils" name="rtexp_works_as_expected"/>
    <testcase time="0.00300000000000011" classname="utils" name="rtexp_works_as_expected"/>
  </testsuite>
</testsuites>
