<?xml version="1.0" encoding="UTF-8"?>
<testsuites>
  <testsuite name="metadata" timestamp="2024-04-04T14:31:47Z" hostname="e3e58487e145" tests="20" skipped="0" failures="0" errors="0" time="8.529">
    <testcase time="0.312" classname="metadata" name="metadata_matches_radsl"/>
    <testcase time="0.298" classname="metadata" name="metadata_matches_radab"/>
    <testcase time="0.367" classname="metadata" name="metadata_matches_radae"/>
    <testcase time="0.368" classname="metadata" name="metadata_matches_radaette"/>
    <testcase time="0.277" classname="metadata" name="metadata_matches_radcm"/>
    <testcase time="0.212" classname="metadata" name="metadata_matches_raddv"/>
    <testcase time="0.665" classname="metadata" name="metadata_matches_radeg"/>
    <testcase time="0.611" classname="metadata" name="metadata_matches_radex"/>
    <testcase time="0.264" classname="metadata" name="metadata_matches_radhy"/>
    <testcase time="0.616" classname="metadata" name="metadata_matches_radlb"/>
    <testcase time="0.295" classname="metadata" name="metadata_matches_radmh"/>
    <testcase time="0.197" classname="metadata" name="metadata_matches_radpc"/>
    <testcase time="0.179" classname="metadata" name="metadata_matches_radpp"/>
    <testcase time="1.695" classname="metadata" name="metadata_matches_radqlqc"/>
    <testcase time="0.457" classname="metadata" name="metadata_matches_radqs"/>
    <testcase time="0.313000000000001" classname="metadata" name="metadata_matches_radrs"/>
    <testcase time="0.206" classname="metadata" name="metadata_matches_radsub"/>
    <testcase time="0.405" classname="metadata" name="metadata_matches_radtr"/>
    <testcase time="0.281000000000001" classname="metadata" name="metadata_matches_radtte"/>
    <testcase time="0.510999999999999" classname="metadata" name="metadata_matches_radvs"/>
  </testsuite>
  <testsuite name="rdata" timestamp="2024-04-04T14:31:55Z" hostname="e3e58487e145" tests="44" skipped="0" failures="0" errors="0" time="10.78">
    <testcase time="0.103" classname="rdata" name="r_data_functions_work"/>
    <testcase time="0.212" classname="rdata" name="r_data_functions_work"/>
    <testcase time="0.213000000000001" classname="rdata" name="r_data_functions_work"/>
    <testcase time="0.124000000000001" classname="rdata" name="r_data_functions_work"/>
    <testcase time="0.0589999999999993" classname="rdata" name="r_data_functions_work"/>
    <testcase time="0.516999999999999" classname="rdata" name="r_data_functions_work"/>
    <testcase time="0.451000000000001" classname="rdata" name="r_data_functions_work"/>
    <testcase time="0.111000000000001" classname="rdata" name="r_data_functions_work"/>
    <testcase time="0.482999999999999" classname="rdata" name="r_data_functions_work"/>
    <testcase time="0.143000000000001" classname="rdata" name="r_data_functions_work"/>
    <testcase time="0.0399999999999991" classname="rdata" name="r_data_functions_work"/>
    <testcase time="0.0660000000000007" classname="rdata" name="r_data_functions_work"/>
    <testcase time="0.0220000000000002" classname="rdata" name="r_data_functions_work"/>
    <testcase time="1.589" classname="rdata" name="r_data_functions_work"/>
    <testcase time="0.318" classname="rdata" name="r_data_functions_work"/>
    <testcase time="0.132999999999999" classname="rdata" name="r_data_functions_work"/>
    <testcase time="0.219000000000001" classname="rdata" name="r_data_functions_work"/>
    <testcase time="0.052999999999999" classname="rdata" name="r_data_functions_work"/>
    <testcase time="0.191000000000001" classname="rdata" name="r_data_functions_work"/>
    <testcase time="0.196" classname="rdata" name="r_data_functions_work"/>
    <testcase time="0.452" classname="rdata" name="r_data_functions_work"/>
    <testcase time="0.00900000000000034" classname="rdata" name="r_data_with_cached_TRUE"/>
    <testcase time="0.00600000000000023" classname="rdata" name="r_data_with_cached_TRUE"/>
    <testcase time="0.00699999999999967" classname="rdata" name="r_data_with_cached_TRUE"/>
    <testcase time="0.00900000000000034" classname="rdata" name="r_data_with_cached_TRUE"/>
    <testcase time="0.00199999999999889" classname="rdata" name="r_data_with_cached_TRUE"/>
    <testcase time="0.0280000000000005" classname="rdata" name="r_data_with_cached_TRUE"/>
    <testcase time="0.0139999999999993" classname="rdata" name="r_data_with_cached_TRUE"/>
    <testcase time="0.032" classname="rdata" name="r_data_with_cached_TRUE"/>
    <testcase time="0.0200000000000014" classname="rdata" name="r_data_with_cached_TRUE"/>
    <testcase time="0.00600000000000023" classname="rdata" name="r_data_with_cached_TRUE"/>
    <testcase time="0.016" classname="rdata" name="r_data_with_cached_TRUE"/>
    <testcase time="0.00199999999999889" classname="rdata" name="r_data_with_cached_TRUE"/>
    <testcase time="0.108000000000001" classname="rdata" name="r_data_with_cached_TRUE"/>
    <testcase time="0.0239999999999991" classname="rdata" name="r_data_with_cached_TRUE"/>
    <testcase time="0.00700000000000145" classname="rdata" name="r_data_with_cached_TRUE"/>
    <testcase time="0.00599999999999845" classname="rdata" name="r_data_with_cached_TRUE"/>
    <testcase time="0.00900000000000034" classname="rdata" name="r_data_with_cached_TRUE"/>
    <testcase time="0.00600000000000023" classname="rdata" name="r_data_with_cached_TRUE"/>
    <testcase time="0.0340000000000007" classname="rdata" name="r_data_with_cached_TRUE"/>
    <testcase time="0.144" classname="rdata" name="seed_works"/>
    <testcase time="1.222" classname="rdata" name="radsl_works_with_large_N"/>
    <testcase time="0.00799999999999912" classname="rdata" name="radsl_has_no_LSTALVDT_greater_than_DTHDT"/>
    <testcase time="3.366" classname="rdata" name="radcm_works_with_who_coding_TRUE"/>
  </testsuite>
  <testsuite name="row_values" timestamp="2024-04-04T14:32:06Z" hostname="e3e58487e145" tests="21" skipped="21" failures="0" errors="0" time="8.508">
    <testcase time="0.419" classname="row_values" name="radsl_produces_expected_values">
      <skipped message="Reason: On CRAN ('test-row_values.R:9:3')"/>
    </testcase>
    <testcase time="0.363" classname="row_values" name="radae_produces_expected_values">
      <skipped message="Reason: On CRAN ('test-row_values.R:19:3')"/>
    </testcase>
    <testcase time="0.341000000000001" classname="row_values" name="radaette_produces_expected_values">
      <skipped message="Reason: On CRAN ('test-row_values.R:29:3')"/>
    </testcase>
    <testcase time="0.257000000000001" classname="row_values" name="radcm_produces_expected_values">
      <skipped message="Reason: On CRAN ('test-row_values.R:39:3')"/>
    </testcase>
    <testcase time="0.164999999999999" classname="row_values" name="raddv_produces_expected_values">
      <skipped message="Reason: On CRAN ('test-row_values.R:49:3')"/>
    </testcase>
    <testcase time="0.678999999999998" classname="row_values" name="radeg_produces_expected_values">
      <skipped message="Reason: On CRAN ('test-row_values.R:59:3')"/>
    </testcase>
    <testcase time="0.584" classname="row_values" name="radex_produces_expected_values">
      <skipped message="Reason: On CRAN ('test-row_values.R:69:3')"/>
    </testcase>
    <testcase time="0.255000000000003" classname="row_values" name="radhy_produces_expected_values">
      <skipped message="Reason: On CRAN ('test-row_values.R:79:3')"/>
    </testcase>
    <testcase time="0.674999999999997" classname="row_values" name="radlb_produces_expected_values">
      <skipped message="Reason: On CRAN ('test-row_values.R:89:3')"/>
    </testcase>
    <testcase time="0.265000000000001" classname="row_values" name="radmh_produces_expected_values">
      <skipped message="Reason: On CRAN ('test-row_values.R:99:3')"/>
    </testcase>
    <testcase time="0.146000000000001" classname="row_values" name="radpc_produces_expected_values">
      <skipped message="Reason: On CRAN ('test-row_values.R:107:3')"/>
    </testcase>
    <testcase time="0.125" classname="row_values" name="radab_produces_expected_values">
      <skipped message="Reason: On CRAN ('test-row_values.R:117:3')"/>
    </testcase>
    <testcase time="0.0450000000000017" classname="row_values" name="radpp_produces_expected_values">
      <skipped message="Reason: On CRAN ('test-row_values.R:127:3')"/>
    </testcase>
    <testcase time="1.911" classname="row_values" name="radqlqc_produces_expected_values">
      <skipped message="Reason: On CRAN ('test-row_values.R:137:3')"/>
    </testcase>
    <testcase time="0.451000000000001" classname="row_values" name="radqs_produces_expected_values">
      <skipped message="Reason: On CRAN ('test-row_values.R:147:3')"/>
    </testcase>
    <testcase time="0.239000000000001" classname="row_values" name="radrs_produces_expected_values">
      <skipped message="Reason: On CRAN ('test-row_values.R:157:3')"/>
    </testcase>
    <testcase time="0.321999999999999" classname="row_values" name="radsaftte_produces_expected_values">
      <skipped message="Reason: On CRAN ('test-row_values.R:167:3')"/>
    </testcase>
    <testcase time="0.163" classname="row_values" name="radsub_produces_expected_values">
      <skipped message="Reason: On CRAN ('test-row_values.R:177:3')"/>
    </testcase>
    <testcase time="0.201000000000001" classname="row_values" name="radtr_produces_expected_values">
      <skipped message="Reason: On CRAN ('test-row_values.R:187:3')"/>
    </testcase>
    <testcase time="0.300000000000001" classname="row_values" name="radtte_produces_expected_values">
      <skipped message="Reason: On CRAN ('test-row_values.R:197:3')"/>
    </testcase>
    <testcase time="0.602" classname="row_values" name="radvs_produces_expected_values">
      <skipped message="Reason: On CRAN ('test-row_values.R:207:3')"/>
    </testcase>
  </testsuite>
  <testsuite name="utils" timestamp="2024-04-04T14:32:15Z" hostname="e3e58487e145" tests="21" skipped="0" failures="0" errors="0" time="0.224">
    <testcase time="0.032" classname="utils" name="get_cached_data_returns_correct_error_message"/>
    <testcase time="0.00499999999999901" classname="utils" name="sample_fct_works_as_expected"/>
    <testcase time="0.00499999999999901" classname="utils" name="relvar_init_works_as_expected"/>
    <testcase time="0.00799999999999912" classname="utils" name="relvar_init_returns_correct_error_message"/>
    <testcase time="0.00600000000000023" classname="utils" name="rel_var_works_as_expected"/>
    <testcase time="0.00300000000000011" classname="utils" name="rel_var_works_as_expected"/>
    <testcase time="0.00600000000000023" classname="utils" name="visit_schedule_works_with_WEEK_visit_format"/>
    <testcase time="0.00600000000000023" classname="utils" name="visit_schedule_works_with_CycLe_visit_format"/>
    <testcase time="0.100000000000001" classname="utils" name="retain_works_as_expected"/>
    <testcase time="0.00499999999999901" classname="utils" name="rcd_var_relabel_works_as_expected"/>
    <testcase time="0.0069999999999979" classname="utils" name="rcd_var_relabel_returns_correct_error_message"/>
    <testcase time="0.00500000000000256" classname="utils" name="replace_na_works_as_expected"/>
    <testcase time="0.00300000000000011" classname="utils" name="replace_na_works_as_expected"/>
    <testcase time="0.00899999999999679" classname="utils" name="mutate_na_works_as_expected"/>
    <testcase time="0.00200000000000244" classname="utils" name="mutate_na_works_as_expected"/>
    <testcase time="0.00300000000000011" classname="utils" name="mutate_na_works_as_expected"/>
    <testcase time="0.00199999999999889" classname="utils" name="mutate_na_works_as_expected"/>
    <testcase time="0.00600000000000023" classname="utils" name="rtpois_works_as_expected"/>
    <testcase time="0.00600000000000023" classname="utils" name="rtexp_works_as_expected"/>
    <testcase time="0.00199999999999889" classname="utils" name="rtexp_works_as_expected"/>
    <testcase time="0.00300000000000011" classname="utils" name="rtexp_works_as_expected"/>
  </testsuite>
</testsuites>
