<?xml version="1.0" encoding="UTF-8"?>
<!DOCTYPE coverage SYSTEM "https://raw.githubusercontent.com/cobertura/cobertura/master/cobertura/src/site/htdocs/xml/coverage-04.dtd">
<coverage line-rate="0.987981859410431" branch-rate="0" lines-covered="4357" lines-valid="4410" branches-covered="0" branches-valid="0" complexity="0" version="3.6.4" timestamp="2025-07-31 02:02:32.168245">
  <sources>
    <source>/__w/random.cdisc.data/random.cdisc.data/random.cdisc.data</source>
  </sources>
  <packages>
    <package name="random.cdisc.data" line-rate="0.987981859410431" branch-rate="0" complexity="0">
      <classes>
        <class name="radab.R" filename="R/radab.R" line-rate="0.996551724137931" branch-rate="0" complexity="0">
          <methods>
            <method name="radab" signature="" line-rate="0.996551724137931" branch-rate="0" complexity="0">
              <lines>
                <line number="58" hits="4" branch="false"/>
                <line number="59" hits="4" branch="false"/>
                <line number="60" hits="1" branch="false"/>
                <line number="63" hits="3" branch="false"/>
                <line number="64" hits="3" branch="false"/>
                <line number="65" hits="3" branch="false"/>
                <line number="66" hits="3" branch="false"/>
                <line number="67" hits="3" branch="false"/>
                <line number="68" hits="3" branch="false"/>
                <line number="69" hits="3" branch="false"/>
                <line number="70" hits="3" branch="false"/>
                <line number="71" hits="3" branch="false"/>
                <line number="72" hits="3" branch="false"/>
                <line number="74" hits="3" branch="false"/>
                <line number="75" hits="3" branch="false"/>
                <line number="79" hits="3" branch="false"/>
                <line number="80" hits="3" branch="false"/>
                <line number="82" hits="3" branch="false"/>
                <line number="83" hits="3" branch="false"/>
                <line number="84" hits="3" branch="false"/>
                <line number="85" hits="3" branch="false"/>
                <line number="86" hits="3" branch="false"/>
                <line number="87" hits="3" branch="false"/>
                <line number="88" hits="3" branch="false"/>
                <line number="89" hits="3" branch="false"/>
                <line number="90" hits="3" branch="false"/>
                <line number="92" hits="3" branch="false"/>
                <line number="93" hits="3" branch="false"/>
                <line number="94" hits="3" branch="false"/>
                <line number="95" hits="3" branch="false"/>
                <line number="96" hits="3" branch="false"/>
                <line number="97" hits="3" branch="false"/>
                <line number="99" hits="3" branch="false"/>
                <line number="100" hits="3" branch="false"/>
                <line number="101" hits="3" branch="false"/>
                <line number="102" hits="3" branch="false"/>
                <line number="103" hits="3" branch="false"/>
                <line number="104" hits="3" branch="false"/>
                <line number="105" hits="3" branch="false"/>
                <line number="106" hits="3" branch="false"/>
                <line number="107" hits="3" branch="false"/>
                <line number="108" hits="3" branch="false"/>
                <line number="109" hits="3" branch="false"/>
                <line number="110" hits="3" branch="false"/>
                <line number="111" hits="3" branch="false"/>
                <line number="112" hits="3" branch="false"/>
                <line number="113" hits="3" branch="false"/>
                <line number="114" hits="3" branch="false"/>
                <line number="117" hits="3" branch="false"/>
                <line number="118" hits="3" branch="false"/>
                <line number="119" hits="3" branch="false"/>
                <line number="120" hits="3" branch="false"/>
                <line number="121" hits="3" branch="false"/>
                <line number="122" hits="3" branch="false"/>
                <line number="123" hits="3" branch="false"/>
                <line number="124" hits="3" branch="false"/>
                <line number="125" hits="3" branch="false"/>
                <line number="126" hits="3" branch="false"/>
                <line number="127" hits="3" branch="false"/>
                <line number="128" hits="3" branch="false"/>
                <line number="129" hits="3" branch="false"/>
                <line number="130" hits="3" branch="false"/>
                <line number="131" hits="3" branch="false"/>
                <line number="132" hits="3" branch="false"/>
                <line number="133" hits="3" branch="false"/>
                <line number="134" hits="3" branch="false"/>
                <line number="135" hits="3" branch="false"/>
                <line number="136" hits="3" branch="false"/>
                <line number="137" hits="3" branch="false"/>
                <line number="138" hits="3" branch="false"/>
                <line number="141" hits="3" branch="false"/>
                <line number="147" hits="3" branch="false"/>
                <line number="148" hits="3" branch="false"/>
                <line number="149" hits="3" branch="false"/>
                <line number="150" hits="3" branch="false"/>
                <line number="151" hits="3" branch="false"/>
                <line number="152" hits="3" branch="false"/>
                <line number="153" hits="3" branch="false"/>
                <line number="154" hits="3" branch="false"/>
                <line number="156" hits="3" branch="false"/>
                <line number="157" hits="3" branch="false"/>
                <line number="158" hits="3" branch="false"/>
                <line number="159" hits="3" branch="false"/>
                <line number="161" hits="3" branch="false"/>
                <line number="162" hits="3" branch="false"/>
                <line number="163" hits="3" branch="false"/>
                <line number="164" hits="3" branch="false"/>
                <line number="165" hits="3" branch="false"/>
                <line number="166" hits="3" branch="false"/>
                <line number="167" hits="3" branch="false"/>
                <line number="168" hits="3" branch="false"/>
                <line number="170" hits="3" branch="false"/>
                <line number="171" hits="3" branch="false"/>
                <line number="173" hits="3" branch="false"/>
                <line number="174" hits="3" branch="false"/>
                <line number="175" hits="3" branch="false"/>
                <line number="176" hits="3" branch="false"/>
                <line number="177" hits="3" branch="false"/>
                <line number="178" hits="3" branch="false"/>
                <line number="179" hits="3" branch="false"/>
                <line number="180" hits="3" branch="false"/>
                <line number="181" hits="3" branch="false"/>
                <line number="182" hits="3" branch="false"/>
                <line number="183" hits="3" branch="false"/>
                <line number="184" hits="3" branch="false"/>
                <line number="188" hits="3" branch="false"/>
                <line number="189" hits="3" branch="false"/>
                <line number="190" hits="3" branch="false"/>
                <line number="191" hits="3" branch="false"/>
                <line number="192" hits="3" branch="false"/>
                <line number="193" hits="3" branch="false"/>
                <line number="194" hits="3" branch="false"/>
                <line number="195" hits="3" branch="false"/>
                <line number="197" hits="3" branch="false"/>
                <line number="199" hits="3" branch="false"/>
                <line number="200" hits="3" branch="false"/>
                <line number="202" hits="3" branch="false"/>
                <line number="203" hits="3" branch="false"/>
                <line number="204" hits="3" branch="false"/>
                <line number="205" hits="3" branch="false"/>
                <line number="206" hits="3" branch="false"/>
                <line number="207" hits="3" branch="false"/>
                <line number="208" hits="3" branch="false"/>
                <line number="211" hits="3" branch="false"/>
                <line number="215" hits="3" branch="false"/>
                <line number="216" hits="3" branch="false"/>
                <line number="217" hits="3" branch="false"/>
                <line number="218" hits="3" branch="false"/>
                <line number="219" hits="3" branch="false"/>
                <line number="222" hits="3" branch="false"/>
                <line number="223" hits="3" branch="false"/>
                <line number="224" hits="3" branch="false"/>
                <line number="225" hits="3" branch="false"/>
                <line number="226" hits="3" branch="false"/>
                <line number="229" hits="3" branch="false"/>
                <line number="230" hits="3" branch="false"/>
                <line number="231" hits="3" branch="false"/>
                <line number="232" hits="3" branch="false"/>
                <line number="233" hits="3" branch="false"/>
                <line number="234" hits="3" branch="false"/>
                <line number="236" hits="3" branch="false"/>
                <line number="237" hits="3" branch="false"/>
                <line number="239" hits="3" branch="false"/>
                <line number="240" hits="3" branch="false"/>
                <line number="241" hits="3" branch="false"/>
                <line number="244" hits="3" branch="false"/>
                <line number="245" hits="3" branch="false"/>
                <line number="246" hits="3" branch="false"/>
                <line number="247" hits="3" branch="false"/>
                <line number="248" hits="3" branch="false"/>
                <line number="249" hits="3" branch="false"/>
                <line number="250" hits="3" branch="false"/>
                <line number="251" hits="3" branch="false"/>
                <line number="252" hits="3" branch="false"/>
                <line number="253" hits="3" branch="false"/>
                <line number="254" hits="3" branch="false"/>
                <line number="255" hits="3" branch="false"/>
                <line number="256" hits="3" branch="false"/>
                <line number="257" hits="3" branch="false"/>
                <line number="258" hits="3" branch="false"/>
                <line number="259" hits="3" branch="false"/>
                <line number="260" hits="3" branch="false"/>
                <line number="261" hits="3" branch="false"/>
                <line number="262" hits="3" branch="false"/>
                <line number="263" hits="3" branch="false"/>
                <line number="264" hits="3" branch="false"/>
                <line number="265" hits="3" branch="false"/>
                <line number="266" hits="3" branch="false"/>
                <line number="267" hits="3" branch="false"/>
                <line number="268" hits="3" branch="false"/>
                <line number="269" hits="3" branch="false"/>
                <line number="270" hits="3" branch="false"/>
                <line number="271" hits="3" branch="false"/>
                <line number="272" hits="3" branch="false"/>
                <line number="273" hits="3" branch="false"/>
                <line number="274" hits="3" branch="false"/>
                <line number="275" hits="3" branch="false"/>
                <line number="276" hits="3" branch="false"/>
                <line number="277" hits="3" branch="false"/>
                <line number="278" hits="3" branch="false"/>
                <line number="279" hits="3" branch="false"/>
                <line number="280" hits="3" branch="false"/>
                <line number="281" hits="3" branch="false"/>
                <line number="282" hits="3" branch="false"/>
                <line number="283" hits="3" branch="false"/>
                <line number="284" hits="3" branch="false"/>
                <line number="285" hits="3" branch="false"/>
                <line number="286" hits="3" branch="false"/>
                <line number="287" hits="3" branch="false"/>
                <line number="290" hits="3" branch="false"/>
                <line number="291" hits="3" branch="false"/>
                <line number="294" hits="3" branch="false"/>
                <line number="295" hits="3" branch="false"/>
                <line number="296" hits="3" branch="false"/>
                <line number="298" hits="3" branch="false"/>
                <line number="299" hits="3" branch="false"/>
                <line number="300" hits="3" branch="false"/>
                <line number="301" hits="3" branch="false"/>
                <line number="302" hits="3" branch="false"/>
                <line number="303" hits="3" branch="false"/>
                <line number="304" hits="3" branch="false"/>
                <line number="305" hits="3" branch="false"/>
                <line number="306" hits="3" branch="false"/>
                <line number="307" hits="3" branch="false"/>
                <line number="308" hits="3" branch="false"/>
                <line number="309" hits="3" branch="false"/>
                <line number="310" hits="3" branch="false"/>
                <line number="311" hits="3" branch="false"/>
                <line number="312" hits="3" branch="false"/>
                <line number="313" hits="3" branch="false"/>
                <line number="314" hits="3" branch="false"/>
                <line number="315" hits="3" branch="false"/>
                <line number="316" hits="3" branch="false"/>
                <line number="317" hits="3" branch="false"/>
                <line number="318" hits="3" branch="false"/>
                <line number="319" hits="3" branch="false"/>
                <line number="320" hits="3" branch="false"/>
                <line number="321" hits="3" branch="false"/>
                <line number="322" hits="3" branch="false"/>
                <line number="323" hits="3" branch="false"/>
                <line number="324" hits="3" branch="false"/>
                <line number="325" hits="3" branch="false"/>
                <line number="326" hits="3" branch="false"/>
                <line number="327" hits="3" branch="false"/>
                <line number="328" hits="3" branch="false"/>
                <line number="329" hits="3" branch="false"/>
                <line number="330" hits="3" branch="false"/>
                <line number="331" hits="3" branch="false"/>
                <line number="332" hits="3" branch="false"/>
                <line number="333" hits="3" branch="false"/>
                <line number="334" hits="3" branch="false"/>
                <line number="335" hits="3" branch="false"/>
                <line number="336" hits="3" branch="false"/>
                <line number="337" hits="3" branch="false"/>
                <line number="338" hits="3" branch="false"/>
                <line number="339" hits="3" branch="false"/>
                <line number="340" hits="3" branch="false"/>
                <line number="341" hits="3" branch="false"/>
                <line number="342" hits="3" branch="false"/>
                <line number="343" hits="3" branch="false"/>
                <line number="344" hits="3" branch="false"/>
                <line number="345" hits="3" branch="false"/>
                <line number="346" hits="3" branch="false"/>
                <line number="347" hits="3" branch="false"/>
                <line number="348" hits="3" branch="false"/>
                <line number="349" hits="3" branch="false"/>
                <line number="350" hits="3" branch="false"/>
                <line number="351" hits="3" branch="false"/>
                <line number="352" hits="3" branch="false"/>
                <line number="353" hits="3" branch="false"/>
                <line number="354" hits="3" branch="false"/>
                <line number="355" hits="3" branch="false"/>
                <line number="356" hits="3" branch="false"/>
                <line number="357" hits="3" branch="false"/>
                <line number="358" hits="3" branch="false"/>
                <line number="359" hits="3" branch="false"/>
                <line number="361" hits="3" branch="false"/>
                <line number="362" hits="3" branch="false"/>
                <line number="363" hits="3" branch="false"/>
                <line number="364" hits="3" branch="false"/>
                <line number="365" hits="3" branch="false"/>
                <line number="366" hits="3" branch="false"/>
                <line number="367" hits="3" branch="false"/>
                <line number="368" hits="3" branch="false"/>
                <line number="369" hits="3" branch="false"/>
                <line number="370" hits="3" branch="false"/>
                <line number="371" hits="3" branch="false"/>
                <line number="372" hits="3" branch="false"/>
                <line number="375" hits="3" branch="false"/>
                <line number="376" hits="3" branch="false"/>
                <line number="377" hits="3" branch="false"/>
                <line number="378" hits="3" branch="false"/>
                <line number="379" hits="3" branch="false"/>
                <line number="380" hits="3" branch="false"/>
                <line number="381" hits="3" branch="false"/>
                <line number="382" hits="3" branch="false"/>
                <line number="383" hits="3" branch="false"/>
                <line number="384" hits="3" branch="false"/>
                <line number="385" hits="3" branch="false"/>
                <line number="386" hits="3" branch="false"/>
                <line number="387" hits="3" branch="false"/>
                <line number="390" hits="3" branch="false"/>
                <line number="391" hits="3" branch="false"/>
                <line number="392" hits="3" branch="false"/>
                <line number="393" hits="3" branch="false"/>
                <line number="394" hits="3" branch="false"/>
                <line number="395" hits="3" branch="false"/>
                <line number="397" hits="3" branch="false"/>
                <line number="398" hits="0" branch="false"/>
                <line number="401" hits="3" branch="false"/>
              </lines>
            </method>
          </methods>
          <lines>
            <line number="58" hits="4" branch="false"/>
            <line number="59" hits="4" branch="false"/>
            <line number="60" hits="1" branch="false"/>
            <line number="63" hits="3" branch="false"/>
            <line number="64" hits="3" branch="false"/>
            <line number="65" hits="3" branch="false"/>
            <line number="66" hits="3" branch="false"/>
            <line number="67" hits="3" branch="false"/>
            <line number="68" hits="3" branch="false"/>
            <line number="69" hits="3" branch="false"/>
            <line number="70" hits="3" branch="false"/>
            <line number="71" hits="3" branch="false"/>
            <line number="72" hits="3" branch="false"/>
            <line number="74" hits="3" branch="false"/>
            <line number="75" hits="3" branch="false"/>
            <line number="79" hits="3" branch="false"/>
            <line number="80" hits="3" branch="false"/>
            <line number="82" hits="3" branch="false"/>
            <line number="83" hits="3" branch="false"/>
            <line number="84" hits="3" branch="false"/>
            <line number="85" hits="3" branch="false"/>
            <line number="86" hits="3" branch="false"/>
            <line number="87" hits="3" branch="false"/>
            <line number="88" hits="3" branch="false"/>
            <line number="89" hits="3" branch="false"/>
            <line number="90" hits="3" branch="false"/>
            <line number="92" hits="3" branch="false"/>
            <line number="93" hits="3" branch="false"/>
            <line number="94" hits="3" branch="false"/>
            <line number="95" hits="3" branch="false"/>
            <line number="96" hits="3" branch="false"/>
            <line number="97" hits="3" branch="false"/>
            <line number="99" hits="3" branch="false"/>
            <line number="100" hits="3" branch="false"/>
            <line number="101" hits="3" branch="false"/>
            <line number="102" hits="3" branch="false"/>
            <line number="103" hits="3" branch="false"/>
            <line number="104" hits="3" branch="false"/>
            <line number="105" hits="3" branch="false"/>
            <line number="106" hits="3" branch="false"/>
            <line number="107" hits="3" branch="false"/>
            <line number="108" hits="3" branch="false"/>
            <line number="109" hits="3" branch="false"/>
            <line number="110" hits="3" branch="false"/>
            <line number="111" hits="3" branch="false"/>
            <line number="112" hits="3" branch="false"/>
            <line number="113" hits="3" branch="false"/>
            <line number="114" hits="3" branch="false"/>
            <line number="117" hits="3" branch="false"/>
            <line number="118" hits="3" branch="false"/>
            <line number="119" hits="3" branch="false"/>
            <line number="120" hits="3" branch="false"/>
            <line number="121" hits="3" branch="false"/>
            <line number="122" hits="3" branch="false"/>
            <line number="123" hits="3" branch="false"/>
            <line number="124" hits="3" branch="false"/>
            <line number="125" hits="3" branch="false"/>
            <line number="126" hits="3" branch="false"/>
            <line number="127" hits="3" branch="false"/>
            <line number="128" hits="3" branch="false"/>
            <line number="129" hits="3" branch="false"/>
            <line number="130" hits="3" branch="false"/>
            <line number="131" hits="3" branch="false"/>
            <line number="132" hits="3" branch="false"/>
            <line number="133" hits="3" branch="false"/>
            <line number="134" hits="3" branch="false"/>
            <line number="135" hits="3" branch="false"/>
            <line number="136" hits="3" branch="false"/>
            <line number="137" hits="3" branch="false"/>
            <line number="138" hits="3" branch="false"/>
            <line number="141" hits="3" branch="false"/>
            <line number="147" hits="3" branch="false"/>
            <line number="148" hits="3" branch="false"/>
            <line number="149" hits="3" branch="false"/>
            <line number="150" hits="3" branch="false"/>
            <line number="151" hits="3" branch="false"/>
            <line number="152" hits="3" branch="false"/>
            <line number="153" hits="3" branch="false"/>
            <line number="154" hits="3" branch="false"/>
            <line number="156" hits="3" branch="false"/>
            <line number="157" hits="3" branch="false"/>
            <line number="158" hits="3" branch="false"/>
            <line number="159" hits="3" branch="false"/>
            <line number="161" hits="3" branch="false"/>
            <line number="162" hits="3" branch="false"/>
            <line number="163" hits="3" branch="false"/>
            <line number="164" hits="3" branch="false"/>
            <line number="165" hits="3" branch="false"/>
            <line number="166" hits="3" branch="false"/>
            <line number="167" hits="3" branch="false"/>
            <line number="168" hits="3" branch="false"/>
            <line number="170" hits="3" branch="false"/>
            <line number="171" hits="3" branch="false"/>
            <line number="173" hits="3" branch="false"/>
            <line number="174" hits="3" branch="false"/>
            <line number="175" hits="3" branch="false"/>
            <line number="176" hits="3" branch="false"/>
            <line number="177" hits="3" branch="false"/>
            <line number="178" hits="3" branch="false"/>
            <line number="179" hits="3" branch="false"/>
            <line number="180" hits="3" branch="false"/>
            <line number="181" hits="3" branch="false"/>
            <line number="182" hits="3" branch="false"/>
            <line number="183" hits="3" branch="false"/>
            <line number="184" hits="3" branch="false"/>
            <line number="188" hits="3" branch="false"/>
            <line number="189" hits="3" branch="false"/>
            <line number="190" hits="3" branch="false"/>
            <line number="191" hits="3" branch="false"/>
            <line number="192" hits="3" branch="false"/>
            <line number="193" hits="3" branch="false"/>
            <line number="194" hits="3" branch="false"/>
            <line number="195" hits="3" branch="false"/>
            <line number="197" hits="3" branch="false"/>
            <line number="199" hits="3" branch="false"/>
            <line number="200" hits="3" branch="false"/>
            <line number="202" hits="3" branch="false"/>
            <line number="203" hits="3" branch="false"/>
            <line number="204" hits="3" branch="false"/>
            <line number="205" hits="3" branch="false"/>
            <line number="206" hits="3" branch="false"/>
            <line number="207" hits="3" branch="false"/>
            <line number="208" hits="3" branch="false"/>
            <line number="211" hits="3" branch="false"/>
            <line number="215" hits="3" branch="false"/>
            <line number="216" hits="3" branch="false"/>
            <line number="217" hits="3" branch="false"/>
            <line number="218" hits="3" branch="false"/>
            <line number="219" hits="3" branch="false"/>
            <line number="222" hits="3" branch="false"/>
            <line number="223" hits="3" branch="false"/>
            <line number="224" hits="3" branch="false"/>
            <line number="225" hits="3" branch="false"/>
            <line number="226" hits="3" branch="false"/>
            <line number="229" hits="3" branch="false"/>
            <line number="230" hits="3" branch="false"/>
            <line number="231" hits="3" branch="false"/>
            <line number="232" hits="3" branch="false"/>
            <line number="233" hits="3" branch="false"/>
            <line number="234" hits="3" branch="false"/>
            <line number="236" hits="3" branch="false"/>
            <line number="237" hits="3" branch="false"/>
            <line number="239" hits="3" branch="false"/>
            <line number="240" hits="3" branch="false"/>
            <line number="241" hits="3" branch="false"/>
            <line number="244" hits="3" branch="false"/>
            <line number="245" hits="3" branch="false"/>
            <line number="246" hits="3" branch="false"/>
            <line number="247" hits="3" branch="false"/>
            <line number="248" hits="3" branch="false"/>
            <line number="249" hits="3" branch="false"/>
            <line number="250" hits="3" branch="false"/>
            <line number="251" hits="3" branch="false"/>
            <line number="252" hits="3" branch="false"/>
            <line number="253" hits="3" branch="false"/>
            <line number="254" hits="3" branch="false"/>
            <line number="255" hits="3" branch="false"/>
            <line number="256" hits="3" branch="false"/>
            <line number="257" hits="3" branch="false"/>
            <line number="258" hits="3" branch="false"/>
            <line number="259" hits="3" branch="false"/>
            <line number="260" hits="3" branch="false"/>
            <line number="261" hits="3" branch="false"/>
            <line number="262" hits="3" branch="false"/>
            <line number="263" hits="3" branch="false"/>
            <line number="264" hits="3" branch="false"/>
            <line number="265" hits="3" branch="false"/>
            <line number="266" hits="3" branch="false"/>
            <line number="267" hits="3" branch="false"/>
            <line number="268" hits="3" branch="false"/>
            <line number="269" hits="3" branch="false"/>
            <line number="270" hits="3" branch="false"/>
            <line number="271" hits="3" branch="false"/>
            <line number="272" hits="3" branch="false"/>
            <line number="273" hits="3" branch="false"/>
            <line number="274" hits="3" branch="false"/>
            <line number="275" hits="3" branch="false"/>
            <line number="276" hits="3" branch="false"/>
            <line number="277" hits="3" branch="false"/>
            <line number="278" hits="3" branch="false"/>
            <line number="279" hits="3" branch="false"/>
            <line number="280" hits="3" branch="false"/>
            <line number="281" hits="3" branch="false"/>
            <line number="282" hits="3" branch="false"/>
            <line number="283" hits="3" branch="false"/>
            <line number="284" hits="3" branch="false"/>
            <line number="285" hits="3" branch="false"/>
            <line number="286" hits="3" branch="false"/>
            <line number="287" hits="3" branch="false"/>
            <line number="290" hits="3" branch="false"/>
            <line number="291" hits="3" branch="false"/>
            <line number="294" hits="3" branch="false"/>
            <line number="295" hits="3" branch="false"/>
            <line number="296" hits="3" branch="false"/>
            <line number="298" hits="3" branch="false"/>
            <line number="299" hits="3" branch="false"/>
            <line number="300" hits="3" branch="false"/>
            <line number="301" hits="3" branch="false"/>
            <line number="302" hits="3" branch="false"/>
            <line number="303" hits="3" branch="false"/>
            <line number="304" hits="3" branch="false"/>
            <line number="305" hits="3" branch="false"/>
            <line number="306" hits="3" branch="false"/>
            <line number="307" hits="3" branch="false"/>
            <line number="308" hits="3" branch="false"/>
            <line number="309" hits="3" branch="false"/>
            <line number="310" hits="3" branch="false"/>
            <line number="311" hits="3" branch="false"/>
            <line number="312" hits="3" branch="false"/>
            <line number="313" hits="3" branch="false"/>
            <line number="314" hits="3" branch="false"/>
            <line number="315" hits="3" branch="false"/>
            <line number="316" hits="3" branch="false"/>
            <line number="317" hits="3" branch="false"/>
            <line number="318" hits="3" branch="false"/>
            <line number="319" hits="3" branch="false"/>
            <line number="320" hits="3" branch="false"/>
            <line number="321" hits="3" branch="false"/>
            <line number="322" hits="3" branch="false"/>
            <line number="323" hits="3" branch="false"/>
            <line number="324" hits="3" branch="false"/>
            <line number="325" hits="3" branch="false"/>
            <line number="326" hits="3" branch="false"/>
            <line number="327" hits="3" branch="false"/>
            <line number="328" hits="3" branch="false"/>
            <line number="329" hits="3" branch="false"/>
            <line number="330" hits="3" branch="false"/>
            <line number="331" hits="3" branch="false"/>
            <line number="332" hits="3" branch="false"/>
            <line number="333" hits="3" branch="false"/>
            <line number="334" hits="3" branch="false"/>
            <line number="335" hits="3" branch="false"/>
            <line number="336" hits="3" branch="false"/>
            <line number="337" hits="3" branch="false"/>
            <line number="338" hits="3" branch="false"/>
            <line number="339" hits="3" branch="false"/>
            <line number="340" hits="3" branch="false"/>
            <line number="341" hits="3" branch="false"/>
            <line number="342" hits="3" branch="false"/>
            <line number="343" hits="3" branch="false"/>
            <line number="344" hits="3" branch="false"/>
            <line number="345" hits="3" branch="false"/>
            <line number="346" hits="3" branch="false"/>
            <line number="347" hits="3" branch="false"/>
            <line number="348" hits="3" branch="false"/>
            <line number="349" hits="3" branch="false"/>
            <line number="350" hits="3" branch="false"/>
            <line number="351" hits="3" branch="false"/>
            <line number="352" hits="3" branch="false"/>
            <line number="353" hits="3" branch="false"/>
            <line number="354" hits="3" branch="false"/>
            <line number="355" hits="3" branch="false"/>
            <line number="356" hits="3" branch="false"/>
            <line number="357" hits="3" branch="false"/>
            <line number="358" hits="3" branch="false"/>
            <line number="359" hits="3" branch="false"/>
            <line number="361" hits="3" branch="false"/>
            <line number="362" hits="3" branch="false"/>
            <line number="363" hits="3" branch="false"/>
            <line number="364" hits="3" branch="false"/>
            <line number="365" hits="3" branch="false"/>
            <line number="366" hits="3" branch="false"/>
            <line number="367" hits="3" branch="false"/>
            <line number="368" hits="3" branch="false"/>
            <line number="369" hits="3" branch="false"/>
            <line number="370" hits="3" branch="false"/>
            <line number="371" hits="3" branch="false"/>
            <line number="372" hits="3" branch="false"/>
            <line number="375" hits="3" branch="false"/>
            <line number="376" hits="3" branch="false"/>
            <line number="377" hits="3" branch="false"/>
            <line number="378" hits="3" branch="false"/>
            <line number="379" hits="3" branch="false"/>
            <line number="380" hits="3" branch="false"/>
            <line number="381" hits="3" branch="false"/>
            <line number="382" hits="3" branch="false"/>
            <line number="383" hits="3" branch="false"/>
            <line number="384" hits="3" branch="false"/>
            <line number="385" hits="3" branch="false"/>
            <line number="386" hits="3" branch="false"/>
            <line number="387" hits="3" branch="false"/>
            <line number="390" hits="3" branch="false"/>
            <line number="391" hits="3" branch="false"/>
            <line number="392" hits="3" branch="false"/>
            <line number="393" hits="3" branch="false"/>
            <line number="394" hits="3" branch="false"/>
            <line number="395" hits="3" branch="false"/>
            <line number="397" hits="3" branch="false"/>
            <line number="398" hits="0" branch="false"/>
            <line number="401" hits="3" branch="false"/>
          </lines>
        </class>
        <class name="radae.R" filename="R/radae.R" line-rate="0.984848484848485" branch-rate="0" complexity="0">
          <methods>
            <method name="radae" signature="" line-rate="0.984848484848485" branch-rate="0" complexity="0">
              <lines>
                <line number="62" hits="4" branch="false"/>
                <line number="63" hits="4" branch="false"/>
                <line number="64" hits="1" branch="false"/>
                <line number="67" hits="3" branch="false"/>
                <line number="68" hits="3" branch="false"/>
                <line number="69" hits="3" branch="false"/>
                <line number="70" hits="3" branch="false"/>
                <line number="71" hits="3" branch="false"/>
                <line number="74" hits="3" branch="false"/>
                <line number="75" hits="3" branch="false"/>
                <line number="76" hits="0" branch="false"/>
                <line number="77" hits="3" branch="false"/>
                <line number="78" hits="3" branch="false"/>
                <line number="79" hits="3" branch="false"/>
                <line number="80" hits="3" branch="false"/>
                <line number="81" hits="3" branch="false"/>
                <line number="82" hits="3" branch="false"/>
                <line number="83" hits="3" branch="false"/>
                <line number="84" hits="3" branch="false"/>
                <line number="85" hits="3" branch="false"/>
                <line number="86" hits="3" branch="false"/>
                <line number="87" hits="3" branch="false"/>
                <line number="88" hits="3" branch="false"/>
                <line number="89" hits="3" branch="false"/>
                <line number="90" hits="3" branch="false"/>
                <line number="91" hits="3" branch="false"/>
                <line number="93" hits="3" branch="false"/>
                <line number="94" hits="3" branch="false"/>
                <line number="95" hits="0" branch="false"/>
                <line number="96" hits="3" branch="false"/>
                <line number="97" hits="3" branch="false"/>
                <line number="98" hits="3" branch="false"/>
                <line number="99" hits="3" branch="false"/>
                <line number="100" hits="3" branch="false"/>
                <line number="101" hits="3" branch="false"/>
                <line number="102" hits="3" branch="false"/>
                <line number="103" hits="3" branch="false"/>
                <line number="104" hits="3" branch="false"/>
                <line number="105" hits="3" branch="false"/>
                <line number="106" hits="3" branch="false"/>
                <line number="107" hits="3" branch="false"/>
                <line number="108" hits="3" branch="false"/>
                <line number="109" hits="3" branch="false"/>
                <line number="110" hits="3" branch="false"/>
                <line number="112" hits="3" branch="false"/>
                <line number="113" hits="3" branch="false"/>
                <line number="115" hits="3" branch="false"/>
                <line number="116" hits="3" branch="false"/>
                <line number="117" hits="3" branch="false"/>
                <line number="118" hits="3" branch="false"/>
                <line number="119" hits="3" branch="false"/>
                <line number="120" hits="3" branch="false"/>
                <line number="121" hits="3" branch="false"/>
                <line number="122" hits="3" branch="false"/>
                <line number="123" hits="3" branch="false"/>
                <line number="124" hits="3" branch="false"/>
                <line number="125" hits="3" branch="false"/>
                <line number="126" hits="3" branch="false"/>
                <line number="127" hits="3" branch="false"/>
                <line number="128" hits="3" branch="false"/>
                <line number="129" hits="3" branch="false"/>
                <line number="130" hits="3" branch="false"/>
                <line number="131" hits="3" branch="false"/>
                <line number="132" hits="3" branch="false"/>
                <line number="133" hits="3" branch="false"/>
                <line number="134" hits="3" branch="false"/>
                <line number="135" hits="3" branch="false"/>
                <line number="137" hits="3" branch="false"/>
                <line number="138" hits="3" branch="false"/>
                <line number="139" hits="3" branch="false"/>
                <line number="140" hits="3" branch="false"/>
                <line number="141" hits="3" branch="false"/>
                <line number="144" hits="3" branch="false"/>
                <line number="145" hits="3" branch="false"/>
                <line number="146" hits="3" branch="false"/>
                <line number="147" hits="3" branch="false"/>
                <line number="148" hits="3" branch="false"/>
                <line number="149" hits="3" branch="false"/>
                <line number="150" hits="3" branch="false"/>
                <line number="151" hits="3" branch="false"/>
                <line number="152" hits="3" branch="false"/>
                <line number="153" hits="3" branch="false"/>
                <line number="154" hits="3" branch="false"/>
                <line number="156" hits="3" branch="false"/>
                <line number="157" hits="3" branch="false"/>
                <line number="158" hits="3" branch="false"/>
                <line number="159" hits="3" branch="false"/>
                <line number="160" hits="3" branch="false"/>
                <line number="161" hits="3" branch="false"/>
                <line number="162" hits="3" branch="false"/>
                <line number="163" hits="3" branch="false"/>
                <line number="164" hits="3" branch="false"/>
                <line number="165" hits="3" branch="false"/>
                <line number="166" hits="3" branch="false"/>
                <line number="167" hits="3" branch="false"/>
                <line number="168" hits="3" branch="false"/>
                <line number="170" hits="3" branch="false"/>
                <line number="171" hits="3" branch="false"/>
                <line number="172" hits="3" branch="false"/>
                <line number="173" hits="3" branch="false"/>
                <line number="174" hits="3" branch="false"/>
                <line number="175" hits="3" branch="false"/>
                <line number="176" hits="3" branch="false"/>
                <line number="177" hits="3" branch="false"/>
                <line number="178" hits="3" branch="false"/>
                <line number="179" hits="3" branch="false"/>
                <line number="180" hits="3" branch="false"/>
                <line number="181" hits="3" branch="false"/>
                <line number="183" hits="3" branch="false"/>
                <line number="184" hits="3" branch="false"/>
                <line number="185" hits="3" branch="false"/>
                <line number="186" hits="3" branch="false"/>
                <line number="187" hits="3" branch="false"/>
                <line number="188" hits="3" branch="false"/>
                <line number="189" hits="3" branch="false"/>
                <line number="191" hits="3" branch="false"/>
                <line number="192" hits="3" branch="false"/>
                <line number="193" hits="3" branch="false"/>
                <line number="194" hits="3" branch="false"/>
                <line number="195" hits="3" branch="false"/>
                <line number="196" hits="3" branch="false"/>
                <line number="197" hits="3" branch="false"/>
                <line number="198" hits="3" branch="false"/>
                <line number="199" hits="3" branch="false"/>
                <line number="200" hits="3" branch="false"/>
                <line number="201" hits="3" branch="false"/>
                <line number="203" hits="3" branch="false"/>
                <line number="204" hits="3" branch="false"/>
                <line number="205" hits="3" branch="false"/>
                <line number="206" hits="3" branch="false"/>
                <line number="207" hits="3" branch="false"/>
                <line number="208" hits="3" branch="false"/>
                <line number="209" hits="3" branch="false"/>
                <line number="210" hits="3" branch="false"/>
                <line number="211" hits="3" branch="false"/>
                <line number="212" hits="3" branch="false"/>
                <line number="213" hits="3" branch="false"/>
                <line number="214" hits="3" branch="false"/>
                <line number="215" hits="3" branch="false"/>
                <line number="216" hits="3" branch="false"/>
                <line number="217" hits="3" branch="false"/>
                <line number="218" hits="3" branch="false"/>
                <line number="219" hits="3" branch="false"/>
                <line number="220" hits="3" branch="false"/>
                <line number="221" hits="3" branch="false"/>
                <line number="222" hits="3" branch="false"/>
                <line number="223" hits="3" branch="false"/>
                <line number="225" hits="3" branch="false"/>
                <line number="226" hits="3" branch="false"/>
                <line number="227" hits="3" branch="false"/>
                <line number="228" hits="3" branch="false"/>
                <line number="229" hits="3" branch="false"/>
                <line number="230" hits="3" branch="false"/>
                <line number="231" hits="3" branch="false"/>
                <line number="232" hits="3" branch="false"/>
                <line number="235" hits="3" branch="false"/>
                <line number="238" hits="3" branch="false"/>
                <line number="239" hits="3" branch="false"/>
                <line number="240" hits="3" branch="false"/>
                <line number="242" hits="3" branch="false"/>
                <line number="243" hits="3" branch="false"/>
                <line number="244" hits="3" branch="false"/>
                <line number="245" hits="3" branch="false"/>
                <line number="246" hits="3" branch="false"/>
                <line number="248" hits="3" branch="false"/>
                <line number="249" hits="3" branch="false"/>
                <line number="250" hits="3" branch="false"/>
                <line number="251" hits="3" branch="false"/>
                <line number="253" hits="3" branch="false"/>
                <line number="255" hits="3" branch="false"/>
                <line number="256" hits="3" branch="false"/>
                <line number="257" hits="3" branch="false"/>
                <line number="258" hits="3" branch="false"/>
                <line number="259" hits="3" branch="false"/>
                <line number="260" hits="3" branch="false"/>
                <line number="263" hits="3" branch="false"/>
                <line number="264" hits="3" branch="false"/>
                <line number="265" hits="3" branch="false"/>
                <line number="266" hits="3" branch="false"/>
                <line number="267" hits="3" branch="false"/>
                <line number="268" hits="3" branch="false"/>
                <line number="269" hits="3" branch="false"/>
                <line number="270" hits="3" branch="false"/>
                <line number="271" hits="3" branch="false"/>
                <line number="272" hits="3" branch="false"/>
                <line number="273" hits="3" branch="false"/>
                <line number="274" hits="3" branch="false"/>
                <line number="275" hits="3" branch="false"/>
                <line number="276" hits="3" branch="false"/>
                <line number="277" hits="3" branch="false"/>
                <line number="278" hits="3" branch="false"/>
                <line number="279" hits="3" branch="false"/>
                <line number="280" hits="3" branch="false"/>
                <line number="281" hits="3" branch="false"/>
                <line number="283" hits="3" branch="false"/>
                <line number="284" hits="0" branch="false"/>
                <line number="288" hits="3" branch="false"/>
                <line number="290" hits="3" branch="false"/>
              </lines>
            </method>
          </methods>
          <lines>
            <line number="62" hits="4" branch="false"/>
            <line number="63" hits="4" branch="false"/>
            <line number="64" hits="1" branch="false"/>
            <line number="67" hits="3" branch="false"/>
            <line number="68" hits="3" branch="false"/>
            <line number="69" hits="3" branch="false"/>
            <line number="70" hits="3" branch="false"/>
            <line number="71" hits="3" branch="false"/>
            <line number="74" hits="3" branch="false"/>
            <line number="75" hits="3" branch="false"/>
            <line number="76" hits="0" branch="false"/>
            <line number="77" hits="3" branch="false"/>
            <line number="78" hits="3" branch="false"/>
            <line number="79" hits="3" branch="false"/>
            <line number="80" hits="3" branch="false"/>
            <line number="81" hits="3" branch="false"/>
            <line number="82" hits="3" branch="false"/>
            <line number="83" hits="3" branch="false"/>
            <line number="84" hits="3" branch="false"/>
            <line number="85" hits="3" branch="false"/>
            <line number="86" hits="3" branch="false"/>
            <line number="87" hits="3" branch="false"/>
            <line number="88" hits="3" branch="false"/>
            <line number="89" hits="3" branch="false"/>
            <line number="90" hits="3" branch="false"/>
            <line number="91" hits="3" branch="false"/>
            <line number="93" hits="3" branch="false"/>
            <line number="94" hits="3" branch="false"/>
            <line number="95" hits="0" branch="false"/>
            <line number="96" hits="3" branch="false"/>
            <line number="97" hits="3" branch="false"/>
            <line number="98" hits="3" branch="false"/>
            <line number="99" hits="3" branch="false"/>
            <line number="100" hits="3" branch="false"/>
            <line number="101" hits="3" branch="false"/>
            <line number="102" hits="3" branch="false"/>
            <line number="103" hits="3" branch="false"/>
            <line number="104" hits="3" branch="false"/>
            <line number="105" hits="3" branch="false"/>
            <line number="106" hits="3" branch="false"/>
            <line number="107" hits="3" branch="false"/>
            <line number="108" hits="3" branch="false"/>
            <line number="109" hits="3" branch="false"/>
            <line number="110" hits="3" branch="false"/>
            <line number="112" hits="3" branch="false"/>
            <line number="113" hits="3" branch="false"/>
            <line number="115" hits="3" branch="false"/>
            <line number="116" hits="3" branch="false"/>
            <line number="117" hits="3" branch="false"/>
            <line number="118" hits="3" branch="false"/>
            <line number="119" hits="3" branch="false"/>
            <line number="120" hits="3" branch="false"/>
            <line number="121" hits="3" branch="false"/>
            <line number="122" hits="3" branch="false"/>
            <line number="123" hits="3" branch="false"/>
            <line number="124" hits="3" branch="false"/>
            <line number="125" hits="3" branch="false"/>
            <line number="126" hits="3" branch="false"/>
            <line number="127" hits="3" branch="false"/>
            <line number="128" hits="3" branch="false"/>
            <line number="129" hits="3" branch="false"/>
            <line number="130" hits="3" branch="false"/>
            <line number="131" hits="3" branch="false"/>
            <line number="132" hits="3" branch="false"/>
            <line number="133" hits="3" branch="false"/>
            <line number="134" hits="3" branch="false"/>
            <line number="135" hits="3" branch="false"/>
            <line number="137" hits="3" branch="false"/>
            <line number="138" hits="3" branch="false"/>
            <line number="139" hits="3" branch="false"/>
            <line number="140" hits="3" branch="false"/>
            <line number="141" hits="3" branch="false"/>
            <line number="144" hits="3" branch="false"/>
            <line number="145" hits="3" branch="false"/>
            <line number="146" hits="3" branch="false"/>
            <line number="147" hits="3" branch="false"/>
            <line number="148" hits="3" branch="false"/>
            <line number="149" hits="3" branch="false"/>
            <line number="150" hits="3" branch="false"/>
            <line number="151" hits="3" branch="false"/>
            <line number="152" hits="3" branch="false"/>
            <line number="153" hits="3" branch="false"/>
            <line number="154" hits="3" branch="false"/>
            <line number="156" hits="3" branch="false"/>
            <line number="157" hits="3" branch="false"/>
            <line number="158" hits="3" branch="false"/>
            <line number="159" hits="3" branch="false"/>
            <line number="160" hits="3" branch="false"/>
            <line number="161" hits="3" branch="false"/>
            <line number="162" hits="3" branch="false"/>
            <line number="163" hits="3" branch="false"/>
            <line number="164" hits="3" branch="false"/>
            <line number="165" hits="3" branch="false"/>
            <line number="166" hits="3" branch="false"/>
            <line number="167" hits="3" branch="false"/>
            <line number="168" hits="3" branch="false"/>
            <line number="170" hits="3" branch="false"/>
            <line number="171" hits="3" branch="false"/>
            <line number="172" hits="3" branch="false"/>
            <line number="173" hits="3" branch="false"/>
            <line number="174" hits="3" branch="false"/>
            <line number="175" hits="3" branch="false"/>
            <line number="176" hits="3" branch="false"/>
            <line number="177" hits="3" branch="false"/>
            <line number="178" hits="3" branch="false"/>
            <line number="179" hits="3" branch="false"/>
            <line number="180" hits="3" branch="false"/>
            <line number="181" hits="3" branch="false"/>
            <line number="183" hits="3" branch="false"/>
            <line number="184" hits="3" branch="false"/>
            <line number="185" hits="3" branch="false"/>
            <line number="186" hits="3" branch="false"/>
            <line number="187" hits="3" branch="false"/>
            <line number="188" hits="3" branch="false"/>
            <line number="189" hits="3" branch="false"/>
            <line number="191" hits="3" branch="false"/>
            <line number="192" hits="3" branch="false"/>
            <line number="193" hits="3" branch="false"/>
            <line number="194" hits="3" branch="false"/>
            <line number="195" hits="3" branch="false"/>
            <line number="196" hits="3" branch="false"/>
            <line number="197" hits="3" branch="false"/>
            <line number="198" hits="3" branch="false"/>
            <line number="199" hits="3" branch="false"/>
            <line number="200" hits="3" branch="false"/>
            <line number="201" hits="3" branch="false"/>
            <line number="203" hits="3" branch="false"/>
            <line number="204" hits="3" branch="false"/>
            <line number="205" hits="3" branch="false"/>
            <line number="206" hits="3" branch="false"/>
            <line number="207" hits="3" branch="false"/>
            <line number="208" hits="3" branch="false"/>
            <line number="209" hits="3" branch="false"/>
            <line number="210" hits="3" branch="false"/>
            <line number="211" hits="3" branch="false"/>
            <line number="212" hits="3" branch="false"/>
            <line number="213" hits="3" branch="false"/>
            <line number="214" hits="3" branch="false"/>
            <line number="215" hits="3" branch="false"/>
            <line number="216" hits="3" branch="false"/>
            <line number="217" hits="3" branch="false"/>
            <line number="218" hits="3" branch="false"/>
            <line number="219" hits="3" branch="false"/>
            <line number="220" hits="3" branch="false"/>
            <line number="221" hits="3" branch="false"/>
            <line number="222" hits="3" branch="false"/>
            <line number="223" hits="3" branch="false"/>
            <line number="225" hits="3" branch="false"/>
            <line number="226" hits="3" branch="false"/>
            <line number="227" hits="3" branch="false"/>
            <line number="228" hits="3" branch="false"/>
            <line number="229" hits="3" branch="false"/>
            <line number="230" hits="3" branch="false"/>
            <line number="231" hits="3" branch="false"/>
            <line number="232" hits="3" branch="false"/>
            <line number="235" hits="3" branch="false"/>
            <line number="238" hits="3" branch="false"/>
            <line number="239" hits="3" branch="false"/>
            <line number="240" hits="3" branch="false"/>
            <line number="242" hits="3" branch="false"/>
            <line number="243" hits="3" branch="false"/>
            <line number="244" hits="3" branch="false"/>
            <line number="245" hits="3" branch="false"/>
            <line number="246" hits="3" branch="false"/>
            <line number="248" hits="3" branch="false"/>
            <line number="249" hits="3" branch="false"/>
            <line number="250" hits="3" branch="false"/>
            <line number="251" hits="3" branch="false"/>
            <line number="253" hits="3" branch="false"/>
            <line number="255" hits="3" branch="false"/>
            <line number="256" hits="3" branch="false"/>
            <line number="257" hits="3" branch="false"/>
            <line number="258" hits="3" branch="false"/>
            <line number="259" hits="3" branch="false"/>
            <line number="260" hits="3" branch="false"/>
            <line number="263" hits="3" branch="false"/>
            <line number="264" hits="3" branch="false"/>
            <line number="265" hits="3" branch="false"/>
            <line number="266" hits="3" branch="false"/>
            <line number="267" hits="3" branch="false"/>
            <line number="268" hits="3" branch="false"/>
            <line number="269" hits="3" branch="false"/>
            <line number="270" hits="3" branch="false"/>
            <line number="271" hits="3" branch="false"/>
            <line number="272" hits="3" branch="false"/>
            <line number="273" hits="3" branch="false"/>
            <line number="274" hits="3" branch="false"/>
            <line number="275" hits="3" branch="false"/>
            <line number="276" hits="3" branch="false"/>
            <line number="277" hits="3" branch="false"/>
            <line number="278" hits="3" branch="false"/>
            <line number="279" hits="3" branch="false"/>
            <line number="280" hits="3" branch="false"/>
            <line number="281" hits="3" branch="false"/>
            <line number="283" hits="3" branch="false"/>
            <line number="284" hits="0" branch="false"/>
            <line number="288" hits="3" branch="false"/>
            <line number="290" hits="3" branch="false"/>
          </lines>
        </class>
        <class name="radaette.R" filename="R/radaette.R" line-rate="0.980295566502463" branch-rate="0" complexity="0">
          <methods>
            <method name="radaette" signature="" line-rate="0.980295566502463" branch-rate="0" complexity="0">
              <lines>
                <line number="36" hits="6" branch="false"/>
                <line number="37" hits="6" branch="false"/>
                <line number="38" hits="1" branch="false"/>
                <line number="41" hits="5" branch="false"/>
                <line number="42" hits="5" branch="false"/>
                <line number="43" hits="5" branch="false"/>
                <line number="44" hits="5" branch="false"/>
                <line number="45" hits="5" branch="false"/>
                <line number="46" hits="5" branch="false"/>
                <line number="48" hits="5" branch="false"/>
                <line number="49" hits="5" branch="false"/>
                <line number="50" hits="0" branch="false"/>
                <line number="51" hits="5" branch="false"/>
                <line number="52" hits="5" branch="false"/>
                <line number="53" hits="5" branch="false"/>
                <line number="54" hits="5" branch="false"/>
                <line number="55" hits="5" branch="false"/>
                <line number="56" hits="5" branch="false"/>
                <line number="57" hits="5" branch="false"/>
                <line number="58" hits="5" branch="false"/>
                <line number="59" hits="5" branch="false"/>
                <line number="60" hits="5" branch="false"/>
                <line number="61" hits="5" branch="false"/>
                <line number="62" hits="5" branch="false"/>
                <line number="63" hits="5" branch="false"/>
                <line number="64" hits="5" branch="false"/>
                <line number="66" hits="5" branch="false"/>
                <line number="67" hits="5" branch="false"/>
                <line number="69" hits="5" branch="false"/>
                <line number="71" hits="5" branch="false"/>
                <line number="72" hits="0" branch="false"/>
                <line number="73" hits="5" branch="false"/>
                <line number="74" hits="5" branch="false"/>
                <line number="75" hits="5" branch="false"/>
                <line number="77" hits="5" branch="false"/>
                <line number="78" hits="0" branch="false"/>
                <line number="79" hits="5" branch="false"/>
                <line number="80" hits="5" branch="false"/>
                <line number="81" hits="5" branch="false"/>
                <line number="82" hits="5" branch="false"/>
                <line number="83" hits="5" branch="false"/>
                <line number="84" hits="5" branch="false"/>
                <line number="85" hits="5" branch="false"/>
                <line number="87" hits="5" branch="false"/>
                <line number="88" hits="5" branch="false"/>
                <line number="89" hits="5" branch="false"/>
                <line number="90" hits="5" branch="false"/>
                <line number="91" hits="5" branch="false"/>
                <line number="92" hits="5" branch="false"/>
                <line number="93" hits="5" branch="false"/>
                <line number="94" hits="5" branch="false"/>
                <line number="95" hits="5" branch="false"/>
                <line number="96" hits="5" branch="false"/>
                <line number="97" hits="5" branch="false"/>
                <line number="98" hits="5" branch="false"/>
                <line number="99" hits="5" branch="false"/>
                <line number="100" hits="5" branch="false"/>
                <line number="101" hits="5" branch="false"/>
                <line number="102" hits="5" branch="false"/>
                <line number="103" hits="5" branch="false"/>
                <line number="104" hits="5" branch="false"/>
                <line number="105" hits="5" branch="false"/>
                <line number="106" hits="5" branch="false"/>
                <line number="107" hits="5" branch="false"/>
                <line number="108" hits="5" branch="false"/>
                <line number="109" hits="5" branch="false"/>
                <line number="110" hits="5" branch="false"/>
                <line number="111" hits="5" branch="false"/>
                <line number="112" hits="5" branch="false"/>
                <line number="113" hits="5" branch="false"/>
                <line number="114" hits="5" branch="false"/>
                <line number="117" hits="5" branch="false"/>
                <line number="118" hits="5" branch="false"/>
                <line number="119" hits="5" branch="false"/>
                <line number="120" hits="5" branch="false"/>
                <line number="123" hits="5" branch="false"/>
                <line number="124" hits="5" branch="false"/>
                <line number="125" hits="5" branch="false"/>
                <line number="126" hits="5" branch="false"/>
                <line number="127" hits="5" branch="false"/>
                <line number="128" hits="5" branch="false"/>
                <line number="131" hits="5" branch="false"/>
                <line number="132" hits="5" branch="false"/>
                <line number="133" hits="5" branch="false"/>
                <line number="134" hits="5" branch="false"/>
                <line number="135" hits="5" branch="false"/>
                <line number="136" hits="5" branch="false"/>
                <line number="137" hits="5" branch="false"/>
                <line number="138" hits="5" branch="false"/>
                <line number="139" hits="5" branch="false"/>
                <line number="140" hits="5" branch="false"/>
                <line number="141" hits="5" branch="false"/>
                <line number="142" hits="5" branch="false"/>
                <line number="143" hits="5" branch="false"/>
                <line number="144" hits="5" branch="false"/>
                <line number="145" hits="5" branch="false"/>
                <line number="146" hits="5" branch="false"/>
                <line number="147" hits="5" branch="false"/>
                <line number="148" hits="5" branch="false"/>
                <line number="149" hits="5" branch="false"/>
                <line number="150" hits="5" branch="false"/>
                <line number="151" hits="5" branch="false"/>
                <line number="152" hits="5" branch="false"/>
                <line number="153" hits="5" branch="false"/>
                <line number="154" hits="5" branch="false"/>
                <line number="155" hits="5" branch="false"/>
                <line number="156" hits="5" branch="false"/>
                <line number="157" hits="5" branch="false"/>
                <line number="158" hits="5" branch="false"/>
                <line number="159" hits="5" branch="false"/>
                <line number="160" hits="5" branch="false"/>
                <line number="161" hits="5" branch="false"/>
                <line number="162" hits="5" branch="false"/>
                <line number="164" hits="5" branch="false"/>
                <line number="165" hits="5" branch="false"/>
                <line number="166" hits="5" branch="false"/>
                <line number="167" hits="5" branch="false"/>
                <line number="168" hits="5" branch="false"/>
                <line number="169" hits="5" branch="false"/>
                <line number="170" hits="5" branch="false"/>
                <line number="171" hits="5" branch="false"/>
                <line number="172" hits="5" branch="false"/>
                <line number="173" hits="5" branch="false"/>
                <line number="174" hits="5" branch="false"/>
                <line number="175" hits="5" branch="false"/>
                <line number="176" hits="5" branch="false"/>
                <line number="177" hits="5" branch="false"/>
                <line number="178" hits="5" branch="false"/>
                <line number="179" hits="5" branch="false"/>
                <line number="180" hits="5" branch="false"/>
                <line number="181" hits="5" branch="false"/>
                <line number="182" hits="5" branch="false"/>
                <line number="183" hits="5" branch="false"/>
                <line number="184" hits="5" branch="false"/>
                <line number="189" hits="5" branch="false"/>
                <line number="190" hits="5" branch="false"/>
                <line number="191" hits="5" branch="false"/>
                <line number="192" hits="5" branch="false"/>
                <line number="193" hits="5" branch="false"/>
                <line number="194" hits="5" branch="false"/>
                <line number="195" hits="5" branch="false"/>
                <line number="196" hits="5" branch="false"/>
                <line number="197" hits="5" branch="false"/>
                <line number="198" hits="5" branch="false"/>
                <line number="199" hits="5" branch="false"/>
                <line number="200" hits="5" branch="false"/>
                <line number="201" hits="5" branch="false"/>
                <line number="202" hits="5" branch="false"/>
                <line number="203" hits="5" branch="false"/>
                <line number="204" hits="5" branch="false"/>
                <line number="205" hits="5" branch="false"/>
                <line number="206" hits="5" branch="false"/>
                <line number="207" hits="5" branch="false"/>
                <line number="208" hits="5" branch="false"/>
                <line number="209" hits="5" branch="false"/>
                <line number="210" hits="5" branch="false"/>
                <line number="211" hits="5" branch="false"/>
                <line number="212" hits="5" branch="false"/>
                <line number="213" hits="5" branch="false"/>
                <line number="215" hits="5" branch="false"/>
                <line number="216" hits="5" branch="false"/>
                <line number="217" hits="5" branch="false"/>
                <line number="218" hits="5" branch="false"/>
                <line number="219" hits="5" branch="false"/>
                <line number="220" hits="5" branch="false"/>
                <line number="221" hits="5" branch="false"/>
                <line number="222" hits="5" branch="false"/>
                <line number="223" hits="5" branch="false"/>
                <line number="224" hits="5" branch="false"/>
                <line number="225" hits="5" branch="false"/>
                <line number="226" hits="5" branch="false"/>
                <line number="227" hits="5" branch="false"/>
                <line number="228" hits="5" branch="false"/>
                <line number="229" hits="5" branch="false"/>
                <line number="231" hits="5" branch="false"/>
                <line number="232" hits="5" branch="false"/>
                <line number="233" hits="5" branch="false"/>
                <line number="234" hits="5" branch="false"/>
                <line number="235" hits="5" branch="false"/>
                <line number="237" hits="5" branch="false"/>
                <line number="239" hits="5" branch="false"/>
                <line number="240" hits="5" branch="false"/>
                <line number="241" hits="5" branch="false"/>
                <line number="242" hits="5" branch="false"/>
                <line number="243" hits="5" branch="false"/>
                <line number="244" hits="5" branch="false"/>
                <line number="245" hits="5" branch="false"/>
                <line number="246" hits="5" branch="false"/>
                <line number="247" hits="5" branch="false"/>
                <line number="248" hits="5" branch="false"/>
                <line number="249" hits="5" branch="false"/>
                <line number="250" hits="5" branch="false"/>
                <line number="251" hits="5" branch="false"/>
                <line number="252" hits="5" branch="false"/>
                <line number="253" hits="5" branch="false"/>
                <line number="254" hits="5" branch="false"/>
                <line number="255" hits="5" branch="false"/>
                <line number="256" hits="5" branch="false"/>
                <line number="257" hits="5" branch="false"/>
                <line number="259" hits="5" branch="false"/>
                <line number="260" hits="0" branch="false"/>
                <line number="264" hits="5" branch="false"/>
                <line number="266" hits="5" branch="false"/>
              </lines>
            </method>
          </methods>
          <lines>
            <line number="36" hits="6" branch="false"/>
            <line number="37" hits="6" branch="false"/>
            <line number="38" hits="1" branch="false"/>
            <line number="41" hits="5" branch="false"/>
            <line number="42" hits="5" branch="false"/>
            <line number="43" hits="5" branch="false"/>
            <line number="44" hits="5" branch="false"/>
            <line number="45" hits="5" branch="false"/>
            <line number="46" hits="5" branch="false"/>
            <line number="48" hits="5" branch="false"/>
            <line number="49" hits="5" branch="false"/>
            <line number="50" hits="0" branch="false"/>
            <line number="51" hits="5" branch="false"/>
            <line number="52" hits="5" branch="false"/>
            <line number="53" hits="5" branch="false"/>
            <line number="54" hits="5" branch="false"/>
            <line number="55" hits="5" branch="false"/>
            <line number="56" hits="5" branch="false"/>
            <line number="57" hits="5" branch="false"/>
            <line number="58" hits="5" branch="false"/>
            <line number="59" hits="5" branch="false"/>
            <line number="60" hits="5" branch="false"/>
            <line number="61" hits="5" branch="false"/>
            <line number="62" hits="5" branch="false"/>
            <line number="63" hits="5" branch="false"/>
            <line number="64" hits="5" branch="false"/>
            <line number="66" hits="5" branch="false"/>
            <line number="67" hits="5" branch="false"/>
            <line number="69" hits="5" branch="false"/>
            <line number="71" hits="5" branch="false"/>
            <line number="72" hits="0" branch="false"/>
            <line number="73" hits="5" branch="false"/>
            <line number="74" hits="5" branch="false"/>
            <line number="75" hits="5" branch="false"/>
            <line number="77" hits="5" branch="false"/>
            <line number="78" hits="0" branch="false"/>
            <line number="79" hits="5" branch="false"/>
            <line number="80" hits="5" branch="false"/>
            <line number="81" hits="5" branch="false"/>
            <line number="82" hits="5" branch="false"/>
            <line number="83" hits="5" branch="false"/>
            <line number="84" hits="5" branch="false"/>
            <line number="85" hits="5" branch="false"/>
            <line number="87" hits="5" branch="false"/>
            <line number="88" hits="5" branch="false"/>
            <line number="89" hits="5" branch="false"/>
            <line number="90" hits="5" branch="false"/>
            <line number="91" hits="5" branch="false"/>
            <line number="92" hits="5" branch="false"/>
            <line number="93" hits="5" branch="false"/>
            <line number="94" hits="5" branch="false"/>
            <line number="95" hits="5" branch="false"/>
            <line number="96" hits="5" branch="false"/>
            <line number="97" hits="5" branch="false"/>
            <line number="98" hits="5" branch="false"/>
            <line number="99" hits="5" branch="false"/>
            <line number="100" hits="5" branch="false"/>
            <line number="101" hits="5" branch="false"/>
            <line number="102" hits="5" branch="false"/>
            <line number="103" hits="5" branch="false"/>
            <line number="104" hits="5" branch="false"/>
            <line number="105" hits="5" branch="false"/>
            <line number="106" hits="5" branch="false"/>
            <line number="107" hits="5" branch="false"/>
            <line number="108" hits="5" branch="false"/>
            <line number="109" hits="5" branch="false"/>
            <line number="110" hits="5" branch="false"/>
            <line number="111" hits="5" branch="false"/>
            <line number="112" hits="5" branch="false"/>
            <line number="113" hits="5" branch="false"/>
            <line number="114" hits="5" branch="false"/>
            <line number="117" hits="5" branch="false"/>
            <line number="118" hits="5" branch="false"/>
            <line number="119" hits="5" branch="false"/>
            <line number="120" hits="5" branch="false"/>
            <line number="123" hits="5" branch="false"/>
            <line number="124" hits="5" branch="false"/>
            <line number="125" hits="5" branch="false"/>
            <line number="126" hits="5" branch="false"/>
            <line number="127" hits="5" branch="false"/>
            <line number="128" hits="5" branch="false"/>
            <line number="131" hits="5" branch="false"/>
            <line number="132" hits="5" branch="false"/>
            <line number="133" hits="5" branch="false"/>
            <line number="134" hits="5" branch="false"/>
            <line number="135" hits="5" branch="false"/>
            <line number="136" hits="5" branch="false"/>
            <line number="137" hits="5" branch="false"/>
            <line number="138" hits="5" branch="false"/>
            <line number="139" hits="5" branch="false"/>
            <line number="140" hits="5" branch="false"/>
            <line number="141" hits="5" branch="false"/>
            <line number="142" hits="5" branch="false"/>
            <line number="143" hits="5" branch="false"/>
            <line number="144" hits="5" branch="false"/>
            <line number="145" hits="5" branch="false"/>
            <line number="146" hits="5" branch="false"/>
            <line number="147" hits="5" branch="false"/>
            <line number="148" hits="5" branch="false"/>
            <line number="149" hits="5" branch="false"/>
            <line number="150" hits="5" branch="false"/>
            <line number="151" hits="5" branch="false"/>
            <line number="152" hits="5" branch="false"/>
            <line number="153" hits="5" branch="false"/>
            <line number="154" hits="5" branch="false"/>
            <line number="155" hits="5" branch="false"/>
            <line number="156" hits="5" branch="false"/>
            <line number="157" hits="5" branch="false"/>
            <line number="158" hits="5" branch="false"/>
            <line number="159" hits="5" branch="false"/>
            <line number="160" hits="5" branch="false"/>
            <line number="161" hits="5" branch="false"/>
            <line number="162" hits="5" branch="false"/>
            <line number="164" hits="5" branch="false"/>
            <line number="165" hits="5" branch="false"/>
            <line number="166" hits="5" branch="false"/>
            <line number="167" hits="5" branch="false"/>
            <line number="168" hits="5" branch="false"/>
            <line number="169" hits="5" branch="false"/>
            <line number="170" hits="5" branch="false"/>
            <line number="171" hits="5" branch="false"/>
            <line number="172" hits="5" branch="false"/>
            <line number="173" hits="5" branch="false"/>
            <line number="174" hits="5" branch="false"/>
            <line number="175" hits="5" branch="false"/>
            <line number="176" hits="5" branch="false"/>
            <line number="177" hits="5" branch="false"/>
            <line number="178" hits="5" branch="false"/>
            <line number="179" hits="5" branch="false"/>
            <line number="180" hits="5" branch="false"/>
            <line number="181" hits="5" branch="false"/>
            <line number="182" hits="5" branch="false"/>
            <line number="183" hits="5" branch="false"/>
            <line number="184" hits="5" branch="false"/>
            <line number="189" hits="5" branch="false"/>
            <line number="190" hits="5" branch="false"/>
            <line number="191" hits="5" branch="false"/>
            <line number="192" hits="5" branch="false"/>
            <line number="193" hits="5" branch="false"/>
            <line number="194" hits="5" branch="false"/>
            <line number="195" hits="5" branch="false"/>
            <line number="196" hits="5" branch="false"/>
            <line number="197" hits="5" branch="false"/>
            <line number="198" hits="5" branch="false"/>
            <line number="199" hits="5" branch="false"/>
            <line number="200" hits="5" branch="false"/>
            <line number="201" hits="5" branch="false"/>
            <line number="202" hits="5" branch="false"/>
            <line number="203" hits="5" branch="false"/>
[...]
            <method name="relvar_init" signature="" line-rate="0.875" branch-rate="0" complexity="0">
              <lines>
                <line number="52" hits="64" branch="false"/>
                <line number="53" hits="64" branch="false"/>
                <line number="55" hits="64" branch="false"/>
                <line number="56" hits="1" branch="false"/>
                <line number="57" hits="1" branch="false"/>
                <line number="58" hits="1" branch="false"/>
                <line number="59" hits="0" branch="false"/>
                <line number="61" hits="63" branch="false"/>
              </lines>
            </method>
            <method name="rel_var" signature="" line-rate="1" branch-rate="0" complexity="0">
              <lines>
                <line number="109" hits="64" branch="false"/>
                <line number="110" hits="64" branch="false"/>
                <line number="111" hits="64" branch="false"/>
                <line number="112" hits="64" branch="false"/>
                <line number="113" hits="64" branch="false"/>
                <line number="114" hits="1" branch="false"/>
                <line number="116" hits="64" branch="false"/>
                <line number="117" hits="64" branch="false"/>
                <line number="118" hits="64" branch="false"/>
                <line number="119" hits="538" branch="false"/>
                <line number="120" hits="538" branch="false"/>
                <line number="122" hits="64" branch="false"/>
                <line number="123" hits="64" branch="false"/>
              </lines>
            </method>
            <method name="visit_schedule" signature="" line-rate="1" branch-rate="0" complexity="0">
              <lines>
                <line number="143" hits="56" branch="false"/>
                <line number="144" hits="56" branch="false"/>
                <line number="145" hits="56" branch="false"/>
                <line number="147" hits="56" branch="false"/>
                <line number="149" hits="49" branch="false"/>
                <line number="151" hits="49" branch="false"/>
                <line number="153" hits="49" branch="false"/>
                <line number="154" hits="7" branch="false"/>
                <line number="155" hits="7" branch="false"/>
                <line number="156" hits="7" branch="false"/>
                <line number="157" hits="7" branch="false"/>
                <line number="158" hits="7" branch="false"/>
                <line number="162" hits="56" branch="false"/>
              </lines>
            </method>
            <method name="retain" signature="" line-rate="1" branch-rate="0" complexity="0">
              <lines>
                <line number="176" hits="31" branch="false"/>
                <line number="177" hits="31" branch="false"/>
                <line number="178" hits="31" branch="false"/>
              </lines>
            </method>
            <method name="rcd_var_relabel" signature="" line-rate="0.8" branch-rate="0" complexity="0">
              <lines>
                <line number="193" hits="79" branch="false"/>
                <line number="194" hits="79" branch="false"/>
                <line number="195" hits="0" branch="false"/>
                <line number="197" hits="79" branch="false"/>
                <line number="198" hits="79" branch="false"/>
                <line number="199" hits="79" branch="false"/>
                <line number="200" hits="1" branch="false"/>
                <line number="202" hits="78" branch="false"/>
                <line number="203" hits="78" branch="false"/>
                <line number="204" hits="0" branch="false"/>
                <line number="206" hits="78" branch="false"/>
                <line number="207" hits="0" branch="false"/>
                <line number="209" hits="78" branch="false"/>
                <line number="210" hits="155" branch="false"/>
                <line number="212" hits="78" branch="false"/>
              </lines>
            </method>
            <method name="apply_metadata" signature="" line-rate="0.830508474576271" branch-rate="0" complexity="0">
              <lines>
                <line number="237" hits="92" branch="false"/>
                <line number="238" hits="92" branch="false"/>
                <line number="239" hits="92" branch="false"/>
                <line number="240" hits="92" branch="false"/>
                <line number="242" hits="92" branch="false"/>
                <line number="243" hits="92" branch="false"/>
                <line number="244" hits="0" branch="false"/>
                <line number="245" hits="92" branch="false"/>
                <line number="247" hits="92" branch="false"/>
                <line number="248" hits="12" branch="false"/>
                <line number="249" hits="92" branch="false"/>
                <line number="250" hits="92" branch="false"/>
                <line number="251" hits="92" branch="false"/>
                <line number="252" hits="92" branch="false"/>
                <line number="253" hits="92" branch="false"/>
                <line number="254" hits="3" branch="false"/>
                <line number="255" hits="92" branch="false"/>
                <line number="256" hits="0" branch="false"/>
                <line number="257" hits="92" branch="false"/>
                <line number="258" hits="9" branch="false"/>
                <line number="259" hits="92" branch="false"/>
                <line number="260" hits="0" branch="false"/>
                <line number="261" hits="92" branch="false"/>
                <line number="262" hits="92" branch="false"/>
                <line number="263" hits="92" branch="false"/>
                <line number="266" hits="92" branch="false"/>
                <line number="267" hits="3" branch="false"/>
                <line number="271" hits="92" branch="false"/>
                <line number="272" hits="92" branch="false"/>
                <line number="273" hits="64" branch="false"/>
                <line number="274" hits="92" branch="false"/>
                <line number="275" hits="28" branch="false"/>
                <line number="276" hits="92" branch="false"/>
                <line number="277" hits="92" branch="false"/>
                <line number="278" hits="92" branch="false"/>
                <line number="281" hits="92" branch="false"/>
                <line number="282" hits="92" branch="false"/>
                <line number="283" hits="92" branch="false"/>
                <line number="284" hits="92" branch="false"/>
                <line number="285" hits="92" branch="false"/>
                <line number="286" hits="92" branch="false"/>
                <line number="287" hits="92" branch="false"/>
                <line number="288" hits="92" branch="false"/>
                <line number="289" hits="92" branch="false"/>
                <line number="290" hits="0" branch="false"/>
                <line number="291" hits="0" branch="false"/>
                <line number="292" hits="0" branch="false"/>
                <line number="293" hits="0" branch="false"/>
                <line number="294" hits="0" branch="false"/>
                <line number="295" hits="0" branch="false"/>
                <line number="296" hits="0" branch="false"/>
                <line number="299" hits="92" branch="false"/>
                <line number="300" hits="6" branch="false"/>
                <line number="304" hits="92" branch="false"/>
                <line number="305" hits="6096" branch="false"/>
                <line number="306" hits="6096" branch="false"/>
                <line number="310" hits="92" branch="false"/>
                <line number="313" hits="92" branch="false"/>
                <line number="315" hits="92" branch="false"/>
              </lines>
            </method>
            <method name="replace_na" signature="" line-rate="1" branch-rate="0" complexity="0">
              <lines>
                <line number="334" hits="9" branch="false"/>
                <line number="336" hits="9" branch="false"/>
                <line number="337" hits="1" branch="false"/>
                <line number="340" hits="8" branch="false"/>
                <line number="341" hits="8" branch="false"/>
                <line number="345" hits="8" branch="false"/>
                <line number="347" hits="8" branch="false"/>
                <line number="349" hits="8" branch="false"/>
              </lines>
            </method>
            <method name="mutate_na" signature="" line-rate="1" branch-rate="0" complexity="0">
              <lines>
                <line number="365" hits="5" branch="false"/>
                <line number="366" hits="4" branch="false"/>
                <line number="367" hits="4" branch="false"/>
                <line number="369" hits="1" branch="false"/>
                <line number="372" hits="5" branch="false"/>
                <line number="373" hits="5" branch="false"/>
                <line number="375" hits="5" branch="false"/>
                <line number="376" hits="8" branch="false"/>
                <line number="377" hits="8" branch="false"/>
                <line number="378" hits="1" branch="false"/>
                <line number="380" hits="7" branch="false"/>
                <line number="381" hits="7" branch="false"/>
                <line number="382" hits="7" branch="false"/>
                <line number="383" hits="7" branch="false"/>
                <line number="384" hits="7" branch="false"/>
                <line number="385" hits="7" branch="false"/>
                <line number="386" hits="7" branch="false"/>
                <line number="387" hits="7" branch="false"/>
                <line number="388" hits="7" branch="false"/>
                <line number="392" hits="5" branch="false"/>
              </lines>
            </method>
            <method name="ungroup_rowwise_df" signature="" line-rate="1" branch-rate="0" complexity="0">
              <lines>
                <line number="396" hits="7" branch="false"/>
                <line number="397" hits="7" branch="false"/>
              </lines>
            </method>
            <method name="rtpois" signature="" line-rate="1" branch-rate="0" complexity="0">
              <lines>
                <line number="424" hits="121" branch="false"/>
              </lines>
            </method>
            <method name="rtexp" signature="" line-rate="1" branch-rate="0" complexity="0">
              <lines>
                <line number="457" hits="123" branch="false"/>
                <line number="458" hits="1" branch="false"/>
                <line number="459" hits="122" branch="false"/>
                <line number="460" hits="121" branch="false"/>
                <line number="462" hits="1" branch="false"/>
              </lines>
            </method>
          </methods>
          <lines>
            <line number="8" hits="22" branch="false"/>
            <line number="9" hits="22" branch="false"/>
            <line number="10" hits="1" branch="false"/>
            <line number="11" hits="1" branch="false"/>
            <line number="12" hits="1" branch="false"/>
            <line number="13" hits="1" branch="false"/>
            <line number="15" hits="21" branch="false"/>
            <line number="35" hits="318" branch="false"/>
            <line number="37" hits="318" branch="false"/>
            <line number="52" hits="64" branch="false"/>
            <line number="53" hits="64" branch="false"/>
            <line number="55" hits="64" branch="false"/>
            <line number="56" hits="1" branch="false"/>
            <line number="57" hits="1" branch="false"/>
            <line number="58" hits="1" branch="false"/>
            <line number="59" hits="0" branch="false"/>
            <line number="61" hits="63" branch="false"/>
            <line number="109" hits="64" branch="false"/>
            <line number="110" hits="64" branch="false"/>
            <line number="111" hits="64" branch="false"/>
            <line number="112" hits="64" branch="false"/>
            <line number="113" hits="64" branch="false"/>
            <line number="114" hits="1" branch="false"/>
            <line number="116" hits="64" branch="false"/>
            <line number="117" hits="64" branch="false"/>
            <line number="118" hits="64" branch="false"/>
            <line number="119" hits="538" branch="false"/>
            <line number="120" hits="538" branch="false"/>
            <line number="122" hits="64" branch="false"/>
            <line number="123" hits="64" branch="false"/>
            <line number="143" hits="56" branch="false"/>
            <line number="144" hits="56" branch="false"/>
            <line number="145" hits="56" branch="false"/>
            <line number="147" hits="56" branch="false"/>
            <line number="149" hits="49" branch="false"/>
            <line number="151" hits="49" branch="false"/>
            <line number="153" hits="49" branch="false"/>
            <line number="154" hits="7" branch="false"/>
            <line number="155" hits="7" branch="false"/>
            <line number="156" hits="7" branch="false"/>
            <line number="157" hits="7" branch="false"/>
            <line number="158" hits="7" branch="false"/>
            <line number="162" hits="56" branch="false"/>
            <line number="176" hits="31" branch="false"/>
            <line number="177" hits="31" branch="false"/>
            <line number="178" hits="31" branch="false"/>
            <line number="193" hits="79" branch="false"/>
            <line number="194" hits="79" branch="false"/>
            <line number="195" hits="0" branch="false"/>
            <line number="197" hits="79" branch="false"/>
            <line number="198" hits="79" branch="false"/>
            <line number="199" hits="79" branch="false"/>
            <line number="200" hits="1" branch="false"/>
            <line number="202" hits="78" branch="false"/>
            <line number="203" hits="78" branch="false"/>
            <line number="204" hits="0" branch="false"/>
            <line number="206" hits="78" branch="false"/>
            <line number="207" hits="0" branch="false"/>
            <line number="209" hits="78" branch="false"/>
            <line number="210" hits="155" branch="false"/>
            <line number="212" hits="78" branch="false"/>
            <line number="237" hits="92" branch="false"/>
            <line number="238" hits="92" branch="false"/>
            <line number="239" hits="92" branch="false"/>
            <line number="240" hits="92" branch="false"/>
            <line number="242" hits="92" branch="false"/>
            <line number="243" hits="92" branch="false"/>
            <line number="244" hits="0" branch="false"/>
            <line number="245" hits="92" branch="false"/>
            <line number="247" hits="92" branch="false"/>
            <line number="248" hits="12" branch="false"/>
            <line number="249" hits="92" branch="false"/>
            <line number="250" hits="92" branch="false"/>
            <line number="251" hits="92" branch="false"/>
            <line number="252" hits="92" branch="false"/>
            <line number="253" hits="92" branch="false"/>
            <line number="254" hits="3" branch="false"/>
            <line number="255" hits="92" branch="false"/>
            <line number="256" hits="0" branch="false"/>
            <line number="257" hits="92" branch="false"/>
            <line number="258" hits="9" branch="false"/>
            <line number="259" hits="92" branch="false"/>
            <line number="260" hits="0" branch="false"/>
            <line number="261" hits="92" branch="false"/>
            <line number="262" hits="92" branch="false"/>
            <line number="263" hits="92" branch="false"/>
            <line number="266" hits="92" branch="false"/>
            <line number="267" hits="3" branch="false"/>
            <line number="271" hits="92" branch="false"/>
            <line number="272" hits="92" branch="false"/>
            <line number="273" hits="64" branch="false"/>
            <line number="274" hits="92" branch="false"/>
            <line number="275" hits="28" branch="false"/>
            <line number="276" hits="92" branch="false"/>
            <line number="277" hits="92" branch="false"/>
            <line number="278" hits="92" branch="false"/>
            <line number="281" hits="92" branch="false"/>
            <line number="282" hits="92" branch="false"/>
            <line number="283" hits="92" branch="false"/>
            <line number="284" hits="92" branch="false"/>
            <line number="285" hits="92" branch="false"/>
            <line number="286" hits="92" branch="false"/>
            <line number="287" hits="92" branch="false"/>
            <line number="288" hits="92" branch="false"/>
            <line number="289" hits="92" branch="false"/>
            <line number="290" hits="0" branch="false"/>
            <line number="291" hits="0" branch="false"/>
            <line number="292" hits="0" branch="false"/>
            <line number="293" hits="0" branch="false"/>
            <line number="294" hits="0" branch="false"/>
            <line number="295" hits="0" branch="false"/>
            <line number="296" hits="0" branch="false"/>
            <line number="299" hits="92" branch="false"/>
            <line number="300" hits="6" branch="false"/>
            <line number="304" hits="92" branch="false"/>
            <line number="305" hits="6096" branch="false"/>
            <line number="306" hits="6096" branch="false"/>
            <line number="310" hits="92" branch="false"/>
            <line number="313" hits="92" branch="false"/>
            <line number="315" hits="92" branch="false"/>
            <line number="334" hits="9" branch="false"/>
            <line number="336" hits="9" branch="false"/>
            <line number="337" hits="1" branch="false"/>
            <line number="340" hits="8" branch="false"/>
            <line number="341" hits="8" branch="false"/>
            <line number="345" hits="8" branch="false"/>
            <line number="347" hits="8" branch="false"/>
            <line number="349" hits="8" branch="false"/>
            <line number="365" hits="5" branch="false"/>
            <line number="366" hits="4" branch="false"/>
            <line number="367" hits="4" branch="false"/>
            <line number="369" hits="1" branch="false"/>
            <line number="372" hits="5" branch="false"/>
            <line number="373" hits="5" branch="false"/>
            <line number="375" hits="5" branch="false"/>
            <line number="376" hits="8" branch="false"/>
            <line number="377" hits="8" branch="false"/>
            <line number="378" hits="1" branch="false"/>
            <line number="380" hits="7" branch="false"/>
            <line number="381" hits="7" branch="false"/>
            <line number="382" hits="7" branch="false"/>
            <line number="383" hits="7" branch="false"/>
            <line number="384" hits="7" branch="false"/>
            <line number="385" hits="7" branch="false"/>
            <line number="386" hits="7" branch="false"/>
            <line number="387" hits="7" branch="false"/>
            <line number="388" hits="7" branch="false"/>
            <line number="392" hits="5" branch="false"/>
            <line number="396" hits="7" branch="false"/>
            <line number="397" hits="7" branch="false"/>
            <line number="424" hits="121" branch="false"/>
            <line number="457" hits="123" branch="false"/>
            <line number="458" hits="1" branch="false"/>
            <line number="459" hits="122" branch="false"/>
            <line number="460" hits="121" branch="false"/>
            <line number="462" hits="1" branch="false"/>
          </lines>
        </class>
      </classes>
    </package>
  </packages>
</coverage>
