<?xml version="1.0" encoding="UTF-8"?>
<testsuites>
  <testsuite name="metadata" timestamp="2023-04-11T17:07:44Z" hostname="a3a12f21ac78" tests="22" skipped="0" failures="0" errors="0" time="12.468">
    <testcase time="0.454" classname="metadata" name="metadata_matches_radsl"/>
    <testcase time="0.464" classname="metadata" name="metadata_matches_radab"/>
    <testcase time="0.514" classname="metadata" name="metadata_matches_radae"/>
    <testcase time="0.514" classname="metadata" name="metadata_matches_radaette"/>
    <testcase time="0.391" classname="metadata" name="metadata_matches_radcm"/>
    <testcase time="0.309" classname="metadata" name="metadata_matches_raddv"/>
    <testcase time="0.944" classname="metadata" name="metadata_matches_radeg"/>
    <testcase time="0.927" classname="metadata" name="metadata_matches_radex"/>
    <testcase time="0.396" classname="metadata" name="metadata_matches_radhy"/>
    <testcase time="0.884" classname="metadata" name="metadata_matches_radlb"/>
    <testcase time="0.426" classname="metadata" name="metadata_matches_radmh"/>
    <testcase time="0.277" classname="metadata" name="metadata_matches_radpc"/>
    <testcase time="0.313" classname="metadata" name="metadata_matches_radpp"/>
    <testcase time="0.0220000000000002" classname="metadata" name="metadata_matches_radpp"/>
    <testcase time="0.290999999999999" classname="metadata" name="metadata_matches_radqlqc"/>
    <testcase time="2.071" classname="metadata" name="metadata_matches_radqlqc"/>
    <testcase time="0.689" classname="metadata" name="metadata_matches_radqs"/>
    <testcase time="0.468999999999999" classname="metadata" name="metadata_matches_radrs"/>
    <testcase time="0.300000000000001" classname="metadata" name="metadata_matches_radsub"/>
    <testcase time="0.526999999999999" classname="metadata" name="metadata_matches_radtr"/>
    <testcase time="0.43" classname="metadata" name="metadata_matches_radtte"/>
    <testcase time="0.856" classname="metadata" name="metadata_matches_radvs"/>
  </testsuite>
  <testsuite name="rdata" timestamp="2023-04-11T17:07:56Z" hostname="a3a12f21ac78" tests="44" skipped="0" failures="2" errors="0" time="15.446">
    <testcase time="0.248000000000001" classname="rdata" name="r_data_functions_work"/>
    <testcase time="0.298" classname="rdata" name="r_data_functions_work"/>
    <testcase time="0.292" classname="rdata" name="r_data_functions_work"/>
    <testcase time="0.173999999999999" classname="rdata" name="r_data_functions_work"/>
    <testcase time="0.0839999999999996" classname="rdata" name="r_data_functions_work"/>
    <testcase time="0.742000000000001" classname="rdata" name="r_data_functions_work"/>
    <testcase time="0.704000000000001" classname="rdata" name="r_data_functions_work"/>
    <testcase time="0.171999999999999" classname="rdata" name="r_data_functions_work"/>
    <testcase time="0.678000000000001" classname="rdata" name="r_data_functions_work"/>
    <testcase time="0.204000000000001" classname="rdata" name="r_data_functions_work"/>
    <testcase time="0.0479999999999983" classname="rdata" name="r_data_functions_work"/>
    <testcase time="0.137" classname="rdata" name="r_data_functions_work"/>
    <testcase time="0.0680000000000014" classname="rdata" name="r_data_functions_work">
      <failure type="failure" message="`radpp(adsl, seed = 1)` produced warnings. ('test-rdata.R:14:3')">`radpp(adsl, seed = 1)` produced warnings.</failure>
    </testcase>
    <testcase time="2.209" classname="rdata" name="r_data_functions_work">
      <failure type="failure" message="`radqlqc(adsl, percent = 80, number = 2, seed = 1)` produced warnings. ('test-rdata.R:15:3')">`radqlqc(adsl, percent = 80, number = 2, seed = 1)` produced warnings.</failure>
    </testcase>
    <testcase time="0.492999999999999" classname="rdata" name="r_data_functions_work"/>
    <testcase time="0.222000000000001" classname="rdata" name="r_data_functions_work"/>
    <testcase time="0.302" classname="rdata" name="r_data_functions_work"/>
    <testcase time="0.0730000000000004" classname="rdata" name="r_data_functions_work"/>
    <testcase time="0.320999999999998" classname="rdata" name="r_data_functions_work"/>
    <testcase time="0.277000000000001" classname="rdata" name="r_data_functions_work"/>
    <testcase time="0.643000000000001" classname="rdata" name="r_data_functions_work"/>
    <testcase time="0.0199999999999996" classname="rdata" name="r_data_with_cached_TRUE"/>
    <testcase time="0.00799999999999912" classname="rdata" name="r_data_with_cached_TRUE"/>
    <testcase time="0.0100000000000016" classname="rdata" name="r_data_with_cached_TRUE"/>
    <testcase time="0.0109999999999992" classname="rdata" name="r_data_with_cached_TRUE"/>
    <testcase time="0.00300000000000011" classname="rdata" name="r_data_with_cached_TRUE"/>
    <testcase time="0.0390000000000015" classname="rdata" name="r_data_with_cached_TRUE"/>
    <testcase time="0.0199999999999996" classname="rdata" name="r_data_with_cached_TRUE"/>
    <testcase time="0.041999999999998" classname="rdata" name="r_data_with_cached_TRUE"/>
    <testcase time="0.0280000000000022" classname="rdata" name="r_data_with_cached_TRUE"/>
    <testcase time="0.0069999999999979" classname="rdata" name="r_data_with_cached_TRUE"/>
    <testcase time="0.00200000000000244" classname="rdata" name="r_data_with_cached_TRUE"/>
    <testcase time="0.00300000000000011" classname="rdata" name="r_data_with_cached_TRUE"/>
    <testcase time="0.154" classname="rdata" name="r_data_with_cached_TRUE"/>
    <testcase time="0.0339999999999989" classname="rdata" name="r_data_with_cached_TRUE"/>
    <testcase time="0.105" classname="rdata" name="r_data_with_cached_TRUE"/>
    <testcase time="0.00600000000000023" classname="rdata" name="r_data_with_cached_TRUE"/>
    <testcase time="0.00999999999999801" classname="rdata" name="r_data_with_cached_TRUE"/>
    <testcase time="0.00600000000000023" classname="rdata" name="r_data_with_cached_TRUE"/>
    <testcase time="0.0420000000000016" classname="rdata" name="r_data_with_cached_TRUE"/>
    <testcase time="0.198" classname="rdata" name="seed_works"/>
    <testcase time="1.567" classname="rdata" name="radsl_works_with_large_N"/>
    <testcase time="0.00999999999999801" classname="rdata" name="radsl_has_no_LSTALVDT_greater_than_DTHDT"/>
    <testcase time="4.732" classname="rdata" name="radcm_works_with_who_coding_TRUE"/>
  </testsuite>
  <testsuite name="row_values" timestamp="2023-04-11T17:08:12Z" hostname="a3a12f21ac78" tests="23" skipped="21" failures="0" errors="0" time="9.617">
    <testcase time="0.481000000000002" classname="row_values" name="radsl_produces_expected_values">
      <skipped message="Reason: On CRAN ('test-row_values.R:7:3')"/>
    </testcase>
    <testcase time="0.364000000000001" classname="row_values" name="radae_produces_expected_values">
      <skipped message="Reason: On CRAN ('test-row_values.R:17:3')"/>
    </testcase>
    <testcase time="0.378" classname="row_values" name="radaette_produces_expected_values">
      <skipped message="Reason: On CRAN ('test-row_values.R:27:3')"/>
    </testcase>
    <testcase time="0.241" classname="row_values" name="radcm_produces_expected_values">
      <skipped message="Reason: On CRAN ('test-row_values.R:37:3')"/>
    </testcase>
    <testcase time="0.146999999999998" classname="row_values" name="raddv_produces_expected_values">
      <skipped message="Reason: On CRAN ('test-row_values.R:47:3')"/>
    </testcase>
    <testcase time="0.812000000000001" classname="row_values" name="radeg_produces_expected_values">
      <skipped message="Reason: On CRAN ('test-row_values.R:57:3')"/>
    </testcase>
    <testcase time="0.753" classname="row_values" name="radex_produces_expected_values">
      <skipped message="Reason: On CRAN ('test-row_values.R:67:3')"/>
    </testcase>
    <testcase time="0.236000000000001" classname="row_values" name="radhy_produces_expected_values">
      <skipped message="Reason: On CRAN ('test-row_values.R:77:3')"/>
    </testcase>
    <testcase time="0.738" classname="row_values" name="radlb_produces_expected_values">
      <skipped message="Reason: On CRAN ('test-row_values.R:87:3')"/>
    </testcase>
    <testcase time="0.356000000000002" classname="row_values" name="radmh_produces_expected_values">
      <skipped message="Reason: On CRAN ('test-row_values.R:97:3')"/>
    </testcase>
    <testcase time="0.0629999999999953" classname="row_values" name="radpc_produces_expected_values">
      <skipped message="Reason: On CRAN ('test-row_values.R:105:3')"/>
    </testcase>
    <testcase time="0.173000000000002" classname="row_values" name="radab_produces_expected_values">
      <skipped message="Reason: On CRAN ('test-row_values.R:115:3')"/>
    </testcase>
    <testcase time="0.0700000000000003" classname="row_values" name="radpp_produces_expected_values"/>
    <testcase time="0.0290000000000035" classname="row_values" name="radpp_produces_expected_values">
      <skipped message="Reason: On CRAN ('test-row_values.R:125:3')"/>
    </testcase>
    <testcase time="0.0619999999999976" classname="row_values" name="radqlqc_produces_expected_values"/>
    <testcase time="2.048" classname="row_values" name="radqlqc_produces_expected_values">
      <skipped message="Reason: On CRAN ('test-row_values.R:135:3')"/>
    </testcase>
    <testcase time="0.517000000000003" classname="row_values" name="radqs_produces_expected_values">
      <skipped message="Reason: On CRAN ('test-row_values.R:145:3')"/>
    </testcase>
    <testcase time="0.287999999999997" classname="row_values" name="radrs_produces_expected_values">
      <skipped message="Reason: On CRAN ('test-row_values.R:155:3')"/>
    </testcase>
    <testcase time="0.363" classname="row_values" name="radsaftte_produces_expected_values">
      <skipped message="Reason: On CRAN ('test-row_values.R:165:3')"/>
    </testcase>
    <testcase time="0.134999999999998" classname="row_values" name="radsub_produces_expected_values">
      <skipped message="Reason: On CRAN ('test-row_values.R:175:3')"/>
    </testcase>
    <testcase time="0.334000000000003" classname="row_values" name="radtr_produces_expected_values">
      <skipped message="Reason: On CRAN ('test-row_values.R:185:3')"/>
    </testcase>
    <testcase time="0.330999999999996" classname="row_values" name="radtte_produces_expected_values">
      <skipped message="Reason: On CRAN ('test-row_values.R:195:3')"/>
    </testcase>
    <testcase time="0.698" classname="row_values" name="radvs_produces_expected_values">
      <skipped message="Reason: On CRAN ('test-row_values.R:205:3')"/>
    </testcase>
  </testsuite>
  <testsuite name="utils" timestamp="2023-04-11T17:08:21Z" hostname="a3a12f21ac78" tests="21" skipped="0" failures="0" errors="0" time="0.334">
    <testcase time="0.0300000000000011" classname="utils" name="get_cached_data_returns_correct_error_message"/>
    <testcase time="0.0210000000000008" classname="utils" name="sample_fct_works_as_expected"/>
    <testcase time="0.0069999999999979" classname="utils" name="relvar_init_works_as_expected"/>
    <testcase time="0.00800000000000267" classname="utils" name="relvar_init_returns_correct_error_message"/>
    <testcase time="0.00800000000000267" classname="utils" name="rel_var_works_as_expected"/>
    <testcase time="0.00499999999999545" classname="utils" name="rel_var_works_as_expected"/>
    <testcase time="0.007000000000005" classname="utils" name="visit_schedule_works_with_WEEK_visit_format"/>
    <testcase time="0.00799999999999557" classname="utils" name="visit_schedule_works_with_CycLe_visit_format"/>
    <testcase time="0.157000000000004" classname="utils" name="retain_works_as_expected"/>
    <testcase time="0.0169999999999959" classname="utils" name="var_relabel_works_as_expected"/>
    <testcase time="0.00800000000000267" classname="utils" name="var_relabel_returns_correct_error_message"/>
    <testcase time="0.0069999999999979" classname="utils" name="replace_na_works_as_expected"/>
    <testcase time="0.00400000000000489" classname="utils" name="replace_na_works_as_expected"/>
    <testcase time="0.0109999999999957" classname="utils" name="mutate_na_works_as_expected"/>
    <testcase time="0.00399999999999778" classname="utils" name="mutate_na_works_as_expected"/>
    <testcase time="0.00400000000000489" classname="utils" name="mutate_na_works_as_expected"/>
    <testcase time="0.00399999999999778" classname="utils" name="mutate_na_works_as_expected"/>
    <testcase time="0.0069999999999979" classname="utils" name="rtpois_works_as_expected"/>
    <testcase time="0.007000000000005" classname="utils" name="rtexp_works_as_expected"/>
    <testcase time="0.00499999999999545" classname="utils" name="rtexp_works_as_expected"/>
    <testcase time="0.00500000000000256" classname="utils" name="rtexp_works_as_expected"/>
  </testsuite>
</testsuites>
