<?xml version="1.0" encoding="UTF-8"?>
<testsuites>
  <testsuite name="rdata" timestamp="2023-03-20T14:24:32Z" hostname="2bbc88c57bfd" tests="94" skipped="0" failures="0" errors="2" time="43.55">
    <testcase time="0.594" classname="rdata" name="r_data_functions_work"/>
    <testcase time="0.091" classname="rdata" name="r_data_functions_work">
      <error type="error" message="&lt;packageNotFoundError/error/condition&gt; ('test-rdata.R:3')">&lt;packageNotFoundError/error/condition&gt;
Error in `loadNamespace(x)`: there is no package called 'formatters'
Backtrace:
  1. testthat::expect_silent(radae(adsl, seed = 1))
       at test-rdata.R:3:2
 10. base::loadNamespace(x)
 11. base::withRestarts(stop(cond), retry_loadNamespace = function() NULL)
 12. base (local) withOneRestart(expr, restarts[[1L]])
 13. base (local) doWithOneRestart(return(expr), restart)</error>
    </testcase>
    <testcase time="0.0760000000000001" classname="rdata" name="r_data_with_cached_TRUE"/>
    <testcase time="0.01" classname="rdata" name="r_data_with_cached_TRUE"/>
    <testcase time="0.0129999999999999" classname="rdata" name="r_data_with_cached_TRUE"/>
    <testcase time="0.0149999999999999" classname="rdata" name="r_data_with_cached_TRUE"/>
    <testcase time="0.00300000000000011" classname="rdata" name="r_data_with_cached_TRUE"/>
    <testcase time="0.05" classname="rdata" name="r_data_with_cached_TRUE"/>
    <testcase time="0.0209999999999999" classname="rdata" name="r_data_with_cached_TRUE"/>
    <testcase time="0.138" classname="rdata" name="r_data_with_cached_TRUE"/>
    <testcase time="0.032" classname="rdata" name="r_data_with_cached_TRUE"/>
    <testcase time="0.00800000000000001" classname="rdata" name="r_data_with_cached_TRUE"/>
    <testcase time="0.00299999999999967" classname="rdata" name="r_data_with_cached_TRUE"/>
    <testcase time="0.00300000000000011" classname="rdata" name="r_data_with_cached_TRUE"/>
    <testcase time="0.175" classname="rdata" name="r_data_with_cached_TRUE"/>
    <testcase time="0.0409999999999999" classname="rdata" name="r_data_with_cached_TRUE"/>
    <testcase time="0.00999999999999979" classname="rdata" name="r_data_with_cached_TRUE"/>
    <testcase time="0.00900000000000034" classname="rdata" name="r_data_with_cached_TRUE"/>
    <testcase time="0.0129999999999999" classname="rdata" name="r_data_with_cached_TRUE"/>
    <testcase time="0.0089999999999999" classname="rdata" name="r_data_with_cached_TRUE"/>
    <testcase time="0.052" classname="rdata" name="r_data_with_cached_TRUE"/>
    <testcase time="0.748" classname="rdata" name="seed_works"/>
    <testcase time="0.496" classname="rdata" name="metadata_matches_radsl"/>
    <testcase time="0.731" classname="rdata" name="metadata_matches_radab"/>
    <testcase time="0.0390000000000006" classname="rdata" name="metadata_matches_radab"/>
    <testcase time="0.0920000000000005" classname="rdata" name="metadata_matches_radab"/>
    <testcase time="0.032" classname="rdata" name="metadata_matches_radab"/>
    <testcase time="0.0469999999999997" classname="rdata" name="metadata_matches_radab"/>
    <testcase time="0.0650000000000004" classname="rdata" name="metadata_matches_radab"/>
    <testcase time="0.0339999999999998" classname="rdata" name="metadata_matches_radab"/>
    <testcase time="0.0369999999999999" classname="rdata" name="metadata_matches_radab"/>
    <testcase time="0.0339999999999998" classname="rdata" name="metadata_matches_radab"/>
    <testcase time="0.0380000000000003" classname="rdata" name="metadata_matches_radab"/>
    <testcase time="0.0329999999999995" classname="rdata" name="metadata_matches_radab"/>
    <testcase time="0.0340000000000007" classname="rdata" name="metadata_matches_radab"/>
    <testcase time="0.0419999999999998" classname="rdata" name="metadata_matches_radab"/>
    <testcase time="0.0339999999999998" classname="rdata" name="metadata_matches_radab"/>
    <testcase time="0.149" classname="rdata" name="metadata_matches_radab"/>
    <testcase time="0.0330000000000004" classname="rdata" name="metadata_matches_radab"/>
    <testcase time="0.0339999999999998" classname="rdata" name="metadata_matches_radab"/>
    <testcase time="0.0369999999999999" classname="rdata" name="metadata_matches_radab"/>
    <testcase time="0.0330000000000004" classname="rdata" name="metadata_matches_radab"/>
    <testcase time="0.0379999999999994" classname="rdata" name="metadata_matches_radab"/>
    <testcase time="0.032" classname="rdata" name="metadata_matches_radab"/>
    <testcase time="0.0330000000000004" classname="rdata" name="metadata_matches_radab"/>
    <testcase time="0.0380000000000003" classname="rdata" name="metadata_matches_radab"/>
    <testcase time="0.0329999999999995" classname="rdata" name="metadata_matches_radab"/>
    <testcase time="0.253" classname="rdata" name="metadata_matches_radab"/>
    <testcase time="0.57" classname="rdata" name="metadata_matches_radae">
      <error type="error" message="&lt;packageNotFoundError/error/condition&gt; ('test-rdata.R:87')">&lt;packageNotFoundError/error/condition&gt;
Error in `loadNamespace(x)`: there is no package called 'formatters'
Backtrace:
 1. random.cdisc.data::radae(adsl, seed = 1)
      at test-rdata.R:87:2
 2. base::loadNamespace(x)
 3. base::withRestarts(stop(cond), retry_loadNamespace = function() NULL)
 4. base (local) withOneRestart(expr, restarts[[1L]])
 5. base (local) doWithOneRestart(return(expr), restart)</error>
    </testcase>
    <testcase time="2.141" classname="rdata" name="metadata_matches_radaette"/>
    <testcase time="0.882999999999999" classname="rdata" name="metadata_matches_radcm"/>
    <testcase time="0.546000000000001" classname="rdata" name="metadata_matches_raddv"/>
    <testcase time="3.524" classname="rdata" name="metadata_matches_radeg"/>
    <testcase time="4.838" classname="rdata" name="metadata_matches_radex"/>
    <testcase time="0.823" classname="rdata" name="metadata_matches_radhy"/>
    <testcase time="2.356" classname="rdata" name="metadata_matches_radlb"/>
    <testcase time="0.745000000000001" classname="rdata" name="metadata_matches_radmh"/>
    <testcase time="0.560000000000002" classname="rdata" name="metadata_matches_radpc"/>
    <testcase time="0.488" classname="rdata" name="metadata_matches_radpp"/>
    <testcase time="0.878999999999998" classname="rdata" name="metadata_matches_radqlqc"/>
    <testcase time="0.0350000000000001" classname="rdata" name="metadata_matches_radqlqc"/>
    <testcase time="0.124000000000002" classname="rdata" name="metadata_matches_radqlqc"/>
    <testcase time="0.337999999999997" classname="rdata" name="metadata_matches_radqlqc"/>
    <testcase time="0.0380000000000003" classname="rdata" name="metadata_matches_radqlqc"/>
    <testcase time="0.0330000000000013" classname="rdata" name="metadata_matches_radqlqc"/>
    <testcase time="0.0380000000000003" classname="rdata" name="metadata_matches_radqlqc"/>
    <testcase time="0.0330000000000013" classname="rdata" name="metadata_matches_radqlqc"/>
    <testcase time="0.041999999999998" classname="rdata" name="metadata_matches_radqlqc"/>
    <testcase time="0.0330000000000013" classname="rdata" name="metadata_matches_radqlqc"/>
    <testcase time="0.0380000000000003" classname="rdata" name="metadata_matches_radqlqc"/>
    <testcase time="0.0339999999999989" classname="rdata" name="metadata_matches_radqlqc"/>
    <testcase time="0.0339999999999989" classname="rdata" name="metadata_matches_radqlqc"/>
    <testcase time="0.0390000000000015" classname="rdata" name="metadata_matches_radqlqc"/>
    <testcase time="0.0649999999999977" classname="rdata" name="metadata_matches_radqlqc"/>
    <testcase time="0.0330000000000013" classname="rdata" name="metadata_matches_radqlqc"/>
    <testcase time="2.184" classname="rdata" name="metadata_matches_radqlqc"/>
    <testcase time="0.0960000000000001" classname="rdata" name="metadata_matches_radqlqc"/>
    <testcase time="0.0329999999999977" classname="rdata" name="metadata_matches_radqlqc"/>
    <testcase time="0.0390000000000015" classname="rdata" name="metadata_matches_radqlqc"/>
    <testcase time="0.0329999999999977" classname="rdata" name="metadata_matches_radqlqc"/>
    <testcase time="0.0400000000000027" classname="rdata" name="metadata_matches_radqlqc"/>
    <testcase time="0.0329999999999977" classname="rdata" name="metadata_matches_radqlqc"/>
    <testcase time="0.0500000000000007" classname="rdata" name="metadata_matches_radqlqc"/>
    <testcase time="0.0330000000000013" classname="rdata" name="metadata_matches_radqlqc"/>
    <testcase time="0.331999999999997" classname="rdata" name="metadata_matches_radqlqc"/>
    <testcase time="1.377" classname="rdata" name="metadata_matches_radqs"/>
    <testcase time="0.864000000000001" classname="rdata" name="metadata_matches_radrs"/>
    <testcase time="0.956999999999997" classname="rdata" name="metadata_matches_radsub"/>
    <testcase time="1.233" classname="rdata" name="metadata_matches_radtr"/>
    <testcase time="1.002" classname="rdata" name="metadata_matches_radtte"/>
    <testcase time="1.739" classname="rdata" name="metadata_matches_radvs"/>
    <testcase time="1.908" classname="rdata" name="radsl_works_with_large_N"/>
    <testcase time="0.00999999999999801" classname="rdata" name="radsl_has_no_LSTALVDT_greater_than_DTHDT"/>
    <testcase time="7.662" classname="rdata" name="radcm_works_with_who_coding_TRUE"/>
  </testsuite>
  <testsuite name="utils" timestamp="2023-03-20T14:25:16Z" hostname="2bbc88c57bfd" tests="21" skipped="0" failures="0" errors="0" time="0.623">
    <testcase time="0.0240000000000009" classname="utils" name="get_cached_data_returns_correct_error_message"/>
    <testcase time="0.00900000000000034" classname="utils" name="sample_fct_works_as_expected"/>
    <testcase time="0.00200000000000244" classname="utils" name="relvar_init_works_as_expected"/>
    <testcase time="0.00800000000000267" classname="utils" name="relvar_init_returns_correct_error_message"/>
    <testcase time="0.00399999999999778" classname="utils" name="rel_var_works_as_expected"/>
    <testcase time="0.00200000000000244" classname="utils" name="rel_var_works_as_expected"/>
    <testcase time="0.0109999999999957" classname="utils" name="visit_schedule_works_with_WEEK_visit_format"/>
    <testcase time="0.00399999999999778" classname="utils" name="visit_schedule_works_with_CycLe_visit_format"/>
    <testcase time="0.446000000000005" classname="utils" name="retain_works_as_expected"/>
    <testcase time="0.00300000000000011" classname="utils" name="var_relabel_works_as_expected"/>
    <testcase time="0.00799999999999557" classname="utils" name="var_relabel_returns_correct_error_message"/>
    <testcase time="0.00300000000000011" classname="utils" name="replace_na_works_as_expected"/>
    <testcase time="0.00100000000000477" classname="utils" name="replace_na_works_as_expected"/>
    <testcase time="0.0829999999999984" classname="utils" name="mutate_na_works_as_expected"/>
    <testcase time="0.00200000000000244" classname="utils" name="mutate_na_works_as_expected"/>
    <testcase time="0.00199999999999534" classname="utils" name="mutate_na_works_as_expected"/>
    <testcase time="0.00100000000000477" classname="utils" name="mutate_na_works_as_expected"/>
    <testcase time="0.00300000000000011" classname="utils" name="rtpois_works_as_expected"/>
    <testcase time="0.00399999999999778" classname="utils" name="rtexp_works_as_expected"/>
    <testcase time="0.000999999999997669" classname="utils" name="rtexp_works_as_expected"/>
    <testcase time="0.00200000000000244" classname="utils" name="rtexp_works_as_expected"/>
  </testsuite>
</testsuites>
