<?xml version="1.0" encoding="UTF-8"?>
<testsuites>
  <testsuite name="rdata" timestamp="2023-03-17T15:49:23Z" hostname="5a5353d307b5" tests="113" skipped="0" failures="0" errors="0" time="61.544">
    <testcase time="0.589" classname="rdata" name="r_data_functions_work"/>
    <testcase time="0.732" classname="rdata" name="r_data_functions_work"/>
    <testcase time="1.44" classname="rdata" name="r_data_functions_work"/>
    <testcase time="0.243" classname="rdata" name="r_data_functions_work"/>
    <testcase time="0.12" classname="rdata" name="r_data_functions_work"/>
    <testcase time="2.812" classname="rdata" name="r_data_functions_work"/>
    <testcase time="3.929" classname="rdata" name="r_data_functions_work"/>
    <testcase time="0.333" classname="rdata" name="r_data_functions_work"/>
    <testcase time="1.668" classname="rdata" name="r_data_functions_work"/>
    <testcase time="0.250999999999999" classname="rdata" name="r_data_functions_work"/>
    <testcase time="0.166" classname="rdata" name="r_data_functions_work"/>
    <testcase time="0.0749999999999993" classname="rdata" name="r_data_functions_work"/>
    <testcase time="0.0310000000000006" classname="rdata" name="r_data_functions_work"/>
    <testcase time="0.0839999999999996" classname="rdata" name="r_data_functions_work"/>
    <testcase time="0.0330000000000013" classname="rdata" name="r_data_functions_work"/>
    <testcase time="0.0439999999999987" classname="rdata" name="r_data_functions_work"/>
    <testcase time="0.0620000000000012" classname="rdata" name="r_data_functions_work"/>
    <testcase time="0.0309999999999988" classname="rdata" name="r_data_functions_work"/>
    <testcase time="0.048" classname="rdata" name="r_data_functions_work"/>
    <testcase time="0.0310000000000006" classname="rdata" name="r_data_functions_work"/>
    <testcase time="0.0359999999999996" classname="rdata" name="r_data_functions_work"/>
    <testcase time="0.0289999999999999" classname="rdata" name="r_data_functions_work"/>
    <testcase time="0.0310000000000006" classname="rdata" name="r_data_functions_work"/>
    <testcase time="0.0350000000000001" classname="rdata" name="r_data_functions_work"/>
    <testcase time="0.0299999999999994" classname="rdata" name="r_data_functions_work"/>
    <testcase time="0.130000000000001" classname="rdata" name="r_data_functions_work"/>
    <testcase time="0.0350000000000001" classname="rdata" name="r_data_functions_work"/>
    <testcase time="0.0309999999999988" classname="rdata" name="r_data_functions_work"/>
    <testcase time="0.0360000000000014" classname="rdata" name="r_data_functions_work"/>
    <testcase time="0.0299999999999994" classname="rdata" name="r_data_functions_work"/>
    <testcase time="0.0310000000000006" classname="rdata" name="r_data_functions_work"/>
    <testcase time="0.0359999999999996" classname="rdata" name="r_data_functions_work"/>
    <testcase time="0.0289999999999999" classname="rdata" name="r_data_functions_work"/>
    <testcase time="0.0310000000000006" classname="rdata" name="r_data_functions_work"/>
    <testcase time="0.0349999999999984" classname="rdata" name="r_data_functions_work"/>
    <testcase time="0.233000000000001" classname="rdata" name="r_data_functions_work"/>
    <testcase time="0.0609999999999999" classname="rdata" name="r_data_functions_work"/>
    <testcase time="0.439" classname="rdata" name="r_data_functions_work"/>
    <testcase time="0.0310000000000006" classname="rdata" name="r_data_functions_work"/>
    <testcase time="0.119999999999999" classname="rdata" name="r_data_functions_work"/>
    <testcase time="0.314" classname="rdata" name="r_data_functions_work"/>
    <testcase time="0.0349999999999984" classname="rdata" name="r_data_functions_work"/>
    <testcase time="0.0289999999999999" classname="rdata" name="r_data_functions_work"/>
    <testcase time="0.0350000000000001" classname="rdata" name="r_data_functions_work"/>
    <testcase time="0.0289999999999999" classname="rdata" name="r_data_functions_work"/>
    <testcase time="0.0300000000000011" classname="rdata" name="r_data_functions_work"/>
    <testcase time="0.0359999999999996" classname="rdata" name="r_data_functions_work"/>
    <testcase time="0.0289999999999999" classname="rdata" name="r_data_functions_work"/>
    <testcase time="0.0350000000000001" classname="rdata" name="r_data_functions_work"/>
    <testcase time="0.0299999999999994" classname="rdata" name="r_data_functions_work"/>
    <testcase time="0.0310000000000006" classname="rdata" name="r_data_functions_work"/>
    <testcase time="0.0609999999999999" classname="rdata" name="r_data_functions_work"/>
    <testcase time="0.0299999999999994" classname="rdata" name="r_data_functions_work"/>
    <testcase time="2" classname="rdata" name="r_data_functions_work"/>
    <testcase time="0.0949999999999989" classname="rdata" name="r_data_functions_work"/>
    <testcase time="0.0300000000000011" classname="rdata" name="r_data_functions_work"/>
    <testcase time="0.0309999999999988" classname="rdata" name="r_data_functions_work"/>
    <testcase time="0.0380000000000003" classname="rdata" name="r_data_functions_work"/>
    <testcase time="0.032" classname="rdata" name="r_data_functions_work"/>
    <testcase time="0.0380000000000003" classname="rdata" name="r_data_functions_work"/>
    <testcase time="0.0410000000000004" classname="rdata" name="r_data_functions_work"/>
    <testcase time="0.0380000000000003" classname="rdata" name="r_data_functions_work"/>
    <testcase time="0.305999999999997" classname="rdata" name="r_data_functions_work"/>
    <testcase time="0.864000000000001" classname="rdata" name="r_data_functions_work"/>
    <testcase time="0.391999999999999" classname="rdata" name="r_data_functions_work"/>
    <testcase time="1.587" classname="rdata" name="r_data_functions_work"/>
    <testcase time="0.402999999999999" classname="rdata" name="r_data_functions_work"/>
    <testcase time="0.788" classname="rdata" name="r_data_functions_work"/>
    <testcase time="0.548999999999999" classname="rdata" name="r_data_functions_work"/>
    <testcase time="1.216" classname="rdata" name="r_data_functions_work"/>
    <testcase time="0.0199999999999996" classname="rdata" name="r_data_with_cached_TRUE"/>
    <testcase time="0.00900000000000034" classname="rdata" name="r_data_with_cached_TRUE"/>
    <testcase time="0.0109999999999992" classname="rdata" name="r_data_with_cached_TRUE"/>
    <testcase time="0.0109999999999992" classname="rdata" name="r_data_with_cached_TRUE"/>
    <testcase time="0.00400000000000134" classname="rdata" name="r_data_with_cached_TRUE"/>
    <testcase time="0.0389999999999979" classname="rdata" name="r_data_with_cached_TRUE"/>
    <testcase time="0.0210000000000008" classname="rdata" name="r_data_with_cached_TRUE"/>
    <testcase time="0.0420000000000016" classname="rdata" name="r_data_with_cached_TRUE"/>
    <testcase time="0.0289999999999999" classname="rdata" name="r_data_with_cached_TRUE"/>
    <testcase time="0.00799999999999912" classname="rdata" name="r_data_with_cached_TRUE"/>
    <testcase time="0.00300000000000011" classname="rdata" name="r_data_with_cached_TRUE"/>
    <testcase time="0.00300000000000011" classname="rdata" name="r_data_with_cached_TRUE"/>
    <testcase time="0.152999999999999" classname="rdata" name="r_data_with_cached_TRUE"/>
    <testcase time="0.0340000000000025" classname="rdata" name="r_data_with_cached_TRUE"/>
    <testcase time="0.0109999999999992" classname="rdata" name="r_data_with_cached_TRUE"/>
    <testcase time="0.00799999999999912" classname="rdata" name="r_data_with_cached_TRUE"/>
    <testcase time="0.0180000000000007" classname="rdata" name="r_data_with_cached_TRUE"/>
    <testcase time="0.0069999999999979" classname="rdata" name="r_data_with_cached_TRUE"/>
    <testcase time="0.0400000000000027" classname="rdata" name="r_data_with_cached_TRUE"/>
    <testcase time="0.684999999999999" classname="rdata" name="seed_works"/>
    <testcase time="0.486000000000001" classname="rdata" name="metadata_matches_radsl"/>
    <testcase time="1.321" classname="rdata" name="metadata_matches_radab"/>
    <testcase time="1.325" classname="rdata" name="metadata_matches_radae"/>
    <testcase time="1.901" classname="rdata" name="metadata_matches_radaette"/>
    <testcase time="0.727999999999998" classname="rdata" name="metadata_matches_radcm"/>
    <testcase time="0.598000000000003" classname="rdata" name="metadata_matches_raddv"/>
    <testcase time="3.331" classname="rdata" name="metadata_matches_radeg"/>
    <testcase time="4.174" classname="rdata" name="metadata_matches_radex"/>
    <testcase time="0.723000000000006" classname="rdata" name="metadata_matches_radhy"/>
    <testcase time="2.066" classname="rdata" name="metadata_matches_radlb"/>
    <testcase time="0.673000000000002" classname="rdata" name="metadata_matches_radmh"/>
    <testcase time="0.505000000000003" classname="rdata" name="metadata_matches_radpc"/>
    <testcase time="0.433999999999997" classname="rdata" name="metadata_matches_radpp"/>
    <testcase time="3.761" classname="rdata" name="metadata_matches_radqlqc"/>
    <testcase time="1.215" classname="rdata" name="metadata_matches_radqs"/>
    <testcase time="0.718000000000004" classname="rdata" name="metadata_matches_radrs"/>
    <testcase time="0.898999999999994" classname="rdata" name="metadata_matches_radsub"/>
    <testcase time="1.093" classname="rdata" name="metadata_matches_radtr"/>
    <testcase time="0.881999999999998" classname="rdata" name="metadata_matches_radtte"/>
    <testcase time="1.564" classname="rdata" name="metadata_matches_radvs"/>
    <testcase time="1.692" classname="rdata" name="radsl_works_with_large_N"/>
    <testcase time="0.0100000000000051" classname="rdata" name="radsl_has_no_LSTALVDT_greater_than_DTHDT"/>
    <testcase time="6.92599999999999" classname="rdata" name="radcm_works_with_who_coding_TRUE"/>
  </testsuite>
  <testsuite name="utils" timestamp="2023-03-17T15:50:24Z" hostname="5a5353d307b5" tests="21" skipped="0" failures="0" errors="0" time="0.571">
    <testcase time="0.0220000000000056" classname="utils" name="get_cached_data_returns_correct_error_message"/>
    <testcase time="0.00899999999999324" classname="utils" name="sample_fct_works_as_expected"/>
    <testcase time="0.00200000000000244" classname="utils" name="relvar_init_works_as_expected"/>
    <testcase time="0.0069999999999979" classname="utils" name="relvar_init_returns_correct_error_message"/>
    <testcase time="0.0130000000000052" classname="utils" name="rel_var_works_as_expected"/>
    <testcase time="0.00199999999999534" classname="utils" name="rel_var_works_as_expected"/>
    <testcase time="0.00400000000000489" classname="utils" name="visit_schedule_works_with_WEEK_visit_format"/>
    <testcase time="0.00300000000000011" classname="utils" name="visit_schedule_works_with_CycLe_visit_format"/>
    <testcase time="0.403999999999996" classname="utils" name="retain_works_as_expected"/>
    <testcase time="0.00300000000000011" classname="utils" name="var_relabel_works_as_expected"/>
    <testcase time="0.0069999999999979" classname="utils" name="var_relabel_returns_correct_error_message"/>
    <testcase time="0.00200000000000244" classname="utils" name="replace_na_works_as_expected"/>
    <testcase time="0.000999999999997669" classname="utils" name="replace_na_works_as_expected"/>
    <testcase time="0.0790000000000006" classname="utils" name="mutate_na_works_as_expected"/>
    <testcase time="0.00200000000000244" classname="utils" name="mutate_na_works_as_expected"/>
    <testcase time="0.000999999999997669" classname="utils" name="mutate_na_works_as_expected"/>
    <testcase time="0.00100000000000477" classname="utils" name="mutate_na_works_as_expected"/>
    <testcase time="0.00300000000000011" classname="utils" name="rtpois_works_as_expected"/>
    <testcase time="0.00300000000000011" classname="utils" name="rtexp_works_as_expected"/>
    <testcase time="0.00199999999999534" classname="utils" name="rtexp_works_as_expected"/>
    <testcase time="0.00100000000000477" classname="utils" name="rtexp_works_as_expected"/>
  </testsuite>
</testsuites>
